SF:lib/src/app.dart
DA:28,2
DA:61,0
DA:181,2
DA:182,2
DA:183,2
DA:184,2
DA:185,2
DA:186,2
DA:189,1
DA:191,2
DA:194,2
DA:196,2
DA:197,2
DA:199,0
DA:200,0
DA:201,0
DA:202,0
DA:203,0
DA:204,0
DA:207,0
DA:210,0
DA:215,2
DA:219,2
DA:221,2
DA:222,2
DA:224,2
DA:226,2
DA:228,2
DA:229,4
DA:230,2
DA:231,2
DA:232,4
DA:235,2
DA:236,2
DA:237,2
DA:245,2
DA:246,0
DA:247,0
DA:248,0
DA:249,0
DA:250,0
DA:251,0
DA:253,0
DA:254,0
DA:255,0
DA:256,0
DA:257,0
DA:258,0
DA:259,0
DA:260,0
DA:261,0
DA:262,0
DA:263,0
DA:264,0
DA:268,2
DA:269,2
DA:270,2
DA:271,2
DA:272,2
DA:273,2
DA:274,2
DA:275,2
DA:276,2
DA:277,2
DA:279,2
DA:280,2
DA:281,2
DA:282,2
DA:283,2
DA:284,2
DA:285,2
DA:286,2
DA:287,2
DA:288,2
DA:289,2
DA:290,2
DA:296,2
DA:297,7
DA:304,2
DA:309,2
DA:312,2
DA:315,2
DA:318,2
DA:321,2
DA:324,2
DA:329,4
DA:331,2
DA:338,2
DA:343,2
DA:345,2
DA:346,2
DA:349,2
DA:362,2
DA:364,1
DA:371,1
DA:388,1
DA:390,1
DA:391,2
LF:98
LH:71
end_of_record
SF:lib/src/theme.dart
DA:20,4
DA:24,4
DA:32,4
DA:35,4
DA:37,8
DA:38,4
DA:40,8
DA:45,4
DA:49,4
DA:56,3
DA:60,3
DA:69,1
DA:73,1
DA:74,1
DA:82,1
DA:85,1
DA:91,1
DA:97,1
DA:100,2
DA:101,1
DA:103,2
DA:107,4
DA:108,4
DA:110,2
DA:111,0
DA:112,0
DA:113,0
DA:114,0
DA:115,0
DA:119,4
DA:121,5
DA:122,6
DA:123,4
DA:124,4
DA:125,8
DA:126,0
DA:136,3
DA:139,2
DA:140,2
DA:141,2
DA:146,0
DA:147,0
DA:148,0
DA:152,1
DA:155,1
DA:156,0
DA:157,1
DA:160,2
DA:162,2
DA:163,6
DA:164,6
DA:166,0
DA:167,0
DA:178,3
DA:187,2
DA:188,3
DA:191,2
DA:192,4
DA:194,1
DA:195,3
DA:197,0
DA:199,0
DA:218,1
DA:236,1
DA:238,1
DA:239,2
DA:241,2
DA:242,0
DA:243,3
DA:249,2
DA:250,1
DA:251,2
DA:252,2
DA:255,1
DA:256,1
DA:257,1
LF:76
LH:61
end_of_record
SF:lib/src/tokens/alias_colors.dart
DA:8,8
DA:24,4
DA:46,4
DA:49,5
DA:52,2
DA:53,4
DA:54,3
DA:55,3
DA:56,3
DA:57,4
DA:58,3
DA:59,3
DA:60,3
DA:61,2
DA:62,1
DA:63,2
DA:64,1
DA:65,2
DA:66,1
DA:67,3
DA:68,3
DA:69,3
DA:70,3
DA:71,2
DA:72,1
DA:73,2
DA:74,1
DA:75,2
DA:76,1
DA:77,3
DA:78,3
DA:79,3
DA:80,3
DA:81,3
DA:82,3
DA:83,2
DA:84,1
DA:85,3
DA:86,2
DA:87,2
DA:88,4
DA:89,2
DA:90,2
DA:91,2
DA:92,2
DA:93,2
DA:94,2
DA:95,3
DA:96,4
DA:97,2
DA:98,1
DA:99,2
DA:100,1
DA:101,2
DA:102,1
DA:103,2
DA:104,1
DA:105,3
DA:106,3
DA:107,3
DA:108,3
DA:109,3
DA:110,3
DA:111,2
DA:112,1
DA:113,2
DA:114,1
DA:115,3
DA:116,2
DA:117,1
DA:118,2
DA:119,1
DA:120,3
DA:121,3
DA:122,3
DA:123,3
DA:124,3
DA:125,2
DA:126,1
DA:127,2
DA:128,1
DA:129,3
DA:130,3
DA:131,2
DA:132,1
DA:133,2
DA:134,1
DA:135,4
DA:136,3
DA:137,3
DA:138,3
DA:139,3
DA:140,3
DA:141,3
DA:142,3
DA:143,3
DA:144,3
DA:145,3
DA:146,3
DA:147,3
DA:148,3
DA:149,3
DA:150,3
DA:151,3
DA:152,3
DA:153,3
DA:154,3
DA:155,3
DA:156,3
DA:157,3
DA:158,3
DA:159,3
DA:160,3
DA:161,4
DA:162,2
DA:163,1
DA:164,2
DA:165,1
DA:166,2
DA:167,1
DA:168,4
DA:169,3
DA:170,3
DA:171,3
DA:172,3
DA:173,2
DA:174,1
DA:175,3
DA:176,3
DA:177,3
DA:178,3
DA:179,2
DA:180,1
DA:181,2
DA:182,1
DA:183,2
DA:184,1
DA:185,3
DA:186,2
DA:187,1
DA:188,2
DA:189,1
DA:190,2
DA:191,1
DA:192,3
DA:193,3
DA:194,2
DA:195,1
DA:196,2
DA:197,1
DA:198,3
DA:199,3
DA:200,3
DA:201,3
DA:202,3
DA:203,3
DA:204,4
DA:205,2
DA:206,2
DA:207,2
DA:208,2
DA:209,1
DA:210,1
DA:211,1
DA:212,1
DA:213,2
DA:214,2
DA:215,2
DA:216,2
DA:217,2
DA:218,2
DA:219,2
DA:220,1
DA:221,1
DA:222,1
DA:223,1
DA:224,1
DA:225,1
DA:226,2
DA:227,2
DA:228,1
DA:229,1
DA:230,1
DA:231,1
DA:232,1
DA:233,1
DA:234,2
DA:235,1
DA:236,1
DA:237,1
DA:238,1
DA:239,1
DA:240,1
DA:241,2
DA:242,2
DA:243,2
DA:244,2
DA:245,2
DA:246,2
DA:247,2
DA:248,2
DA:249,2
DA:250,2
DA:251,2
DA:252,2
DA:253,2
DA:254,2
DA:255,1
DA:256,1
DA:257,1
DA:258,1
DA:259,2
DA:260,2
DA:261,2
DA:262,2
DA:263,2
DA:264,2
DA:265,2
DA:266,2
DA:267,2
DA:268,2
DA:269,1
DA:270,1
DA:271,2
DA:272,1
DA:273,1
DA:274,2
DA:275,2
DA:276,2
DA:277,2
DA:278,2
DA:279,2
DA:280,2
DA:281,2
DA:282,2
DA:283,2
DA:284,2
DA:285,2
DA:286,2
DA:287,2
DA:288,2
DA:289,2
DA:290,1
DA:291,1
DA:292,1
DA:293,1
DA:294,2
DA:295,2
DA:296,2
DA:297,1
DA:298,1
DA:299,2
DA:300,2
DA:301,2
DA:302,2
DA:303,2
DA:304,2
DA:305,2
DA:306,2
DA:307,2
DA:308,1
DA:309,1
DA:310,2
DA:311,2
DA:312,2
DA:313,2
DA:314,2
DA:315,2
DA:316,2
DA:317,2
DA:318,2
DA:319,1
DA:320,1
DA:321,2
DA:322,2
DA:323,2
DA:324,2
DA:325,2
DA:326,2
DA:327,2
DA:328,2
DA:329,2
DA:330,1
DA:331,1
DA:332,2
DA:333,2
DA:334,2
DA:335,2
DA:336,2
DA:343,1
DA:344,1
DA:345,1
DA:346,1
DA:347,3
DA:350,12
DA:353,1
DA:354,2
DA:357,3
DA:361,4
DA:362,12
DA:365,2
DA:367,1
DA:371,2
DA:373,1
DA:377,2
DA:379,1
DA:383,1
DA:384,3
DA:387,2
DA:389,2
DA:393,2
DA:395,1
DA:399,2
DA:401,1
DA:405,2
DA:407,3
DA:411,2
DA:413,3
DA:417,2
DA:419,3
DA:423,1
DA:424,3
DA:427,2
DA:429,2
DA:433,2
DA:435,1
DA:439,2
DA:441,1
DA:445,2
DA:447,3
DA:451,2
DA:453,3
DA:457,2
DA:459,3
DA:463,1
DA:464,3
DA:467,1
DA:468,3
DA:471,2
DA:473,2
DA:477,2
DA:479,1
DA:483,2
DA:485,1
DA:489,2
DA:491,2
DA:495,2
DA:501,1
DA:502,2
DA:505,1
DA:506,1
DA:509,2
DA:511,1
DA:515,2
DA:517,1
DA:521,2
DA:523,1
DA:527,2
DA:529,1
DA:533,2
DA:535,1
DA:539,1
DA:540,1
DA:543,1
DA:544,1
DA:547,2
DA:553,2
DA:559,2
DA:566,2
DA:568,3
DA:572,2
DA:574,3
DA:578,2
DA:580,3
DA:584,2
DA:586,3
DA:590,2
DA:592,2
DA:596,2
DA:598,2
DA:602,2
DA:604,1
DA:608,2
DA:610,1
DA:614,2
DA:616,3
DA:620,2
DA:622,3
DA:626,2
DA:628,3
DA:632,2
DA:634,3
DA:638,2
DA:640,3
DA:644,2
DA:646,3
DA:650,2
DA:652,3
DA:656,2
DA:658,3
DA:662,2
DA:664,3
DA:668,2
DA:670,3
DA:674,1
DA:675,3
DA:678,1
DA:679,3
DA:682,1
DA:683,3
DA:686,1
DA:687,3
DA:691,2
DA:692,6
DA:695,2
DA:697,2
DA:701,2
DA:703,2
DA:707,2
DA:709,2
DA:713,2
DA:714,6
DA:717,2
DA:719,2
DA:723,2
DA:725,2
DA:729,2
DA:731,2
DA:735,1
DA:736,3
DA:739,2
DA:741,2
DA:745,2
DA:747,2
DA:751,2
DA:753,2
DA:757,1
DA:758,3
DA:761,2
DA:763,2
DA:767,2
DA:769,2
DA:773,2
DA:775,1
DA:779,1
DA:780,3
DA:783,2
DA:785,2
DA:789,2
DA:791,2
DA:795,2
DA:797,2
DA:801,1
DA:802,3
DA:805,1
DA:806,1
DA:809,2
DA:811,2
DA:815,2
DA:817,2
DA:821,1
DA:822,1
DA:825,1
DA:826,3
DA:829,2
DA:831,2
DA:835,2
DA:837,2
DA:841,2
DA:843,2
DA:847,2
DA:849,2
DA:853,2
DA:855,2
DA:859,2
DA:861,1
DA:867,2
DA:869,1
DA:875,2
DA:877,2
DA:881,2
DA:883,1
DA:887,2
DA:893,1
DA:894,1
DA:897,2
DA:899,2
DA:903,2
DA:905,2
DA:909,2
DA:911,2
DA:915,2
DA:917,1
DA:923,2
DA:925,1
DA:931,2
DA:937,1
DA:938,1
DA:941,2
DA:947,2
DA:953,2
DA:959,1
DA:960,1
DA:963,1
DA:964,1
DA:967,1
DA:968,1
DA:971,1
DA:972,1
DA:975,1
DA:976,3
DA:979,1
DA:980,3
DA:983,2
DA:985,1
DA:991,2
DA:993,1
DA:999,2
DA:1001,2
DA:1005,2
DA:1007,1
DA:1014,4
DA:1016,8
DA:1020,2
DA:1022,3
DA:1026,1
DA:1027,3
DA:1030,1
DA:1031,3
DA:1034,2
DA:1036,3
DA:1040,2
DA:1042,3
DA:1046,2
DA:1048,3
DA:1052,1
DA:1053,3
DA:1056,2
DA:1058,3
DA:1062,2
DA:1064,3
DA:1068,2
DA:1070,3
DA:1074,1
DA:1075,3
DA:1078,1
DA:1079,3
DA:1082,1
DA:1083,1
DA:1086,1
DA:1087,3
DA:1090,2
DA:1092,2
DA:1096,2
DA:1098,2
DA:1103,2
DA:1105,2
DA:1109,2
DA:1111,1
DA:1115,2
DA:1117,2
DA:1121,2
DA:1123,2
DA:1127,2
DA:1129,2
DA:1134,2
DA:1136,2
DA:1140,2
DA:1142,2
DA:1146,2
DA:1148,2
DA:1152,2
DA:1154,3
DA:1158,1
DA:1159,3
DA:1162,1
DA:1163,3
DA:1166,2
DA:1168,2
DA:1172,2
DA:1174,2
DA:1178,1
DA:1179,3
DA:1182,1
DA:1183,3
DA:1186,1
DA:1187,3
DA:1190,1
DA:1191,3
DA:1194,2
DA:1196,2
DA:1200,2
DA:1202,2
DA:1206,1
DA:1207,3
DA:1210,2
DA:1212,1
DA:1216,1
DA:1217,1
DA:1220,1
DA:1221,1
DA:1224,1
DA:1225,1
DA:1228,1
DA:1229,1
DA:1232,1
DA:1233,4
DA:1236,1
DA:1237,4
DA:1240,2
DA:1242,3
DA:1246,2
DA:1248,3
DA:1252,2
DA:1254,3
DA:1258,2
DA:1260,3
DA:1264,2
DA:1266,3
DA:1270,2
DA:1272,3
DA:1276,2
DA:1278,2
DA:1282,2
DA:1284,2
DA:1288,2
DA:1294,2
DA:1295,2
DA:1298,1
DA:1299,1
DA:1302,1
DA:1303,1
DA:1306,2
DA:1308,1
DA:1314,2
DA:1321,2
DA:1322,4
DA:1325,2
DA:1326,4
DA:1330,4
DA:1332,4
DA:1336,4
DA:1338,4
DA:1342,2
DA:1344,2
DA:1348,2
DA:1350,2
DA:1354,2
DA:1356,2
DA:1360,2
DA:1362,2
DA:1366,2
DA:1372,2
DA:1379,4
DA:1381,2
DA:1385,2
DA:1387,1
DA:1391,4
DA:1397,2
DA:1403,2
DA:1409,2
DA:1411,1
DA:1415,2
DA:1417,1
DA:1421,2
DA:1423,1
DA:1427,2
DA:1429,1
DA:1433,2
DA:1435,1
DA:1439,2
DA:1441,1
DA:1445,2
DA:1447,1
DA:1451,2
DA:1453,1
DA:1457,2
DA:1459,1
DA:1463,2
DA:1469,4
DA:1471,2
DA:1475,2
DA:1477,1
DA:1481,2
DA:1483,1
DA:1487,2
DA:1489,1
DA:1493,2
DA:1495,1
DA:1499,2
DA:1501,1
DA:1505,2
DA:1507,1
DA:1511,4
DA:1513,2
DA:1517,2
DA:1519,1
DA:1523,2
DA:1529,2
DA:1531,1
DA:1535,2
DA:1537,1
DA:1541,2
DA:1543,1
DA:1547,2
DA:1549,1
DA:1553,2
DA:1555,1
DA:1559,2
DA:1561,1
DA:1565,2
DA:1567,1
DA:1576,2
DA:1578,1
DA:1582,2
DA:1584,1
DA:1588,2
DA:1594,4
DA:1596,2
DA:1600,2
DA:1602,1
DA:1606,2
DA:1608,1
DA:1612,2
DA:1614,1
DA:1618,2
DA:1620,1
DA:1624,2
DA:1626,1
DA:1630,4
DA:1636,2
DA:1642,2
DA:1644,1
DA:1647,2
DA:1649,2
DA:1650,6
DA:1651,6
DA:1652,6
DA:1653,6
DA:1655,1
DA:1656,1
DA:1657,1
DA:1658,1
DA:1659,1
DA:1662,2
DA:1663,3
DA:1666,2
DA:1671,3
DA:1672,2
DA:1673,4
LF:750
LH:750
end_of_record
SF:lib/src/tokens/brand_generator.dart
DA:36,1
DA:42,1
DA:43,1
DA:44,2
DA:46,1
DA:51,1
DA:52,5
DA:54,1
DA:57,5
DA:59,1
DA:62,1
DA:63,2
DA:71,1
DA:76,1
DA:77,3
DA:78,1
DA:79,1
DA:80,1
DA:81,3
DA:84,1
DA:86,4
DA:87,1
DA:92,1
DA:93,1
DA:94,9
DA:97,2
DA:98,7
DA:99,7
DA:100,7
DA:108,1
DA:112,1
DA:114,2
DA:115,2
DA:116,2
DA:118,3
DA:119,3
DA:120,3
DA:123,1
DA:132,1
DA:137,1
DA:138,1
DA:139,8
DA:144,1
DA:149,2
DA:151,1
DA:152,6
DA:153,1
DA:155,1
DA:157,2
DA:160,3
DA:164,8
DA:165,1
DA:168,3
DA:169,3
DA:170,4
DA:172,1
DA:173,2
DA:174,6
DA:175,6
DA:176,6
DA:186,1
DA:192,1
DA:193,0
DA:195,3
DA:196,3
DA:198,1
DA:199,1
DA:200,1
DA:201,2
DA:203,3
DA:204,4
DA:205,2
DA:206,3
DA:208,4
DA:209,4
DA:219,1
DA:220,2
DA:221,6
DA:226,1
DA:227,1
DA:228,2
DA:229,1
DA:230,1
DA:233,1
DA:234,2
DA:235,1
DA:240,2
DA:242,2
DA:274,2
DA:275,14
DA:276,14
DA:277,14
DA:280,3
DA:281,1
DA:282,1
DA:283,2
DA:284,5
DA:285,1
DA:287,3
DA:288,2
DA:289,1
DA:290,1
DA:291,6
DA:293,1
DA:294,1
DA:296,1
DA:297,1
DA:298,3
DA:299,3
DA:300,3
DA:303,4
DA:304,1
DA:305,12
DA:308,1
DA:309,3
DA:310,3
DA:311,3
DA:312,1
DA:313,2
DA:314,2
DA:315,3
DA:316,3
DA:317,5
DA:318,2
DA:319,2
DA:320,2
DA:321,3
DA:323,1
DA:324,3
DA:325,3
DA:326,3
DA:330,1
DA:331,5
DA:332,1
DA:333,1
DA:334,8
DA:335,2
DA:339,2
DA:340,1
DA:341,6
DA:342,6
DA:345,1
DA:346,5
DA:348,1
DA:349,4
DA:351,1
DA:352,2
DA:354,1
DA:355,4
DA:359,1
DA:360,1
DA:361,1
DA:362,3
DA:363,3
DA:364,2
DA:370,1
DA:371,3
DA:372,1
DA:373,3
DA:374,1
DA:375,4
DA:380,1
DA:381,1
DA:382,3
DA:383,3
DA:384,2
DA:385,2
DA:386,2
DA:387,1
DA:390,1
DA:392,1
DA:393,3
DA:394,1
DA:395,3
DA:397,3
DA:399,2
DA:400,2
LF:177
LH:176
end_of_record
SF:lib/src/tokens/elevation.dart
DA:33,2
DA:34,2
DA:35,4
DA:47,1
DA:48,4
DA:49,4
DA:50,3
DA:53,1
DA:54,6
DA:60,1
DA:61,6
DA:65,0
DA:66,0
DA:67,0
DA:68,0
LF:15
LH:11
end_of_record
SF:lib/src/tokens/global_colors.dart
DA:18,2
DA:27,1
DA:31,1
DA:32,1
DA:42,3
DA:44,15
DA:45,1
DA:47,12
DA:213,1
DA:214,1
LF:10
LH:10
end_of_record
SF:lib/src/tokens/layout.dart
DA:65,2
DA:67,0
DA:68,0
DA:69,0
DA:70,0
DA:71,0
DA:72,0
DA:73,0
DA:74,0
DA:75,0
DA:76,0
DA:77,0
DA:142,1
DA:143,4
LF:14
LH:3
end_of_record
SF:lib/src/tokens/materials.dart
DA:26,1
DA:31,3
DA:34,1
DA:37,1
DA:38,1
DA:41,0
DA:42,0
DA:45,1
DA:46,1
DA:49,1
DA:50,1
DA:53,1
DA:54,1
LF:13
LH:11
end_of_record
SF:lib/src/tokens/palette_colors.dart
DA:131,1
DA:136,3
DA:139,1
DA:140,2
DA:219,1
DA:220,2
DA:299,1
DA:300,2
DA:379,0
DA:380,0
DA:403,0
DA:404,0
DA:427,1
DA:428,2
DA:451,0
DA:452,0
DA:463,0
DA:464,0
DA:487,0
DA:488,0
DA:503,0
DA:504,0
DA:527,0
DA:528,0
LF:24
LH:10
end_of_record
SF:lib/src/tokens/shared_colors.dart
DA:168,2
DA:913,2
LF:2
LH:2
end_of_record
SF:lib/src/tokens/theme_variants.dart
DA:15,2
DA:18,2
DA:20,1
DA:22,5
DA:24,0
DA:26,0
DA:28,1
DA:30,2
DA:31,0
DA:32,0
DA:34,0
DA:36,0
DA:37,0
DA:39,0
DA:41,0
DA:42,0
DA:44,0
DA:47,0
DA:49,0
DA:50,0
DA:51,0
DA:53,0
DA:55,0
DA:56,0
DA:58,0
DA:60,0
DA:61,0
DA:63,0
DA:66,0
DA:68,0
DA:69,0
DA:70,0
DA:72,0
DA:74,0
DA:75,0
DA:77,0
DA:79,0
DA:80,0
DA:82,0
DA:85,1
DA:87,2
DA:88,0
DA:89,0
DA:91,0
DA:93,0
DA:94,0
DA:98,0
DA:99,0
DA:101,0
DA:104,0
DA:106,0
DA:107,0
DA:109,0
DA:110,0
DA:112,0
DA:126,3
DA:127,3
DA:129,1
DA:131,4
DA:143,3
DA:145,3
DA:146,0
DA:148,0
DA:149,0
DA:151,0
DA:152,0
DA:153,0
DA:157,1
DA:159,1
DA:160,0
DA:162,0
DA:163,0
DA:165,0
DA:166,0
DA:167,0
DA:171,0
DA:172,0
DA:176,0
DA:177,0
DA:181,0
DA:182,0
DA:186,0
DA:188,0
DA:189,0
DA:191,0
DA:192,0
DA:194,0
DA:195,0
DA:196,0
DA:200,0
DA:201,0
DA:205,0
DA:206,0
DA:210,0
DA:211,0
DA:215,0
DA:217,0
DA:218,0
DA:220,0
DA:221,0
DA:223,0
DA:224,0
DA:226,0
DA:227,0
DA:228,0
DA:232,0
DA:234,0
DA:235,0
DA:236,0
DA:242,0
DA:244,0
DA:245,1
DA:247,1
DA:263,1
DA:265,1
DA:266,1
DA:268,1
DA:269,1
DA:271,1
DA:272,1
DA:274,1
DA:275,0
DA:277,0
DA:278,1
DA:280,1
DA:281,0
DA:283,0
DA:284,0
DA:286,0
DA:287,0
DA:288,0
DA:292,0
DA:293,0
DA:299,1
DA:301,1
DA:302,0
DA:304,0
DA:305,0
DA:307,0
DA:308,0
DA:310,0
DA:311,0
DA:313,0
DA:314,0
DA:316,0
DA:317,0
DA:319,0
DA:320,0
DA:322,0
DA:325,0
DA:327,0
DA:328,0
DA:330,0
DA:331,0
DA:332,0
DA:336,0
DA:338,0
DA:339,0
DA:341,0
DA:342,0
DA:344,0
DA:345,0
DA:347,0
DA:348,0
DA:350,0
DA:351,0
DA:352,0
DA:356,0
DA:357,0
DA:361,0
DA:363,0
DA:364,0
DA:365,0
DA:369,0
DA:370,0
DA:374,0
DA:375,0
DA:381,2
DA:383,2
DA:384,1
DA:386,1
DA:387,0
DA:389,0
DA:390,0
DA:392,0
DA:393,0
DA:395,0
DA:396,0
DA:398,0
DA:399,0
DA:401,0
DA:402,0
DA:404,0
DA:405,0
DA:407,0
DA:408,0
DA:410,0
DA:411,0
DA:413,0
DA:414,0
DA:416,0
DA:417,0
DA:419,0
DA:420,0
DA:422,0
DA:423,0
DA:425,0
DA:426,0
DA:428,0
DA:429,0
DA:431,0
DA:432,0
DA:434,0
DA:435,0
DA:437,0
DA:438,0
DA:440,0
DA:441,0
DA:443,0
DA:444,0
DA:446,0
DA:447,0
DA:449,0
DA:450,0
DA:452,0
DA:453,0
DA:455,0
DA:456,0
DA:458,0
DA:459,1
DA:461,1
DA:462,0
DA:463,0
DA:467,0
DA:468,0
DA:472,0
DA:473,0
DA:477,1
DA:479,1
DA:480,0
DA:482,0
DA:483,0
DA:485,0
DA:486,0
DA:488,0
DA:489,0
DA:491,0
DA:492,0
DA:493,0
DA:498,0
DA:500,0
DA:501,0
DA:503,0
DA:504,0
DA:506,0
DA:507,0
DA:508,0
DA:512,0
DA:513,0
DA:517,0
DA:518,0
DA:522,0
DA:524,0
DA:525,0
DA:526,0
DA:530,0
DA:531,0
DA:538,1
DA:540,1
DA:541,0
DA:543,0
DA:544,0
DA:546,0
DA:548,0
DA:550,0
DA:551,0
DA:553,0
DA:554,0
DA:556,0
DA:557,0
DA:559,0
DA:560,0
DA:561,0
DA:565,0
DA:567,0
DA:570,2
DA:572,2
DA:573,0
DA:575,0
DA:576,0
DA:578,0
DA:579,0
DA:581,0
DA:582,0
DA:584,0
DA:585,0
DA:587,0
DA:588,0
DA:589,0
DA:593,0
DA:595,0
DA:596,0
DA:598,0
DA:599,0
DA:601,0
DA:602,0
DA:604,0
DA:605,0
DA:607,0
DA:608,0
DA:610,0
DA:611,0
DA:613,0
DA:614,0
DA:616,0
DA:617,0
DA:618,0
DA:622,0
DA:623,0
DA:629,0
DA:631,0
DA:632,0
DA:634,0
DA:635,0
DA:637,0
DA:638,0
DA:640,0
DA:641,0
DA:643,0
DA:646,0
DA:648,0
DA:649,0
DA:651,0
DA:652,0
DA:653,0
DA:657,0
DA:658,0
DA:662,0
DA:664,0
DA:665,0
DA:667,0
DA:668,0
DA:670,0
DA:671,0
DA:673,0
DA:674,0
DA:676,0
DA:677,0
DA:679,0
DA:680,0
DA:682,0
DA:683,0
DA:685,0
DA:686,0
DA:688,0
DA:689,0
DA:691,0
DA:692,0
DA:694,0
DA:695,0
DA:697,0
DA:698,0
DA:700,0
DA:701,0
DA:703,0
DA:704,0
DA:706,0
DA:707,0
DA:709,0
DA:710,0
DA:711,0
DA:712,0
DA:713,0
DA:714,0
DA:716,0
DA:717,0
DA:719,0
DA:720,0
DA:722,0
DA:723,0
DA:725,0
DA:726,0
DA:728,0
DA:729,0
DA:731,0
DA:732,0
DA:734,0
DA:735,0
DA:737,0
DA:738,0
DA:740,0
DA:743,1
DA:745,1
DA:746,0
DA:748,0
DA:749,0
DA:751,0
DA:753,0
DA:755,0
DA:756,0
DA:758,0
DA:759,0
DA:761,0
DA:762,0
DA:764,0
DA:769,0
DA:771,0
DA:772,0
DA:774,0
DA:775,0
DA:777,0
DA:778,0
DA:780,0
DA:781,0
DA:782,0
DA:786,0
DA:788,0
DA:789,0
DA:791,0
DA:792,0
DA:794,0
DA:795,0
DA:797,0
DA:798,0
DA:800,0
DA:801,0
DA:803,0
DA:804,0
DA:806,0
DA:808,0
DA:810,0
DA:811,0
DA:813,0
DA:814,0
DA:816,0
DA:817,0
DA:819,0
DA:820,0
DA:822,0
DA:823,0
DA:825,0
DA:826,0
DA:828,0
DA:829,0
DA:831,0
DA:832,0
DA:834,0
DA:835,0
DA:837,0
DA:839,0
DA:841,0
DA:842,0
DA:844,0
DA:845,0
DA:847,0
DA:848,0
DA:850,0
DA:851,0
DA:853,0
DA:854,0
DA:856,0
DA:857,0
DA:859,0
DA:860,0
DA:862,0
DA:863,0
DA:865,0
DA:866,0
DA:868,0
LF:469
LH:44
end_of_record
SF:lib/src/tokens/typography.dart
DA:83,4
DA:108,2
DA:109,2
DA:113,0
DA:114,0
DA:116,2
DA:117,4
DA:118,4
DA:122,2
DA:131,2
DA:132,2
DA:133,2
DA:134,2
DA:135,2
DA:136,2
DA:137,2
DA:138,2
DA:139,2
DA:140,2
DA:141,2
DA:144,2
DA:152,2
DA:153,2
DA:154,2
DA:155,2
DA:156,2
DA:157,2
DA:163,2
DA:164,4
DA:165,4
DA:169,2
DA:178,2
DA:179,2
DA:180,2
DA:181,2
DA:182,2
DA:183,2
DA:184,2
DA:185,2
DA:186,2
DA:191,2
DA:194,2
DA:198,2
DA:203,2
DA:204,2
DA:209,1
DA:210,1
DA:211,1
DA:216,1
DA:217,2
DA:220,1
DA:229,1
DA:230,1
DA:231,1
DA:232,1
DA:233,1
DA:234,1
DA:235,1
DA:240,1
DA:243,1
DA:246,1
DA:247,1
DA:248,1
DA:250,1
DA:251,1
DA:252,1
DA:253,1
DA:259,1
DA:260,1
DA:261,1
DA:266,1
DA:267,2
DA:270,1
DA:279,1
DA:280,1
DA:281,1
DA:282,1
DA:283,1
DA:284,1
DA:285,1
DA:286,1
DA:287,1
DA:288,1
DA:289,1
DA:290,1
DA:291,1
DA:292,1
DA:293,1
DA:294,1
DA:295,1
DA:296,1
DA:297,1
DA:302,4
DA:303,8
DA:304,4
DA:309,4
DA:313,4
DA:324,4
DA:326,4
DA:327,4
DA:328,4
DA:329,4
DA:330,4
DA:331,4
DA:332,4
DA:333,4
DA:334,4
DA:335,4
DA:336,4
DA:337,4
DA:338,4
DA:339,4
DA:340,4
DA:341,4
DA:342,8
DA:343,8
DA:368,8
DA:369,8
DA:370,8
DA:371,8
DA:372,8
DA:373,8
DA:374,8
DA:375,8
DA:376,8
DA:377,8
DA:378,8
DA:379,8
DA:380,8
DA:381,8
DA:382,8
DA:383,8
DA:384,8
DA:385,8
DA:386,8
DA:395,2
DA:397,2
DA:398,6
DA:399,6
DA:400,6
DA:401,6
DA:402,6
DA:403,6
DA:404,6
DA:405,6
DA:406,6
DA:407,6
DA:408,6
DA:409,6
DA:410,6
DA:411,6
DA:412,6
DA:413,6
DA:414,6
DA:415,6
DA:417,1
DA:418,2
DA:419,1
DA:420,1
DA:421,1
DA:422,1
DA:423,1
DA:424,1
DA:425,1
DA:426,1
DA:427,1
DA:428,1
DA:429,1
DA:430,1
DA:431,1
DA:432,1
DA:433,1
DA:434,1
DA:435,1
DA:436,1
LF:175
LH:173
end_of_record
