SF:lib/src/buttons/button.dart
DA:73,35
DA:93,0
DA:103,35
DA:128,34
DA:136,34
DA:154,35
DA:158,35
DA:160,35
DA:161,42
DA:162,7
DA:163,7
DA:164,7
DA:165,7
DA:166,7
DA:168,58
DA:169,23
DA:170,23
DA:171,23
DA:172,23
DA:173,23
DA:175,23
DA:176,39
DA:177,16
DA:178,16
DA:179,16
DA:180,16
DA:186,16
DA:188,28
DA:189,14
DA:190,14
DA:191,14
DA:192,14
DA:193,14
DA:197,35
DA:198,42
DA:199,7
DA:200,7
DA:202,35
DA:203,46
DA:204,23
DA:205,23
DA:206,23
DA:207,23
DA:208,23
DA:210,37
DA:211,14
DA:212,14
DA:213,14
DA:214,14
DA:215,14
DA:219,32
DA:220,16
DA:221,16
DA:222,16
DA:223,16
DA:224,16
DA:229,70
DA:230,50
DA:233,23
DA:234,23
DA:235,23
DA:236,23
DA:237,23
DA:238,23
DA:247,35
DA:248,35
DA:253,34
DA:255,28
DA:260,56
DA:262,4
DA:267,8
DA:271,35
DA:272,35
DA:273,3
DA:274,1
DA:277,35
DA:281,35
DA:284,35
DA:285,35
DA:286,35
DA:287,35
DA:288,35
DA:301,70
DA:316,35
DA:321,70
DA:322,70
DA:323,58
DA:324,70
DA:325,70
DA:326,70
DA:327,70
DA:328,70
DA:329,70
DA:331,35
DA:332,35
DA:333,29
DA:334,29
DA:335,29
DA:337,81
DA:340,35
DA:341,64
DA:344,52
DA:347,14
DA:350,14
DA:351,14
DA:356,35
DA:357,35
DA:365,35
DA:366,70
DA:369,70
DA:370,35
DA:372,35
DA:373,35
DA:374,35
DA:375,35
DA:377,35
DA:378,35
DA:381,35
DA:382,23
DA:385,35
DA:399,3
DA:409,34
DA:410,37
DA:412,0
DA:414,0
DA:416,0
DA:418,0
DA:443,22
DA:463,21
DA:513,34
DA:515,34
DA:516,34
DA:517,34
DA:518,34
DA:519,34
DA:520,34
DA:521,34
DA:522,34
DA:526,34
DA:528,34
DA:529,136
DA:531,34
DA:532,34
DA:533,34
DA:534,34
DA:535,34
DA:536,34
DA:537,34
DA:540,34
DA:542,34
DA:543,34
LF:151
LH:146
end_of_record
SF:lib/src/buttons/button_style.dart
DA:22,37
DA:75,34
DA:77,15
DA:78,26
DA:79,28
DA:80,30
DA:81,28
DA:82,29
DA:83,30
DA:84,22
DA:85,30
DA:86,25
DA:87,22
DA:88,30
DA:93,2
DA:105,2
DA:106,2
DA:107,2
DA:108,2
DA:109,2
DA:110,2
DA:111,2
DA:112,2
DA:113,2
DA:114,2
DA:115,2
DA:116,2
DA:123,3
DA:135,3
DA:136,3
DA:137,3
DA:138,3
DA:139,3
DA:140,3
DA:141,3
DA:142,3
DA:143,3
DA:144,3
DA:145,3
DA:146,3
DA:149,3
DA:150,3
DA:152,0
DA:154,0
DA:155,0
DA:156,0
DA:157,0
DA:158,0
DA:159,0
DA:160,0
DA:161,0
DA:162,0
DA:163,0
DA:164,0
DA:165,0
DA:167,0
DA:168,0
DA:169,0
DA:170,0
DA:171,0
DA:172,0
DA:173,0
DA:174,0
DA:175,0
DA:176,0
DA:177,0
DA:178,0
DA:179,0
LF:68
LH:42
end_of_record
SF:lib/src/buttons/compound_button.dart
DA:23,2
DA:48,2
DA:50,1
DA:51,3
DA:52,2
DA:53,2
DA:58,0
DA:62,0
DA:63,0
DA:64,0
DA:65,0
DA:69,1
DA:73,1
DA:77,1
DA:80,1
DA:83,0
DA:85,0
DA:86,0
DA:87,0
DA:88,0
DA:90,0
DA:91,0
DA:103,2
DA:122,2
DA:143,4
DA:144,2
DA:145,2
DA:146,2
DA:147,2
DA:148,2
DA:149,2
DA:150,2
DA:155,2
DA:164,2
DA:183,2
DA:187,2
DA:194,2
DA:195,4
DA:196,2
DA:197,2
DA:199,2
DA:200,2
DA:201,4
DA:202,2
DA:203,2
DA:204,2
DA:205,2
DA:206,2
DA:210,4
DA:211,2
DA:212,2
DA:213,2
DA:214,2
DA:215,2
DA:222,2
DA:223,4
DA:224,2
DA:225,2
DA:227,2
DA:228,2
DA:229,4
DA:230,2
DA:231,2
DA:232,2
DA:233,2
DA:234,2
DA:236,4
DA:237,2
DA:238,2
DA:239,2
DA:240,2
DA:241,2
DA:250,2
DA:251,2
DA:253,4
DA:254,4
DA:256,2
DA:258,4
DA:259,4
DA:261,2
DA:263,4
DA:264,4
DA:268,2
DA:269,6
DA:271,2
DA:272,2
DA:273,2
DA:275,2
DA:284,2
DA:295,2
DA:300,2
DA:301,2
DA:306,4
DA:307,2
DA:310,2
DA:311,2
DA:312,2
DA:313,2
DA:314,4
DA:322,2
DA:323,2
DA:324,2
DA:325,2
DA:326,2
DA:329,2
DA:340,1
DA:350,2
DA:351,2
DA:352,1
DA:354,0
DA:356,0
DA:358,0
DA:360,0
DA:392,2
DA:448,2
DA:450,2
DA:451,2
DA:452,2
DA:453,2
DA:454,2
DA:455,2
DA:456,2
DA:457,2
DA:458,2
DA:462,2
DA:464,2
DA:465,8
DA:467,2
DA:469,2
DA:470,2
DA:471,2
DA:472,2
DA:473,2
DA:474,2
DA:475,2
DA:476,2
DA:477,2
LF:137
LH:121
end_of_record
SF:lib/src/buttons/split_button.dart
DA:77,2
DA:96,2
DA:98,1
DA:99,3
DA:100,1
DA:105,0
DA:108,0
DA:109,0
DA:110,0
DA:114,1
DA:117,1
DA:121,1
DA:124,0
DA:126,0
DA:127,0
DA:128,0
DA:130,0
DA:131,0
DA:144,2
DA:160,2
DA:161,4
DA:162,2
DA:163,2
DA:164,2
DA:165,2
DA:167,4
DA:168,2
DA:169,2
DA:170,2
DA:179,2
DA:201,2
DA:202,2
DA:203,2
DA:204,2
DA:205,2
DA:206,2
DA:207,2
DA:208,2
DA:209,2
DA:210,2
DA:216,2
DA:226,2
DA:246,2
DA:251,2
DA:252,4
DA:254,2
DA:256,4
DA:257,2
DA:267,2
DA:268,8
DA:280,2
DA:281,2
DA:282,2
DA:283,2
DA:284,2
DA:286,2
DA:290,4
DA:291,4
DA:293,2
DA:295,2
DA:296,4
DA:297,2
DA:298,2
DA:299,2
DA:300,2
DA:301,2
DA:303,4
DA:306,2
DA:323,2
DA:328,2
DA:331,2
DA:332,4
DA:333,2
DA:335,4
DA:337,4
DA:338,4
DA:339,4
DA:344,2
DA:345,2
DA:346,2
DA:348,2
DA:349,2
DA:350,2
DA:357,2
DA:358,2
DA:359,2
DA:360,2
DA:371,2
DA:375,2
DA:384,4
DA:385,2
DA:387,2
DA:389,2
DA:405,2
DA:406,4
DA:407,2
DA:416,2
DA:429,1
DA:435,1
DA:436,3
DA:437,3
DA:441,2
DA:443,2
DA:444,6
DA:445,6
DA:447,0
DA:448,0
DA:463,2
DA:501,2
DA:503,4
DA:507,8
DA:508,2
DA:509,2
DA:510,2
DA:511,2
DA:512,4
DA:513,4
DA:517,8
DA:520,12
DA:521,2
DA:522,2
DA:523,4
DA:524,2
DA:525,4
DA:526,4
DA:536,2
DA:537,2
DA:538,2
DA:539,6
DA:540,6
DA:541,6
DA:542,10
DA:543,2
DA:544,2
DA:545,10
DA:550,10
DA:551,2
DA:552,2
DA:553,10
DA:558,6
DA:560,6
DA:561,6
DA:562,6
DA:563,10
DA:564,2
DA:565,2
DA:566,10
DA:571,10
DA:572,2
DA:573,2
DA:574,10
DA:579,6
DA:586,4
DA:587,6
DA:588,8
DA:591,1
DA:593,3
DA:594,3
DA:595,3
DA:596,3
DA:597,3
DA:598,3
DA:599,3
DA:608,1
DA:618,2
DA:619,2
DA:620,1
DA:622,0
DA:624,0
DA:626,0
DA:628,0
DA:658,2
DA:728,2
DA:730,2
DA:731,2
DA:732,2
DA:733,2
DA:734,2
DA:735,2
DA:736,2
DA:737,2
DA:738,2
DA:739,2
DA:741,2
DA:743,2
DA:746,2
DA:750,8
DA:751,2
DA:752,2
DA:753,2
DA:755,2
DA:758,2
DA:759,2
DA:760,2
DA:761,2
DA:764,2
DA:765,2
DA:766,2
DA:767,2
DA:768,2
DA:769,2
DA:780,2
DA:781,2
DA:784,2
DA:785,2
DA:786,2
LF:206
LH:190
end_of_record
SF:lib/src/charts/annotation_only_chart.dart
DA:15,1
DA:25,3
DA:27,3
DA:28,1
DA:30,0
DA:32,0
DA:34,0
DA:36,0
DA:60,2
DA:115,3
DA:116,3
DA:120,1
DA:121,1
DA:122,1
DA:123,1
DA:124,4
DA:127,1
DA:130,3
DA:132,3
DA:133,3
DA:135,12
DA:138,6
DA:140,6
DA:142,3
DA:143,5
DA:147,3
DA:150,3
DA:151,3
DA:155,3
DA:156,3
DA:157,2
DA:158,2
DA:159,2
DA:162,3
DA:165,3
DA:167,3
DA:168,6
DA:169,3
DA:170,3
DA:171,3
DA:172,3
DA:173,3
DA:174,3
DA:176,3
DA:177,6
DA:178,3
DA:180,3
DA:182,3
DA:183,5
DA:187,2
DA:191,4
DA:194,6
DA:196,3
DA:197,3
DA:198,3
DA:200,3
DA:201,6
DA:202,3
DA:203,6
DA:207,3
DA:208,3
DA:209,3
DA:214,3
DA:220,3
DA:225,6
LF:65
LH:61
end_of_record
SF:lib/src/charts/annotation_only_chart_style.dart
DA:13,4
DA:60,4
DA:69,4
DA:70,4
DA:71,4
DA:72,4
DA:73,4
DA:74,4
DA:75,4
DA:76,4
DA:77,4
DA:80,4
DA:81,4
DA:84,4
DA:88,2
DA:89,3
DA:90,4
DA:91,4
DA:92,4
DA:93,3
DA:94,4
DA:95,4
DA:96,4
DA:101,0
DA:110,0
DA:111,0
DA:112,0
DA:113,0
DA:114,0
DA:115,0
DA:116,0
DA:117,0
DA:118,0
DA:121,1
DA:123,1
DA:124,3
DA:125,3
DA:126,3
DA:127,3
DA:128,3
DA:129,3
DA:130,3
DA:131,3
DA:133,0
DA:134,0
DA:135,0
DA:136,0
DA:137,0
DA:138,0
DA:139,0
DA:140,0
DA:141,0
DA:142,0
DA:147,4
DA:149,4
DA:158,8
DA:161,8
DA:162,12
DA:163,8
LF:59
LH:39
end_of_record
SF:lib/src/charts/area_chart.dart
DA:36,7
DA:89,6
DA:90,6
DA:102,12
DA:104,6
DA:105,18
DA:108,2
DA:112,6
DA:114,6
DA:116,18
DA:117,6
DA:120,0
DA:122,0
DA:125,0
DA:126,0
DA:127,0
DA:130,0
DA:133,0
DA:134,0
DA:135,0
DA:139,6
DA:140,12
DA:141,6
DA:142,12
DA:143,18
DA:148,12
DA:152,6
DA:154,12
DA:155,6
DA:161,1
DA:162,4
DA:164,1
DA:165,3
DA:167,1
DA:168,1
DA:171,2
DA:172,0
DA:174,4
DA:175,3
DA:177,4
DA:181,1
DA:182,5
DA:184,1
DA:186,1
DA:187,3
DA:188,6
DA:191,2
DA:192,1
DA:193,2
DA:195,1
DA:197,2
DA:198,1
DA:199,0
DA:200,0
DA:203,1
DA:204,1
DA:205,1
DA:208,1
DA:209,4
DA:213,6
DA:215,6
DA:216,6
DA:218,30
DA:219,6
DA:220,12
DA:221,12
DA:222,18
DA:223,18
DA:226,20
DA:227,10
DA:229,6
DA:230,24
DA:231,6
DA:232,18
DA:233,18
DA:234,18
DA:235,0
DA:236,0
DA:237,0
DA:238,0
DA:240,0
DA:241,0
DA:251,6
DA:252,1
DA:255,3
DA:256,6
DA:257,6
DA:258,6
DA:260,6
DA:261,6
DA:262,6
DA:263,6
DA:264,6
DA:265,6
DA:266,6
DA:267,6
DA:268,12
DA:269,12
DA:270,18
DA:271,18
DA:272,18
DA:273,18
DA:274,18
DA:276,6
DA:277,3
DA:279,1
DA:280,1
DA:281,1
DA:300,6
DA:314,6
DA:363,6
DA:370,6
DA:373,6
DA:374,6
DA:375,12
DA:377,6
DA:378,18
DA:379,12
DA:380,6
DA:383,18
DA:384,12
DA:386,6
DA:387,6
DA:390,12
DA:393,30
DA:395,6
DA:396,42
DA:397,6
DA:398,6
DA:399,6
DA:400,6
DA:401,24
DA:406,6
DA:410,2
DA:411,6
DA:412,10
DA:414,4
DA:416,12
DA:418,12
DA:419,24
DA:420,24
DA:421,18
DA:423,42
DA:426,6
DA:429,6
DA:430,18
DA:431,22
DA:433,6
DA:435,6
DA:436,12
DA:440,11
DA:443,6
DA:448,12
DA:451,12
DA:457,6
DA:511,6
DA:587,6
DA:590,6
DA:594,12
DA:598,6
DA:606,12
DA:607,32
DA:611,6
DA:612,16
DA:614,12
DA:616,6
DA:617,6
DA:621,6
DA:622,18
DA:623,12
DA:626,12
DA:628,12
DA:635,6
DA:636,12
DA:641,18
DA:642,6
DA:644,3
DA:645,1
DA:648,6
DA:650,9
DA:651,6
DA:658,6
DA:659,18
DA:660,9
DA:663,24
DA:664,10
DA:665,6
DA:666,3
DA:668,18
DA:669,4
DA:675,6
DA:676,18
DA:677,0
DA:678,6
DA:681,6
DA:682,6
DA:683,6
DA:684,30
DA:685,18
DA:686,6
DA:687,6
DA:688,36
DA:691,12
DA:692,2
DA:693,2
DA:694,12
DA:695,6
DA:698,6
DA:699,6
DA:701,18
DA:702,18
DA:704,6
DA:705,6
DA:708,6
DA:709,6
DA:711,18
DA:713,6
DA:715,6
DA:716,6
DA:719,6
DA:720,30
DA:721,30
DA:723,12
DA:724,6
DA:725,18
DA:726,24
DA:727,24
DA:735,6
DA:742,12
DA:743,0
DA:744,0
DA:749,0
DA:753,6
DA:754,6
DA:758,6
DA:762,6
DA:763,6
DA:766,6
DA:768,6
DA:769,6
DA:771,6
DA:774,6
DA:775,12
DA:777,6
DA:784,6
DA:791,6
DA:794,0
DA:800,0
DA:808,6
DA:815,6
DA:816,18
DA:818,12
DA:819,6
DA:820,6
DA:821,6
DA:822,6
DA:823,6
DA:824,26
DA:825,24
DA:827,6
DA:829,3
DA:831,1
DA:834,5
DA:836,1
DA:839,1
DA:840,1
DA:841,4
DA:844,3
DA:845,1
DA:850,6
DA:851,18
DA:852,18
DA:854,6
DA:855,2
DA:858,4
DA:859,3
DA:861,12
DA:864,18
DA:865,12
DA:866,12
DA:867,30
DA:868,12
DA:869,6
DA:872,1
DA:873,6
DA:874,7
DA:878,1
DA:880,1
DA:883,2
DA:885,1
DA:888,1
DA:889,1
DA:890,4
DA:891,2
DA:897,6
DA:902,30
DA:905,18
DA:906,6
DA:907,30
DA:908,6
DA:909,6
DA:910,6
DA:911,36
DA:912,42
DA:914,6
DA:915,6
DA:918,18
DA:919,6
DA:920,30
DA:922,6
DA:923,24
DA:924,6
DA:925,18
DA:926,30
DA:927,18
LF:315
LH:291
end_of_record
SF:lib/src/charts/area_chart_style.dart
DA:23,6
DA:101,6
DA:105,1
DA:106,2
DA:107,2
DA:108,2
DA:110,2
DA:111,1
DA:112,2
DA:113,2
DA:115,2
DA:116,2
DA:117,2
DA:118,2
DA:119,2
DA:120,2
DA:125,1
DA:139,1
DA:140,1
DA:141,1
DA:142,1
DA:143,1
DA:144,1
DA:145,1
DA:146,1
DA:148,1
DA:149,1
DA:150,1
DA:151,0
DA:152,1
DA:153,1
DA:157,1
DA:171,1
DA:172,1
DA:173,1
DA:174,1
DA:175,1
DA:176,1
DA:177,1
DA:178,1
DA:179,1
DA:180,1
DA:181,1
DA:182,1
DA:183,1
DA:184,1
DA:187,1
DA:188,1
DA:190,1
DA:192,1
DA:193,3
DA:194,3
DA:195,3
DA:196,3
DA:197,3
DA:198,3
DA:199,3
DA:200,3
DA:201,3
DA:202,3
DA:203,3
DA:204,3
DA:205,3
DA:207,1
DA:208,1
DA:209,1
DA:210,1
DA:211,1
DA:212,1
DA:213,1
DA:214,1
DA:215,1
DA:216,1
DA:217,1
DA:218,1
DA:219,1
DA:220,1
DA:221,1
DA:228,1
DA:238,6
DA:239,7
DA:241,0
DA:243,0
DA:245,0
DA:247,0
DA:255,6
DA:256,6
DA:257,6
DA:291,12
LF:89
LH:84
end_of_record
SF:lib/src/charts/axis/axis_builders.dart
DA:33,46
DA:36,8
DA:43,41
DA:44,83
DA:69,32
DA:76,32
DA:77,64
DA:78,64
DA:79,32
DA:80,2
DA:82,32
DA:83,0
DA:86,32
DA:87,64
DA:88,128
DA:89,32
DA:94,31
DA:95,31
DA:96,0
DA:97,0
DA:102,32
DA:104,32
DA:109,32
DA:110,32
DA:112,2
DA:113,1
DA:115,32
DA:117,2
DA:121,64
DA:124,32
DA:127,32
DA:128,32
DA:129,32
DA:130,96
DA:136,64
DA:137,32
DA:138,128
DA:139,32
DA:142,96
DA:147,32
DA:148,32
DA:149,27
DA:153,50
DA:157,32
DA:158,1
DA:159,32
DA:163,1
DA:165,1
DA:166,1
DA:167,5
DA:171,32
DA:172,32
DA:173,32
DA:174,64
DA:177,32
DA:186,32
DA:221,9
DA:231,9
DA:233,16
DA:234,10
DA:236,18
DA:237,9
DA:238,9
DA:240,36
DA:241,9
DA:244,9
DA:249,9
DA:250,18
DA:251,9
DA:252,9
DA:255,9
DA:262,9
DA:264,1
DA:271,1
DA:276,1
DA:277,0
DA:280,9
DA:281,9
DA:282,9
DA:284,0
DA:285,0
DA:288,1
DA:291,1
DA:293,9
DA:297,0
DA:298,0
DA:299,0
DA:302,9
DA:305,9
DA:311,9
DA:312,9
DA:313,9
DA:314,27
DA:320,18
DA:321,9
DA:322,36
DA:323,9
DA:326,27
DA:331,9
DA:332,9
DA:336,20
DA:340,9
DA:341,0
DA:342,9
DA:351,0
DA:352,0
DA:353,0
DA:354,0
DA:359,9
DA:360,9
DA:361,18
DA:364,9
DA:373,9
DA:388,27
DA:394,27
DA:396,27
DA:397,27
DA:398,54
DA:399,108
DA:400,54
DA:401,54
DA:403,27
DA:404,28
DA:407,27
DA:408,17
DA:412,17
DA:413,68
DA:417,17
DA:419,17
DA:420,68
DA:423,2
DA:427,17
DA:428,68
DA:434,34
DA:443,51
DA:444,68
DA:445,68
DA:446,34
DA:447,85
DA:452,34
DA:455,27
DA:456,27
DA:457,27
DA:461,27
DA:463,2
DA:464,1
DA:466,27
DA:469,27
DA:471,27
DA:474,27
DA:478,27
DA:492,35
DA:500,0
DA:501,0
DA:503,35
DA:504,0
DA:506,35
DA:507,0
DA:511,64
DA:514,70
DA:546,32
DA:555,32
DA:559,64
DA:560,11
DA:561,78
DA:562,64
DA:564,6
DA:567,32
DA:568,92
DA:569,68
DA:572,32
DA:575,32
DA:577,32
DA:579,96
DA:581,32
DA:586,1
DA:587,1
DA:588,2
DA:589,0
DA:591,2
DA:592,0
DA:594,1
DA:601,32
DA:602,32
DA:603,64
DA:604,128
DA:605,128
DA:614,32
DA:615,0
DA:616,32
DA:620,0
DA:622,0
DA:623,0
DA:624,0
DA:632,32
DA:633,32
DA:634,2
DA:636,64
DA:637,32
DA:638,32
DA:639,32
DA:642,32
DA:643,32
DA:644,32
DA:650,64
DA:651,96
DA:652,32
DA:653,32
DA:655,32
DA:661,96
DA:662,96
DA:663,64
DA:667,32
DA:687,5
DA:692,5
DA:695,10
DA:696,0
DA:697,5
DA:698,10
DA:700,1
DA:703,15
DA:704,0
DA:705,5
DA:710,5
DA:711,10
DA:712,10
DA:713,20
DA:714,10
DA:718,5
DA:719,0
DA:720,5
DA:726,1
DA:728,1
DA:729,1
DA:730,5
DA:738,10
DA:741,5
DA:742,5
DA:743,5
DA:746,5
DA:747,5
DA:748,5
DA:753,10
DA:754,15
DA:755,5
DA:756,5
DA:758,5
DA:769,5
DA:789,7
DA:798,7
DA:799,14
DA:800,14
DA:801,28
DA:802,14
DA:804,14
DA:805,7
DA:807,1
DA:808,1
DA:811,7
DA:812,14
DA:814,7
DA:815,7
DA:816,7
DA:819,7
DA:820,7
DA:821,7
DA:825,7
DA:829,7
DA:830,3
DA:831,3
DA:832,2
DA:835,7
DA:844,7
DA:868,10
DA:875,10
DA:876,10
DA:882,10
DA:883,20
DA:884,20
DA:885,40
DA:886,20
DA:888,10
DA:890,10
DA:891,20
DA:893,10
DA:894,10
DA:895,10
DA:898,10
DA:899,10
DA:900,10
DA:904,10
DA:906,10
DA:916,10
DA:929,15
DA:936,0
DA:937,0
DA:939,15
DA:940,0
DA:942,15
DA:950,9
DA:951,6
LF:301
LH:270
end_of_record
SF:lib/src/charts/axis/axis_label_layout.dart
DA:19,49
DA:32,49
DA:57,49
DA:96,2
DA:101,4
DA:105,1
DA:106,1
DA:109,4
DA:110,2
DA:111,2
DA:114,1
DA:117,2
DA:136,15
DA:142,30
DA:146,4
DA:147,12
DA:148,12
DA:150,4
DA:172,3
DA:182,7
DA:189,3
DA:191,6
DA:195,2
DA:197,1
DA:198,1
DA:199,1
DA:200,1
DA:201,1
DA:202,1
DA:215,3
DA:216,3
DA:218,6
DA:219,3
DA:220,3
DA:223,6
DA:224,3
DA:225,3
DA:226,10
DA:227,2
DA:228,2
DA:229,2
DA:230,2
DA:231,4
DA:234,2
DA:235,2
DA:238,3
DA:239,3
DA:240,3
DA:241,6
DA:245,6
DA:246,3
DA:247,3
DA:253,6
DA:259,1
DA:269,3
DA:270,9
DA:271,3
DA:275,6
DA:277,3
DA:280,3
DA:304,46
DA:310,46
DA:311,46
DA:312,46
DA:316,26
DA:317,46
DA:321,92
DA:324,3
DA:326,46
DA:327,46
DA:333,46
DA:338,46
DA:369,4
DA:378,4
DA:381,4
DA:382,8
DA:383,8
DA:386,4
DA:388,8
DA:389,4
DA:392,4
DA:394,16
DA:395,12
DA:399,12
DA:401,4
DA:402,4
DA:403,4
DA:404,4
DA:417,4
DA:419,8
DA:422,4
DA:433,42
DA:445,1
DA:446,1
DA:447,4
DA:451,1
DA:454,1
DA:455,2
DA:456,1
DA:457,1
DA:458,0
DA:460,2
DA:467,2
DA:468,6
DA:470,2
DA:471,4
DA:476,84
DA:490,13
DA:491,26
DA:492,39
DA:506,2
DA:521,2
DA:522,8
DA:526,2
DA:527,6
DA:528,2
DA:530,2
DA:531,6
DA:532,2
DA:533,2
DA:535,6
DA:536,6
DA:537,2
DA:538,2
DA:539,6
DA:540,2
DA:541,2
DA:544,4
DA:546,6
DA:547,2
DA:548,2
DA:549,2
DA:550,2
DA:552,4
DA:556,2
DA:561,2
DA:563,4
DA:581,13
DA:592,13
DA:593,52
DA:599,13
DA:601,39
DA:602,13
DA:606,13
DA:607,40
DA:608,13
DA:609,13
DA:611,39
DA:612,40
DA:613,13
DA:614,13
DA:615,39
DA:616,13
DA:618,13
DA:619,26
DA:620,2
DA:621,4
DA:624,2
DA:633,1
DA:647,1
DA:658,13
DA:659,13
DA:660,13
DA:661,13
DA:662,13
DA:663,13
LF:166
LH:165
end_of_record
SF:lib/src/charts/axis/axis_painter.dart
DA:22,47
DA:57,47
DA:59,94
DA:63,47
DA:64,47
DA:72,188
DA:75,47
DA:76,47
DA:78,94
DA:79,94
DA:85,94
DA:87,94
DA:88,47
DA:90,2
DA:91,4
DA:92,2
DA:93,8
DA:94,2
DA:98,8
DA:102,2
DA:105,141
DA:106,47
DA:110,47
DA:117,47
DA:125,47
DA:126,141
DA:127,141
DA:128,42
DA:129,126
DA:132,94
DA:139,141
DA:140,141
DA:142,188
DA:143,94
DA:144,47
DA:145,50
DA:147,231
DA:148,180
DA:150,94
DA:151,47
DA:155,1
DA:157,2
DA:158,2
DA:159,5
DA:160,5
DA:161,3
LF:46
LH:46
end_of_record
SF:lib/src/charts/axis/axis_types.dart
DA:124,52
DA:149,42
DA:164,49
DA:204,5
DA:230,46
DA:329,46
LF:6
LH:6
end_of_record
SF:lib/src/charts/axis/domain_range.dart
DA:15,21
DA:16,38
DA:17,20
DA:22,21
DA:23,38
DA:24,18
DA:34,20
DA:35,36
DA:36,36
DA:37,0
DA:47,26
DA:48,26
DA:51,26
DA:56,2
DA:65,21
DA:69,21
DA:70,42
DA:71,42
DA:72,21
DA:73,21
DA:74,21
DA:78,21
DA:82,21
DA:83,21
DA:95,10
DA:102,10
DA:104,1
DA:107,20
DA:112,4
DA:115,0
DA:125,7
DA:126,7
DA:127,12
DA:136,4
DA:137,4
DA:138,4
DA:140,1
DA:141,4
DA:142,1
DA:144,0
DA:156,7
DA:157,7
DA:158,14
DA:159,7
DA:162,14
DA:163,8
DA:164,12
DA:165,28
DA:167,21
DA:168,23
DA:169,28
DA:170,7
DA:171,15
DA:172,19
DA:184,7
DA:190,14
DA:193,14
DA:194,7
DA:197,14
DA:198,14
DA:200,14
DA:201,4
DA:204,7
DA:205,7
DA:222,19
DA:233,19
DA:236,19
DA:237,19
DA:240,8
DA:247,8
DA:248,8
DA:251,19
DA:252,38
DA:255,0
DA:259,0
DA:264,19
DA:266,1
DA:285,7
DA:292,14
DA:294,7
DA:295,7
DA:296,14
DA:298,0
DA:304,7
DA:319,24
DA:324,24
DA:325,48
DA:327,2
DA:334,24
DA:349,2
DA:355,2
DA:356,2
DA:357,6
DA:358,4
DA:360,2
DA:361,2
DA:362,2
DA:363,4
DA:365,1
DA:371,2
DA:384,5
DA:390,5
DA:391,5
DA:392,15
DA:393,10
DA:395,5
DA:396,5
DA:397,5
DA:398,10
DA:400,0
DA:406,5
DA:422,7
DA:441,7
DA:442,6
DA:445,12
DA:447,12
DA:449,12
DA:451,12
DA:455,6
DA:458,3
DA:459,6
DA:460,6
DA:462,3
DA:463,9
DA:464,3
DA:466,3
DA:467,9
DA:468,3
DA:474,2
DA:475,2
DA:476,6
DA:477,4
DA:478,0
DA:479,0
DA:480,0
DA:482,2
DA:483,2
DA:486,7
DA:487,14
DA:491,0
DA:492,0
DA:495,0
DA:501,7
DA:521,20
DA:527,20
DA:528,40
DA:530,36
DA:531,18
DA:534,20
DA:537,40
DA:538,20
DA:539,20
DA:540,20
DA:544,20
DA:545,20
DA:546,20
DA:554,13
DA:555,13
DA:556,13
DA:557,26
DA:559,13
DA:560,13
DA:561,13
DA:577,10
DA:582,10
DA:583,20
DA:584,10
DA:588,20
DA:590,10
DA:591,8
DA:592,8
DA:595,10
DA:596,10
DA:597,10
DA:606,11
DA:610,11
DA:616,6
DA:617,6
DA:618,14
DA:619,8
DA:620,6
DA:621,4
DA:623,6
DA:624,6
DA:625,6
LF:185
LH:172
end_of_record
SF:lib/src/charts/axis/tick_format.dart
DA:17,45
DA:18,45
DA:19,90
DA:20,40
DA:21,60
DA:23,5
DA:25,45
DA:27,90
DA:28,1
DA:36,37
DA:37,37
DA:43,30
DA:44,30
DA:74,5
DA:116,13
DA:117,13
DA:118,27
DA:119,26
DA:120,37
DA:121,27
DA:122,34
DA:123,26
DA:124,38
DA:125,26
DA:126,36
DA:127,26
DA:129,13
DA:130,13
DA:131,7
DA:132,21
DA:133,0
DA:134,31
DA:135,28
DA:137,13
DA:138,26
DA:139,22
DA:140,8
DA:141,8
DA:142,8
DA:143,8
DA:144,8
DA:147,13
DA:148,8
DA:149,24
DA:150,8
DA:151,8
DA:152,11
DA:153,13
DA:154,20
DA:155,13
DA:156,1
DA:158,13
DA:161,7
DA:184,13
DA:192,10
DA:193,39
DA:200,2
DA:201,5
DA:210,53
DA:218,55
DA:221,104
DA:224,4
DA:229,52
DA:230,52
DA:231,7
DA:232,3
DA:236,104
DA:237,52
DA:239,11
DA:240,100
DA:241,52
DA:243,6
DA:244,4
DA:250,2
DA:261,13
DA:262,18
DA:263,18
DA:264,18
DA:265,18
DA:266,18
DA:267,18
DA:269,39
DA:272,26
DA:275,26
DA:278,26
DA:281,48
DA:284,26
DA:287,20
DA:306,2
DA:309,10
DA:310,0
DA:312,4
DA:443,13
DA:450,13
DA:451,26
DA:454,13
DA:455,2
DA:457,39
DA:458,2
DA:460,26
LF:100
LH:98
end_of_record
SF:lib/src/charts/axis/tick_values.dart
DA:10,21
DA:17,53
DA:19,53
DA:20,159
DA:28,5
DA:29,10
DA:30,5
DA:34,10
DA:47,7
DA:48,7
DA:49,14
DA:50,1
DA:51,14
DA:55,3
DA:56,2
DA:57,4
DA:59,2
DA:60,2
DA:61,2
DA:73,10
DA:77,10
DA:78,10
DA:79,0
DA:80,30
DA:89,10
DA:94,19
DA:95,12
DA:96,20
DA:101,40
DA:102,10
DA:103,35
DA:104,1
DA:120,33
DA:128,10
DA:130,52
DA:134,25
DA:135,5
DA:137,31
DA:138,26
DA:142,52
DA:143,50
DA:146,10
DA:147,15
DA:149,10
DA:151,5
DA:152,5
DA:154,52
DA:155,78
DA:174,3
DA:179,3
DA:180,3
DA:181,3
DA:182,3
DA:183,3
DA:186,3
DA:187,6
DA:189,3
DA:190,3
DA:191,6
DA:193,3
DA:195,3
DA:196,6
DA:197,12
DA:207,1
DA:208,4
DA:220,3
DA:226,6
DA:228,3
DA:229,2
DA:230,1
DA:232,1
DA:233,2
DA:234,2
DA:238,2
DA:239,1
DA:245,2
DA:246,3
DA:247,1
DA:253,6
DA:254,6
DA:263,1
DA:265,1
DA:266,1
DA:268,1
DA:269,1
DA:270,1
DA:271,1
DA:272,1
DA:273,1
DA:275,0
DA:276,0
DA:278,0
DA:279,0
DA:280,0
DA:281,0
DA:282,0
DA:283,0
DA:289,1
DA:291,1
DA:292,1
DA:293,1
DA:295,1
DA:296,1
DA:297,1
DA:298,1
DA:299,1
DA:301,0
DA:302,0
DA:303,0
DA:305,0
DA:306,0
DA:307,0
DA:308,0
DA:309,0
DA:326,1
DA:332,2
DA:333,2
DA:334,2
DA:335,1
DA:342,2
DA:343,3
DA:344,1
DA:349,2
DA:350,1
DA:351,1
DA:352,3
DA:356,4
DA:357,3
DA:358,1
DA:360,2
DA:363,2
DA:364,1
DA:391,1
DA:397,2
DA:399,2
DA:400,1
DA:401,2
DA:402,1
DA:403,5
DA:405,1
DA:406,1
DA:407,2
DA:409,1
DA:414,2
DA:415,1
DA:421,2
DA:422,1
DA:423,1
DA:424,1
DA:425,2
DA:426,1
DA:428,1
LF:152
LH:135
end_of_record
SF:lib/src/charts/cartesian/cartesian_chart.dart
DA:34,0
DA:44,44
DA:45,44
DA:46,0
DA:48,0
DA:50,0
DA:52,0
DA:54,0
DA:68,44
DA:163,44
DA:164,44
DA:169,44
DA:197,44
DA:198,172
DA:208,35
DA:209,93
DA:211,14
DA:213,14
DA:216,28
DA:219,44
DA:221,86
DA:222,44
DA:232,3
DA:233,9
DA:236,3
DA:237,3
DA:238,2
DA:241,3
DA:244,6
DA:245,6
DA:246,9
DA:247,3
DA:248,4
DA:257,10
DA:258,50
DA:259,40
DA:261,7
DA:264,10
DA:265,10
DA:272,41
DA:275,20
DA:276,18
DA:277,9
DA:278,9
DA:290,2
DA:293,2
DA:294,3
DA:295,2
DA:296,2
DA:298,1
DA:299,3
DA:300,1
DA:301,1
DA:302,1
DA:303,1
DA:306,4
DA:310,9
DA:311,27
DA:313,16
DA:323,3
DA:324,3
DA:325,3
DA:326,6
DA:327,6
DA:328,6
DA:334,3
DA:335,9
DA:336,8
DA:339,3
DA:340,3
DA:341,4
DA:345,44
DA:347,44
DA:348,44
DA:350,220
DA:351,44
DA:352,44
DA:353,88
DA:356,88
DA:358,44
DA:362,240
DA:364,44
DA:365,11
DA:366,44
DA:367,88
DA:368,44
DA:371,44
DA:373,44
DA:374,44
DA:375,44
DA:384,35
DA:386,70
DA:394,35
DA:395,70
DA:396,70
DA:397,35
DA:398,5
DA:401,10
DA:402,6
DA:405,14
DA:416,44
DA:422,44
DA:423,44
DA:424,132
DA:428,220
DA:431,44
DA:433,176
DA:434,1
DA:438,2
DA:439,2
DA:440,1
DA:442,1
DA:444,1
DA:445,1
DA:461,44
DA:472,44
DA:480,44
DA:481,88
DA:482,88
DA:483,45
DA:484,132
DA:485,132
DA:487,132
DA:489,44
DA:491,44
DA:492,176
DA:493,2
DA:495,176
DA:496,0
DA:499,44
DA:500,88
DA:505,183
DA:506,132
DA:507,132
DA:508,132
DA:509,132
DA:510,132
DA:511,132
DA:513,100
DA:514,9
DA:518,124
DA:519,27
DA:527,132
DA:529,44
DA:530,44
DA:531,44
DA:532,6
DA:533,44
DA:535,3
DA:536,44
DA:537,44
DA:538,44
DA:539,9
DA:540,22
DA:541,4
DA:544,18
DA:546,6
DA:547,44
DA:549,6
DA:550,44
DA:552,44
DA:553,44
DA:554,88
DA:555,44
DA:556,44
DA:557,44
DA:558,44
DA:562,44
DA:564,88
DA:571,88
DA:572,10
DA:573,30
DA:574,10
DA:576,10
DA:579,176
DA:582,1
DA:583,1
DA:584,3
DA:585,1
DA:586,2
DA:587,2
DA:588,2
DA:589,2
DA:590,2
DA:591,1
DA:595,27
DA:600,9
DA:601,9
DA:606,9
DA:607,9
DA:609,16
DA:625,1
DA:629,2
DA:632,1
DA:634,3
DA:635,3
DA:636,3
DA:637,3
DA:638,3
DA:639,1
DA:640,1
DA:641,1
DA:643,2
DA:645,2
DA:646,2
DA:647,3
DA:651,4
DA:652,4
DA:653,4
DA:654,2
DA:667,44
DA:672,44
DA:678,132
DA:679,54
DA:680,72
DA:682,48
DA:685,54
DA:686,18
DA:687,18
DA:698,44
DA:704,88
DA:705,88
DA:706,44
DA:712,44
DA:713,44
DA:714,88
DA:715,44
DA:717,44
DA:718,44
DA:721,44
DA:722,44
DA:724,44
DA:725,44
DA:726,44
DA:727,44
DA:728,44
DA:729,44
DA:730,44
DA:733,44
DA:734,93
DA:736,80
DA:738,40
DA:739,40
DA:740,40
DA:741,40
DA:742,40
DA:743,40
DA:744,40
DA:746,44
DA:747,44
DA:748,59
DA:749,59
DA:750,59
DA:752,93
DA:755,44
DA:756,52
DA:758,8
DA:759,8
DA:760,8
DA:761,8
DA:762,8
DA:763,8
DA:764,8
DA:766,67
DA:768,25
DA:769,25
DA:770,25
DA:773,60
DA:775,30
DA:776,30
DA:777,30
DA:778,30
DA:782,44
DA:785,44
DA:787,93
DA:788,44
DA:789,44
DA:790,44
DA:791,44
DA:792,44
DA:794,11
DA:796,44
DA:797,44
DA:798,88
DA:799,44
DA:801,88
DA:802,44
DA:803,44
DA:807,44
DA:808,44
DA:809,44
DA:819,44
DA:820,44
DA:821,44
DA:822,44
DA:823,55
DA:824,55
DA:825,55
DA:830,88
DA:831,14
DA:833,14
DA:838,34
DA:842,1
DA:843,1
DA:846,1
DA:847,2
DA:848,1
DA:849,1
DA:850,1
DA:851,1
DA:852,1
DA:854,1
DA:855,1
DA:859,1
DA:863,34
DA:867,34
DA:871,44
DA:872,44
LF:318
LH:311
end_of_record
SF:lib/src/charts/cartesian/cartesian_chart_props.dart
DA:29,3
DA:84,59
DA:135,177
DA:376,90
DA:377,45
DA:378,45
DA:385,45
DA:386,90
DA:388,41
DA:403,43
DA:415,43
DA:416,43
DA:417,43
DA:418,43
DA:419,43
DA:420,43
DA:421,43
DA:422,42
DA:423,42
DA:424,43
DA:425,43
DA:426,43
DA:427,43
DA:428,39
DA:429,43
DA:430,40
DA:431,43
DA:432,43
DA:433,43
DA:434,43
DA:435,43
DA:436,43
DA:437,43
DA:438,43
DA:439,43
DA:440,43
DA:441,43
DA:442,43
DA:443,43
DA:444,43
DA:445,43
DA:446,43
DA:447,43
DA:448,43
DA:449,43
DA:450,43
DA:451,43
DA:452,43
DA:453,43
DA:454,43
DA:455,43
DA:456,43
DA:458,40
DA:459,43
DA:461,15
DA:462,39
DA:463,41
DA:464,36
DA:466,39
DA:468,40
LF:60
LH:60
end_of_record
SF:lib/src/charts/cartesian/cartesian_chart_style.dart
DA:21,46
DA:74,45
DA:76,1
DA:77,2
DA:78,2
DA:79,2
DA:80,1
DA:81,2
DA:82,2
DA:83,2
DA:84,2
DA:86,2
DA:87,2
DA:92,1
DA:103,1
DA:104,1
DA:105,1
DA:106,1
DA:107,1
DA:108,1
DA:109,1
DA:110,1
DA:111,0
DA:113,1
DA:114,1
DA:118,46
DA:129,46
DA:130,46
DA:131,46
DA:132,46
DA:133,46
DA:134,46
DA:135,46
DA:136,46
DA:137,46
DA:138,46
DA:139,46
DA:142,46
DA:143,46
DA:145,2
DA:147,2
DA:148,6
DA:149,6
DA:150,6
DA:151,6
DA:152,6
DA:153,6
DA:154,6
DA:155,6
DA:156,6
DA:157,6
DA:159,1
DA:160,1
DA:161,1
DA:162,1
DA:163,1
DA:164,1
DA:165,1
DA:166,1
DA:167,1
DA:168,1
DA:169,1
DA:170,1
DA:179,46
DA:182,46
DA:183,46
DA:184,46
DA:185,46
DA:192,46
DA:193,46
DA:197,46
DA:211,46
LF:72
LH:71
end_of_record
SF:lib/src/charts/cartesian/cartesian_layout.dart
DA:34,46
DA:39,46
DA:40,46
DA:41,46
DA:43,4
DA:45,92
DA:49,46
DA:52,46
DA:57,46
DA:60,92
DA:61,46
DA:70,46
DA:75,92
DA:76,7
DA:77,14
DA:80,92
DA:81,7
DA:82,14
DA:85,92
DA:86,1
DA:87,2
DA:97,46
DA:102,92
DA:103,1
DA:104,2
DA:107,92
DA:108,2
DA:109,1
DA:110,2
DA:116,64
DA:140,45
DA:151,45
DA:152,11
DA:153,11
DA:154,11
DA:155,11
DA:164,82
DA:169,2
DA:170,4
DA:173,4
DA:177,2
DA:178,2
DA:180,2
DA:181,2
DA:187,41
DA:188,41
DA:189,2
DA:190,2
DA:191,2
DA:198,2
DA:199,2
DA:203,2
DA:204,2
DA:208,4
DA:209,2
DA:210,2
DA:229,47
DA:249,47
DA:256,47
DA:257,47
DA:258,47
DA:259,47
DA:262,235
DA:264,282
DA:265,47
DA:268,47
DA:271,188
DA:272,235
DA:277,47
DA:278,94
DA:285,8
DA:286,47
DA:287,141
DA:289,4
DA:290,94
DA:344,46
DA:345,322
DA:349,46
DA:350,158
DA:354,3
DA:355,20
DA:357,19
DA:359,19
DA:360,57
DA:361,57
DA:362,54
DA:363,54
DA:364,54
DA:365,54
DA:366,54
DA:367,54
DA:368,54
DA:369,54
DA:370,54
DA:371,54
DA:372,54
DA:374,1
DA:375,1
DA:376,1
DA:377,1
DA:378,1
DA:379,1
DA:380,1
DA:381,1
DA:382,1
DA:383,1
DA:384,1
DA:385,1
DA:386,1
DA:387,1
DA:388,1
LF:111
LH:111
end_of_record
SF:lib/src/charts/cartesian/cartesian_painter.dart
DA:28,45
DA:86,45
DA:88,45
DA:89,90
DA:90,90
DA:91,47
DA:92,135
DA:93,135
DA:97,45
DA:100,45
DA:101,135
DA:102,45
DA:106,45
DA:108,90
DA:109,45
DA:110,180
DA:111,45
DA:112,135
DA:113,180
DA:115,90
DA:116,90
DA:122,45
DA:124,90
DA:125,45
DA:126,180
DA:127,45
DA:128,135
DA:129,45
DA:130,45
DA:131,45
DA:134,90
DA:135,90
DA:139,45
DA:142,45
DA:143,135
DA:144,45
DA:148,45
DA:150,2
DA:154,6
DA:156,2
DA:158,4
DA:159,2
DA:160,4
DA:161,4
DA:163,4
DA:164,4
DA:165,4
DA:170,180
DA:173,45
DA:175,90
DA:176,225
DA:177,90
DA:178,90
DA:179,90
DA:184,135
DA:185,45
DA:187,90
DA:188,45
DA:189,90
DA:190,90
DA:192,90
DA:193,90
DA:194,90
DA:225,90
DA:226,45
DA:227,90
DA:228,90
DA:229,90
DA:230,90
DA:236,45
DA:244,45
DA:245,135
DA:246,45
DA:247,45
DA:248,45
DA:249,45
DA:250,45
DA:251,45
DA:252,45
DA:253,45
DA:254,45
DA:255,45
DA:258,45
DA:259,45
DA:260,45
DA:261,90
DA:262,45
DA:263,45
DA:280,45
DA:288,45
DA:291,8
DA:292,16
DA:302,16
DA:303,8
DA:304,24
DA:307,63
DA:309,18
DA:311,54
DA:312,34
DA:313,20
DA:314,2
DA:315,2
DA:316,2
DA:317,3
DA:318,3
DA:319,3
DA:323,2
LF:107
LH:107
end_of_record
SF:lib/src/charts/cartesian/cartesian_series_delegate.dart
DA:19,41
DA:49,1
DA:51,1
DA:52,3
DA:53,3
DA:54,3
DA:55,3
DA:57,0
DA:58,0
DA:70,46
DA:120,47
DA:175,34
DA:183,33
DA:186,24
DA:189,1
DA:192,40
DA:199,28
DA:202,45
DA:206,45
DA:217,35
DA:220,33
DA:223,34
DA:226,34
DA:229,33
DA:232,30
DA:237,15
LF:26
LH:24
end_of_record
SF:lib/src/charts/chart_table.dart
DA:21,2
DA:39,0
DA:41,0
DA:42,0
DA:43,0
DA:44,0
DA:46,0
DA:47,0
DA:65,1
DA:72,1
DA:73,1
DA:75,2
DA:80,1
DA:82,4
DA:83,4
DA:84,4
DA:86,2
DA:88,1
DA:95,7
DA:110,4
DA:115,4
DA:116,8
DA:117,4
DA:121,2
DA:122,4
DA:123,2
DA:127,16
DA:128,7
DA:129,4
DA:130,4
DA:132,4
DA:133,2
DA:156,0
DA:166,4
DA:167,4
DA:168,0
DA:170,0
DA:172,0
DA:174,0
DA:176,0
DA:198,5
DA:200,4
DA:203,8
DA:204,8
DA:209,4
DA:212,8
DA:213,8
DA:218,4
DA:220,4
DA:225,4
DA:251,2
DA:293,4
DA:297,8
DA:298,6
DA:301,4
DA:302,4
DA:304,16
DA:312,8
DA:315,12
DA:316,8
DA:317,8
DA:318,8
DA:319,8
DA:320,8
DA:321,4
DA:322,8
DA:326,4
DA:331,4
DA:333,4
DA:335,4
DA:337,4
DA:339,4
DA:340,4
DA:342,4
DA:344,8
DA:350,4
DA:359,4
DA:360,4
DA:361,4
DA:367,4
DA:373,4
DA:374,2
DA:380,8
DA:383,0
DA:384,0
DA:385,0
DA:386,0
DA:390,4
DA:391,4
DA:396,3
DA:403,4
DA:404,4
DA:405,4
DA:406,4
DA:407,4
DA:410,4
DA:414,8
DA:415,4
DA:416,4
DA:417,4
DA:418,4
DA:421,4
DA:428,4
DA:429,4
DA:430,8
DA:431,4
DA:433,4
DA:434,4
DA:435,1
DA:436,2
DA:437,1
DA:438,1
DA:439,2
DA:443,1
DA:446,4
DA:447,4
DA:448,8
DA:450,4
DA:452,4
DA:461,4
DA:462,4
DA:464,4
DA:468,4
DA:469,4
DA:490,4
DA:491,4
DA:494,10
LF:127
LH:110
end_of_record
SF:lib/src/charts/chart_table_style.dart
DA:14,5
DA:75,5
DA:79,1
DA:80,2
DA:81,2
DA:82,2
DA:84,2
DA:85,2
DA:86,2
DA:87,2
DA:88,2
DA:89,1
DA:90,2
DA:91,2
DA:96,1
DA:108,1
DA:109,1
DA:110,1
DA:111,1
DA:112,1
DA:113,1
DA:114,1
DA:115,1
DA:116,1
DA:117,1
DA:118,1
DA:119,1
DA:123,5
DA:135,5
DA:136,5
DA:137,5
DA:138,5
DA:139,5
DA:140,5
DA:141,5
DA:142,5
DA:143,5
DA:144,5
DA:145,5
DA:146,5
DA:149,5
DA:150,5
DA:152,1
DA:154,1
DA:155,3
DA:156,3
DA:157,3
DA:158,3
DA:159,3
DA:160,3
DA:161,3
DA:162,3
DA:163,3
DA:164,3
DA:165,3
DA:167,1
DA:168,1
DA:169,1
DA:170,1
DA:171,1
DA:172,1
DA:173,1
DA:174,1
DA:175,1
DA:176,1
DA:177,1
DA:178,1
DA:179,1
DA:185,5
DA:186,5
DA:187,5
DA:188,15
DA:192,10
DA:194,15
DA:195,10
DA:197,5
DA:198,10
DA:199,10
DA:200,10
DA:201,10
LF:80
LH:80
end_of_record
SF:lib/src/charts/chrome/annotation_layer.dart
DA:15,11
DA:19,6
DA:25,5
DA:29,2
DA:59,6
DA:60,6
DA:62,6
DA:63,1
DA:64,2
DA:65,2
DA:67,1
DA:69,1
DA:70,4
DA:71,1
DA:72,1
DA:78,2
DA:79,0
DA:82,1
DA:85,1
DA:88,1
DA:91,1
DA:95,6
DA:97,6
DA:98,1
DA:101,1
DA:102,1
DA:103,2
DA:104,1
DA:106,1
DA:107,1
DA:108,1
DA:109,1
DA:111,3
DA:113,1
DA:120,6
DA:121,6
DA:124,8
DA:125,6
DA:126,2
DA:128,12
DA:133,1
DA:134,1
DA:135,1
DA:136,2
DA:137,1
DA:138,0
DA:139,0
DA:142,1
DA:145,6
DA:147,6
DA:148,1
DA:150,6
DA:151,6
DA:153,6
DA:154,14
DA:158,6
DA:161,8
DA:162,2
DA:163,4
DA:164,2
DA:165,4
DA:167,8
DA:168,2
DA:171,2
DA:172,4
DA:176,3
DA:178,10
DA:179,2
DA:182,2
DA:186,6
DA:187,2
DA:190,2
DA:191,4
DA:192,2
DA:197,2
DA:200,18
DA:204,12
DA:205,1
DA:206,1
DA:207,1
DA:208,1
DA:210,5
DA:217,6
DA:218,6
DA:219,6
DA:220,6
DA:221,18
DA:224,4
DA:226,4
DA:233,2
DA:234,4
DA:235,2
DA:236,1
DA:237,2
DA:239,4
DA:244,6
DA:245,6
DA:246,6
DA:247,12
DA:248,2
DA:249,6
DA:252,6
DA:261,6
DA:262,12
DA:268,18
DA:277,5
DA:317,6
DA:336,1
DA:343,1
DA:346,1
DA:353,3
DA:360,6
DA:368,6
DA:371,2
DA:372,2
DA:373,0
DA:374,2
DA:379,2
DA:380,1
DA:381,6
DA:383,10
DA:388,30
DA:389,30
DA:390,2
DA:392,4
DA:396,12
DA:412,6
DA:416,6
DA:421,6
DA:424,2
DA:425,2
DA:426,2
DA:429,6
DA:432,5
DA:433,5
DA:437,2
DA:440,2
DA:441,2
DA:445,1
DA:446,1
DA:447,1
DA:448,1
DA:449,1
DA:450,1
DA:455,6
DA:457,6
DA:463,6
DA:465,6
DA:467,8
DA:468,8
DA:471,2
DA:473,5
DA:474,5
DA:478,6
DA:480,6
DA:488,6
DA:515,6
DA:522,12
DA:523,12
DA:526,2
DA:527,18
DA:528,2
DA:529,1
DA:531,2
DA:533,18
DA:534,2
DA:535,1
DA:539,18
DA:540,18
DA:543,2
DA:544,6
DA:546,2
DA:553,24
DA:554,24
DA:555,12
DA:556,12
DA:558,12
DA:559,12
DA:562,6
DA:563,6
DA:566,18
DA:567,6
DA:577,3
DA:578,6
DA:587,3
DA:591,1
DA:592,3
DA:593,1
DA:596,1
DA:597,1
DA:600,1
DA:602,1
DA:609,3
DA:644,0
DA:646,0
DA:647,0
DA:648,0
DA:649,0
DA:650,0
DA:651,0
DA:652,0
DA:653,0
DA:654,0
DA:656,0
DA:657,0
DA:658,0
DA:659,0
DA:660,0
DA:661,0
DA:662,0
DA:663,0
DA:664,0
DA:665,0
DA:679,3
DA:688,3
DA:689,12
DA:690,3
DA:694,9
DA:695,3
DA:697,3
DA:702,2
DA:704,0
DA:706,6
DA:710,2
DA:711,2
DA:712,2
DA:715,4
DA:722,3
DA:728,9
DA:730,9
DA:731,15
DA:734,18
DA:735,3
DA:736,6
DA:737,6
DA:739,3
DA:740,3
DA:743,6
DA:746,3
DA:748,12
DA:750,12
DA:752,3
DA:753,3
DA:754,6
DA:755,3
DA:758,9
DA:772,3
DA:777,3
DA:779,6
DA:780,3
DA:781,6
DA:782,3
DA:783,6
DA:785,3
DA:787,3
DA:788,0
DA:789,9
DA:791,0
DA:794,9
DA:795,9
DA:796,15
DA:799,6
DA:800,0
DA:801,6
DA:803,6
DA:804,6
DA:805,0
DA:810,3
DA:816,3
DA:823,6
DA:824,18
DA:825,3
DA:826,9
DA:827,21
DA:828,21
DA:829,3
DA:831,12
DA:834,3
DA:836,3
DA:837,6
DA:838,3
DA:839,6
DA:840,3
DA:841,3
DA:845,0
DA:852,0
DA:853,0
DA:856,0
DA:860,0
DA:861,0
DA:863,0
DA:864,0
DA:865,0
DA:871,0
DA:872,0
DA:875,0
DA:876,0
DA:881,1
DA:883,3
DA:889,1
DA:899,6
DA:901,6
DA:902,1
DA:904,0
DA:906,0
DA:908,0
DA:910,0
DA:927,5
DA:949,6
DA:951,6
DA:952,6
DA:954,24
DA:956,12
DA:961,6
DA:962,6
DA:963,6
DA:970,6
DA:972,6
DA:973,6
DA:975,12
DA:976,12
DA:984,6
DA:985,6
DA:986,6
DA:987,7
DA:988,7
DA:989,7
DA:992,7
DA:993,6
DA:996,6
DA:997,6
DA:999,6
DA:1002,6
DA:1003,6
DA:1005,14
DA:1006,6
DA:1008,6
DA:1009,18
DA:1010,18
DA:1015,6
DA:1016,6
DA:1017,6
DA:1019,6
DA:1022,6
DA:1023,6
DA:1025,6
DA:1027,3
DA:1030,3
DA:1031,3
DA:1033,3
DA:1034,3
DA:1037,6
DA:1051,6
DA:1054,2
DA:1056,1
DA:1059,0
DA:1060,0
DA:1061,0
DA:1065,6
DA:1069,12
DA:1076,1
DA:1077,18
DA:1079,6
DA:1080,6
DA:1085,1
DA:1086,12
DA:1087,0
DA:1090,6
DA:1093,1
DA:1094,12
DA:1097,1
DA:1098,18
DA:1100,6
DA:1104,6
DA:1105,6
DA:1115,1
DA:1116,1
DA:1119,1
DA:1120,2
DA:1125,12
DA:1126,6
DA:1127,6
DA:1128,6
DA:1129,6
DA:1131,6
DA:1132,6
DA:1133,6
DA:1134,6
DA:1145,6
DA:1146,6
DA:1148,6
DA:1149,6
DA:1150,6
DA:1151,6
DA:1152,12
DA:1164,8
DA:1168,6
DA:1171,6
DA:1172,6
DA:1173,3
DA:1176,3
DA:1177,3
DA:1178,3
DA:1184,6
LF:404
LH:354
end_of_record
SF:lib/src/charts/chrome/annotation_layer_style.dart
DA:58,6
DA:67,12
DA:71,18
DA:78,6
DA:94,1
DA:107,1
DA:108,1
DA:109,1
DA:110,1
DA:111,1
DA:112,1
DA:113,1
DA:114,1
DA:115,1
DA:116,1
DA:117,1
DA:118,1
DA:119,1
DA:158,1
DA:159,1
DA:162,6
DA:168,1
DA:169,1
DA:170,2
DA:171,2
DA:172,2
DA:173,2
DA:174,2
DA:175,2
DA:176,2
DA:177,2
DA:179,2
DA:180,2
DA:181,2
DA:186,0
DA:199,0
DA:200,0
DA:216,0
DA:218,0
DA:219,0
DA:220,0
DA:221,0
DA:222,0
DA:223,0
DA:224,0
DA:225,0
DA:226,0
DA:227,0
DA:228,0
DA:229,0
DA:230,0
DA:232,0
DA:233,0
DA:234,0
DA:235,0
DA:236,0
DA:237,0
DA:238,0
DA:239,0
DA:240,0
DA:241,0
DA:242,0
DA:243,0
DA:244,0
DA:245,0
DA:255,6
DA:257,6
DA:258,6
DA:260,6
DA:261,12
DA:266,18
DA:273,6
DA:274,6
DA:286,6
DA:287,12
DA:290,6
DA:291,12
LF:77
LH:46
end_of_record
SF:lib/src/charts/chrome/axis_label_tooltip.dart
DA:28,0
DA:45,1
DA:46,1
DA:47,2
DA:49,3
DA:52,1
LF:6
LH:5
end_of_record
SF:lib/src/charts/chrome/chart_popover.dart
DA:24,46
DA:71,0
DA:81,15
DA:82,15
DA:83,0
DA:85,0
DA:87,0
DA:89,0
DA:91,0
DA:98,13
DA:104,13
DA:106,13
DA:109,13
DA:110,52
DA:111,13
DA:112,13
DA:113,13
DA:114,13
DA:115,13
DA:117,26
DA:123,13
DA:126,13
DA:134,13
DA:137,13
DA:138,52
DA:141,13
DA:142,13
DA:143,26
DA:150,13
DA:151,13
DA:154,13
DA:155,13
DA:157,26
DA:158,13
DA:168,13
DA:169,13
DA:173,2
DA:175,2
DA:176,2
DA:177,4
DA:179,2
DA:180,4
DA:181,2
DA:183,2
DA:184,2
DA:185,4
DA:186,4
DA:189,2
DA:190,4
DA:191,4
DA:202,13
DA:203,4
DA:205,12
DA:206,12
DA:207,4
DA:208,4
DA:209,4
DA:210,8
DA:216,4
DA:217,4
DA:218,8
DA:231,5
DA:232,15
DA:240,3
DA:252,6
DA:258,5
DA:264,5
DA:265,5
DA:267,5
DA:268,15
DA:269,5
DA:270,5
DA:273,5
DA:277,15
DA:281,5
DA:284,5
DA:285,5
DA:288,5
DA:291,5
DA:292,5
DA:293,10
DA:299,3
DA:305,4
DA:312,5
DA:313,0
DA:314,0
DA:315,0
DA:321,5
DA:331,17
DA:332,5
DA:333,13
DA:335,5
DA:336,20
DA:337,5
DA:338,5
DA:339,5
DA:347,5
DA:350,5
DA:351,20
DA:355,5
DA:357,15
DA:362,5
DA:365,15
DA:369,5
DA:377,5
DA:379,3
DA:387,3
DA:388,3
DA:391,6
DA:402,3
DA:404,6
DA:405,3
DA:409,5
DA:412,5
DA:416,3
DA:418,5
DA:420,5
DA:423,5
DA:426,2
DA:427,5
DA:430,3
DA:433,3
DA:435,3
DA:436,3
DA:439,3
DA:440,3
DA:441,3
DA:442,6
DA:452,3
DA:453,6
DA:454,3
DA:455,3
DA:456,3
DA:463,5
DA:466,5
DA:467,4
DA:477,2
DA:478,8
DA:495,15
DA:506,15
DA:510,30
DA:512,15
DA:516,60
DA:517,60
DA:518,42
DA:519,13
DA:521,30
DA:522,66
DA:523,15
DA:524,15
DA:525,15
DA:528,4
DA:530,15
DA:550,14
DA:566,15
DA:568,15
DA:569,15
DA:571,60
DA:577,30
DA:578,3
DA:579,30
DA:580,5
DA:581,5
DA:583,10
DA:586,13
DA:587,13
DA:589,26
DA:597,15
DA:598,15
DA:606,15
DA:607,15
DA:608,15
DA:609,15
DA:610,15
DA:611,15
DA:612,15
DA:617,15
DA:618,15
DA:619,15
DA:620,30
DA:625,15
LF:181
LH:172
end_of_record
SF:lib/src/charts/chrome/chart_popover_style.dart
DA:60,15
DA:156,15
DA:158,0
DA:159,0
DA:160,0
DA:161,0
DA:162,0
DA:163,0
DA:164,0
DA:165,0
DA:166,0
DA:167,0
DA:168,0
DA:169,0
DA:170,0
DA:171,0
DA:172,0
DA:173,0
DA:174,0
DA:175,0
DA:177,0
DA:178,0
DA:179,0
DA:180,0
DA:181,0
DA:182,0
DA:189,0
DA:213,0
DA:214,0
DA:242,0
DA:266,0
DA:267,0
DA:268,0
DA:269,0
DA:270,0
DA:271,0
DA:272,0
DA:273,0
DA:274,0
DA:275,0
DA:276,0
DA:277,0
DA:278,0
DA:279,0
DA:280,0
DA:281,0
DA:282,0
DA:283,0
DA:284,0
DA:285,0
DA:286,0
DA:287,0
DA:288,0
DA:289,0
DA:292,0
DA:293,0
DA:295,2
DA:296,1
DA:297,1
DA:298,1
DA:299,1
DA:300,1
DA:301,1
DA:302,1
DA:303,1
DA:304,1
DA:305,1
DA:306,1
DA:307,1
DA:308,1
DA:309,1
DA:310,1
DA:311,1
DA:312,1
DA:313,1
DA:314,1
DA:315,1
DA:316,1
DA:317,1
DA:324,2
DA:327,1
DA:329,4
DA:332,1
DA:333,2
DA:337,15
DA:338,15
DA:341,15
DA:353,15
DA:354,15
DA:357,15
DA:358,30
DA:364,15
DA:365,30
DA:367,15
DA:368,15
DA:369,15
DA:379,30
DA:380,30
DA:381,30
DA:385,15
DA:386,30
DA:388,15
DA:389,15
DA:395,15
DA:396,15
DA:398,15
DA:399,30
DA:409,15
DA:410,30
LF:109
LH:55
end_of_record
SF:lib/src/charts/chrome/chart_title.dart
DA:66,30
DA:70,60
DA:72,38
DA:73,30
DA:74,40
DA:75,40
DA:102,16
DA:103,16
DA:104,80
DA:105,96
DA:106,48
DA:107,32
DA:122,16
DA:166,16
DA:168,32
DA:171,64
DA:174,64
DA:177,16
DA:178,16
DA:179,64
DA:180,0
DA:184,64
DA:186,16
DA:187,80
DA:188,32
DA:190,16
DA:193,16
DA:194,16
DA:196,48
DA:198,48
DA:201,32
DA:202,16
DA:203,16
DA:206,2
DA:208,6
DA:209,6
DA:210,6
DA:211,6
DA:212,6
DA:213,6
DA:214,6
DA:215,6
DA:229,10
DA:231,5
DA:232,5
DA:249,5
DA:265,6
DA:267,6
DA:268,8
DA:269,6
DA:270,6
DA:271,3
DA:275,12
DA:277,6
DA:280,6
DA:282,6
LF:56
LH:55
end_of_record
SF:lib/src/charts/chrome/event_annotation.dart
DA:57,3
DA:87,3
DA:93,3
DA:97,6
DA:98,3
DA:99,3
DA:102,3
DA:107,9
DA:108,2
DA:109,2
DA:110,2
DA:113,2
DA:116,2
DA:117,1
DA:118,1
DA:121,1
DA:129,2
DA:133,4
DA:136,2
DA:137,8
DA:138,2
DA:139,2
DA:140,4
DA:146,2
DA:147,2
DA:151,8
DA:165,3
DA:188,3
DA:228,3
DA:230,3
DA:231,6
DA:232,3
DA:235,3
DA:237,6
DA:238,3
DA:240,9
DA:241,9
DA:251,3
DA:252,9
DA:254,6
DA:255,6
DA:258,3
DA:260,9
DA:263,6
DA:265,6
DA:267,9
DA:268,6
DA:269,3
DA:270,2
DA:272,6
DA:273,3
DA:277,3
DA:278,6
DA:279,3
DA:282,6
DA:285,3
DA:286,9
DA:288,3
DA:289,6
DA:290,9
DA:294,3
DA:299,0
DA:301,0
DA:302,0
DA:303,0
DA:304,0
DA:305,0
DA:306,0
DA:307,0
DA:308,0
DA:309,0
DA:325,3
DA:374,3
DA:376,3
DA:378,6
DA:379,11
DA:380,3
DA:381,18
DA:387,3
DA:388,9
DA:389,12
DA:390,6
DA:393,6
DA:394,3
DA:397,6
DA:398,3
DA:399,3
DA:402,3
DA:403,3
DA:404,3
DA:406,3
DA:407,3
DA:408,3
DA:410,9
DA:411,8
DA:412,8
DA:413,3
DA:414,3
DA:417,6
DA:418,3
DA:419,6
DA:420,3
DA:421,9
DA:422,9
DA:424,9
DA:425,6
DA:426,12
LF:107
LH:97
end_of_record
SF:lib/src/charts/chrome/legend.dart
DA:92,56
DA:161,10
DA:167,10
DA:169,18
DA:171,2
DA:172,2
DA:173,2
DA:175,4
DA:194,52
DA:201,67
DA:203,54
DA:219,50
DA:224,50
DA:225,50
DA:226,50
DA:227,150
DA:245,50
DA:251,100
DA:252,50
DA:256,97
DA:258,12
DA:261,12
DA:262,6
DA:263,6
DA:264,6
DA:267,6
DA:295,52
DA:355,52
DA:358,156
DA:359,156
DA:360,156
DA:361,156
DA:362,156
DA:363,52
DA:364,45
DA:365,104
DA:366,52
DA:367,45
DA:369,52
DA:370,45
DA:374,104
DA:377,156
DA:389,156
DA:391,52
DA:392,52
DA:393,52
DA:396,52
DA:402,52
DA:408,6
DA:409,3
DA:410,52
DA:418,3
DA:419,52
DA:420,52
DA:421,52
DA:422,104
DA:423,52
DA:425,52
DA:427,52
DA:429,52
DA:430,52
DA:432,52
DA:436,52
DA:439,52
DA:440,52
DA:442,52
DA:453,52
DA:454,156
DA:460,7
DA:461,4
DA:462,4
DA:466,8
DA:477,52
DA:478,52
DA:479,104
DA:480,52
DA:481,104
DA:482,156
DA:485,104
DA:486,6
DA:495,1
DA:505,52
DA:506,52
DA:507,1
DA:509,0
DA:511,0
DA:513,0
DA:515,0
DA:539,51
DA:599,52
DA:600,52
DA:617,52
DA:619,52
DA:620,52
DA:621,52
DA:624,19
DA:626,19
DA:630,76
DA:631,15
DA:632,30
DA:633,15
DA:635,60
DA:636,10
DA:638,19
DA:641,52
DA:643,104
DA:644,52
DA:646,52
DA:649,52
DA:650,114
DA:651,102
DA:654,52
DA:655,312
DA:656,156
DA:658,312
DA:659,0
DA:661,209
DA:664,30
DA:666,10
DA:667,30
DA:668,10
DA:669,10
DA:670,10
DA:671,20
DA:672,30
DA:675,16
DA:676,38
DA:678,13
DA:681,1
DA:682,2
DA:689,8
DA:690,4
DA:693,1
DA:694,2
DA:695,6
DA:696,4
DA:699,1
DA:700,2
DA:705,3
DA:706,1
DA:707,1
DA:708,1
DA:710,1
DA:711,1
DA:713,1
DA:714,1
DA:716,1
DA:717,1
DA:724,2
DA:729,10
DA:730,3
DA:732,6
DA:736,2
DA:737,8
DA:738,4
DA:740,1
DA:741,3
DA:742,2
DA:749,14
DA:750,14
DA:754,7
DA:755,20
DA:756,6
DA:761,24
DA:762,6
DA:763,1
DA:766,1
DA:767,1
DA:769,5
DA:780,50
DA:785,100
DA:788,100
DA:789,50
DA:790,50
DA:791,50
DA:792,100
DA:793,150
DA:801,100
DA:802,200
DA:804,50
DA:805,150
DA:806,50
DA:808,50
DA:810,50
DA:813,100
DA:814,50
DA:823,50
DA:825,100
DA:828,50
DA:831,100
DA:834,50
DA:840,53
DA:845,6
DA:849,6
DA:850,18
DA:851,6
DA:854,36
DA:855,6
DA:856,30
DA:858,2
DA:861,12
DA:870,24
DA:880,50
DA:881,300
DA:916,104
DA:917,52
DA:920,52
DA:921,52
DA:923,52
DA:924,52
DA:925,156
DA:926,52
DA:931,52
DA:933,52
DA:934,52
DA:936,260
DA:938,52
DA:939,260
DA:940,52
DA:941,260
DA:942,156
DA:943,104
DA:944,52
DA:945,208
DA:946,52
DA:947,52
DA:949,312
DA:951,156
DA:953,104
DA:954,208
DA:955,20
DA:956,2
DA:957,2
DA:961,52
DA:962,104
DA:963,52
DA:972,52
DA:973,52
DA:978,104
DA:981,52
DA:982,104
DA:983,7
DA:984,50
LF:243
LH:238
end_of_record
SF:lib/src/charts/chrome/legend_shape.dart
DA:113,8
DA:115,8
DA:123,7
DA:124,7
DA:125,7
DA:130,7
DA:131,7
DA:136,4
DA:138,3
DA:139,3
DA:140,3
DA:141,3
DA:142,3
DA:143,3
DA:144,2
DA:145,2
DA:149,2
DA:150,2
DA:151,4
DA:152,2
DA:153,2
DA:154,2
DA:157,2
DA:158,2
DA:159,2
DA:160,2
DA:161,2
DA:162,2
DA:163,1
DA:165,1
DA:166,1
DA:167,1
DA:168,1
DA:169,1
DA:170,1
DA:171,1
DA:172,1
DA:173,1
DA:176,0
DA:177,0
DA:178,0
DA:179,0
DA:180,0
DA:181,0
DA:182,0
DA:183,1
DA:186,1
DA:187,1
DA:188,1
DA:189,1
DA:190,1
DA:191,1
DA:192,1
DA:193,1
DA:194,1
DA:195,1
DA:196,1
DA:200,1
DA:201,1
DA:202,1
DA:203,1
DA:204,1
DA:205,1
DA:206,1
DA:207,1
DA:208,1
DA:219,8
DA:222,10
DA:224,8
DA:261,7
DA:283,8
DA:285,16
DA:286,16
DA:288,8
DA:290,24
DA:306,24
DA:307,8
DA:311,32
DA:312,16
DA:313,4
DA:315,4
DA:316,8
DA:317,4
DA:318,8
DA:321,8
DA:324,1
DA:326,3
DA:327,3
DA:328,3
DA:329,3
DA:358,4
DA:359,16
DA:371,3
DA:377,4
DA:379,4
DA:380,8
DA:389,4
DA:394,8
DA:395,4
DA:396,8
DA:397,4
DA:412,4
DA:413,16
DA:414,8
DA:415,4
DA:416,4
DA:417,4
DA:421,4
DA:422,4
DA:423,4
DA:428,4
DA:431,0
DA:433,0
LF:113
LH:104
end_of_record
SF:lib/src/charts/chrome/legend_style.dart
DA:82,53
DA:130,53
DA:132,2
DA:133,4
DA:134,4
DA:135,4
DA:136,4
DA:137,4
DA:138,4
DA:139,4
DA:140,4
DA:141,2
DA:142,4
DA:143,4
DA:148,0
DA:160,0
DA:161,0
DA:162,0
DA:163,0
DA:164,0
DA:165,0
DA:166,0
DA:167,0
DA:168,0
DA:169,0
DA:170,0
DA:171,0
DA:175,2
DA:187,2
DA:188,2
DA:189,2
DA:190,2
DA:191,2
DA:192,2
DA:193,2
DA:194,2
DA:195,2
DA:196,2
DA:197,2
DA:198,2
DA:201,2
DA:202,2
DA:204,1
DA:206,1
DA:207,3
DA:208,3
DA:209,3
DA:210,3
DA:211,3
DA:212,3
DA:213,3
DA:214,3
DA:215,3
DA:216,3
DA:217,3
DA:219,1
DA:220,1
DA:221,1
DA:222,1
DA:223,1
DA:224,1
DA:225,1
DA:226,1
DA:227,1
DA:228,1
DA:229,1
DA:230,1
DA:231,1
DA:242,53
DA:243,53
DA:244,53
DA:262,53
DA:263,106
DA:265,53
DA:266,106
DA:273,53
DA:274,53
LF:77
LH:64
end_of_record
SF:lib/src/charts/declarative_chart.dart
DA:35,3
DA:48,0
DA:50,0
DA:54,0
DA:55,0
DA:57,0
DA:59,0
DA:98,1
DA:102,1
DA:103,1
DA:104,1
DA:107,1
DA:108,1
DA:109,1
DA:127,1
DA:130,1
DA:134,1
DA:136,1
DA:139,1
DA:141,1
DA:142,1
DA:149,0
DA:159,6
DA:160,6
DA:161,0
DA:163,0
DA:165,0
DA:225,4
DA:259,6
DA:260,6
DA:272,2
DA:285,6
DA:287,6
DA:288,24
DA:289,13
DA:292,2
DA:294,2
DA:295,8
DA:296,2
DA:297,3
DA:302,6
DA:303,2
DA:304,4
DA:305,2
DA:310,6
DA:312,13
DA:313,6
DA:317,1
DA:325,1
DA:326,1
DA:327,1
DA:329,4
DA:330,3
DA:331,3
DA:332,0
DA:337,1
DA:338,1
DA:340,1
DA:343,1
DA:344,1
DA:345,0
DA:347,3
DA:350,1
DA:351,3
DA:353,3
DA:354,1
DA:355,3
DA:363,3
DA:364,3
DA:365,6
DA:368,3
DA:369,6
DA:370,3
DA:373,0
DA:375,0
DA:376,0
DA:377,0
DA:378,0
DA:380,0
DA:392,6
DA:398,6
DA:399,12
DA:401,6
DA:402,0
DA:409,6
DA:410,2
DA:417,6
DA:418,0
DA:425,6
DA:426,0
DA:433,6
DA:434,0
DA:441,6
DA:442,0
DA:449,6
DA:450,0
DA:457,6
DA:458,0
DA:465,6
DA:466,2
DA:467,2
DA:475,2
DA:477,5
DA:478,1
DA:479,1
DA:485,5
DA:486,0
DA:487,0
DA:493,5
DA:494,0
DA:501,5
DA:502,0
DA:509,5
DA:510,0
DA:517,5
DA:520,2
DA:527,4
DA:528,0
DA:529,0
DA:531,4
DA:539,4
DA:559,6
DA:565,4
DA:568,1
DA:569,2
DA:570,2
DA:571,2
DA:574,6
DA:576,6
DA:577,6
DA:579,6
DA:580,12
DA:584,12
DA:585,6
DA:588,6
DA:589,0
DA:595,0
DA:600,12
DA:603,6
DA:609,24
DA:610,6
DA:614,6
DA:615,6
DA:616,1
DA:619,1
DA:625,6
DA:629,6
DA:630,6
DA:631,6
DA:632,6
DA:633,30
DA:635,12
DA:636,6
DA:637,24
DA:638,24
DA:640,6
DA:641,6
DA:645,6
DA:647,12
DA:649,0
DA:653,24
DA:654,6
DA:656,6
DA:657,12
DA:659,6
DA:660,2
DA:661,2
DA:662,6
DA:663,0
DA:664,0
DA:666,0
DA:670,12
DA:671,10
DA:675,18
DA:680,12
DA:681,6
DA:686,6
DA:690,6
DA:697,6
DA:701,6
DA:702,12
DA:707,6
DA:710,12
DA:713,6
DA:714,1
DA:715,12
DA:716,6
DA:717,6
DA:719,24
DA:725,12
DA:726,12
DA:727,0
DA:728,6
DA:729,0
DA:730,18
DA:735,18
DA:736,6
DA:742,6
DA:748,6
DA:749,5
DA:750,6
DA:759,14
DA:762,6
DA:763,6
DA:766,6
DA:771,10
DA:772,2
DA:773,2
DA:775,4
DA:777,2
DA:778,4
DA:784,6
DA:787,4
DA:790,4
DA:798,4
DA:799,4
DA:800,4
DA:801,4
DA:802,2
DA:808,6
DA:812,24
DA:813,12
DA:814,12
DA:823,4
DA:825,4
DA:827,4
DA:828,12
DA:829,4
DA:834,4
DA:835,12
DA:836,4
DA:837,4
DA:845,4
DA:846,8
DA:847,8
DA:854,1
DA:859,2
DA:861,1
DA:863,0
DA:865,0
LF:240
LH:198
end_of_record
SF:lib/src/charts/declarative_chart_style.dart
DA:24,12
DA:33,7
DA:39,7
DA:40,7
DA:41,7
DA:42,7
DA:43,7
DA:44,7
DA:83,7
DA:85,1
DA:86,2
DA:87,1
DA:88,2
DA:90,2
DA:91,2
DA:96,1
DA:102,1
DA:103,1
DA:104,1
DA:105,1
DA:106,1
DA:107,0
DA:110,7
DA:111,7
DA:113,1
DA:115,1
DA:116,3
DA:117,3
DA:118,3
DA:119,3
DA:120,3
DA:122,1
DA:123,1
DA:124,1
DA:125,1
DA:126,1
DA:127,1
DA:128,1
DA:137,7
DA:142,7
DA:143,7
DA:144,7
DA:152,14
DA:153,7
DA:157,14
DA:158,7
DA:161,7
DA:165,14
LF:48
LH:47
end_of_record
SF:lib/src/charts/donut_chart.dart
DA:44,6
DA:85,6
DA:95,6
DA:118,6
DA:119,18
DA:120,12
DA:121,9
DA:122,6
DA:123,3
DA:131,6
DA:132,6
DA:133,18
DA:135,6
DA:136,11
DA:142,12
DA:143,12
DA:147,6
DA:148,6
DA:149,22
DA:150,2
DA:151,2
DA:153,6
DA:156,6
DA:161,6
DA:162,6
DA:163,18
DA:168,6
DA:169,12
DA:171,6
DA:175,6
DA:176,12
DA:177,18
DA:178,6
DA:185,12
DA:186,12
DA:189,6
DA:190,6
DA:191,18
DA:192,6
DA:193,6
DA:195,12
DA:196,12
DA:197,12
DA:198,12
DA:199,12
DA:207,30
DA:233,5
DA:234,20
DA:253,5
DA:258,5
DA:259,5
DA:260,5
DA:261,15
DA:265,5
DA:270,5
DA:271,5
DA:272,5
DA:273,5
DA:274,5
DA:275,5
DA:276,5
DA:277,5
DA:281,5
DA:288,4
DA:321,5
DA:377,5
DA:379,20
DA:380,10
DA:381,0
DA:382,0
DA:383,0
DA:384,0
DA:385,0
DA:386,0
DA:390,5
DA:391,10
DA:392,35
DA:394,5
DA:395,10
DA:396,5
DA:397,5
DA:398,10
DA:399,25
DA:402,9
DA:403,16
DA:404,16
DA:406,4
DA:407,10
DA:408,4
DA:414,16
DA:415,16
DA:416,4
DA:420,1
DA:422,3
DA:423,0
DA:424,0
DA:425,0
DA:426,0
DA:427,0
DA:433,0
DA:443,5
DA:444,5
DA:445,0
DA:447,0
DA:449,0
DA:451,0
DA:453,0
DA:467,6
DA:538,5
DA:539,5
DA:560,15
DA:561,1
DA:562,5
DA:563,0
DA:567,2
DA:569,1
DA:570,1
DA:575,5
DA:576,12
DA:578,1
DA:579,2
DA:581,3
DA:584,4
DA:585,1
DA:589,5
DA:591,15
DA:594,20
DA:595,1
DA:598,2
DA:603,5
DA:604,5
DA:606,25
DA:611,15
DA:613,3
DA:614,9
DA:616,6
DA:630,25
DA:632,5
DA:634,5
DA:635,5
DA:636,5
DA:637,10
DA:648,15
DA:651,15
DA:652,5
DA:658,5
DA:671,10
DA:672,10
DA:679,10
DA:680,2
DA:681,4
DA:687,5
DA:688,10
DA:690,5
DA:692,10
DA:693,5
DA:694,10
DA:695,10
DA:697,10
DA:698,10
DA:699,10
DA:700,10
DA:702,5
DA:703,5
DA:705,10
DA:707,10
DA:708,5
DA:710,5
DA:711,10
DA:712,5
DA:713,3
DA:716,5
DA:717,5
DA:719,5
DA:722,5
DA:728,15
DA:729,5
DA:733,5
DA:735,15
DA:736,5
DA:738,0
DA:739,0
DA:740,0
DA:742,0
DA:743,0
DA:744,5
DA:754,5
DA:768,25
DA:769,3
DA:770,3
DA:771,3
DA:772,3
DA:776,3
DA:777,9
DA:779,3
DA:780,3
DA:784,6
DA:791,6
DA:794,3
DA:798,5
DA:799,5
DA:800,5
DA:804,5
DA:806,5
DA:807,10
DA:809,10
DA:810,10
DA:811,10
DA:812,10
DA:813,5
DA:814,5
DA:815,5
DA:819,20
DA:820,5
DA:821,10
DA:822,5
DA:823,10
DA:825,15
DA:829,3
DA:830,15
DA:831,0
DA:832,0
DA:833,0
DA:835,0
DA:837,0
DA:838,0
DA:839,0
DA:856,5
DA:858,15
DA:859,5
DA:861,9
DA:863,15
DA:864,5
DA:869,3
DA:870,1
DA:872,1
DA:873,1
DA:875,5
DA:877,15
DA:879,5
DA:880,10
DA:881,5
DA:887,0
DA:892,0
DA:893,0
DA:896,0
DA:899,0
DA:902,0
DA:903,0
DA:904,0
DA:905,0
DA:910,0
DA:911,0
DA:912,0
DA:913,0
DA:919,5
DA:924,10
DA:927,8
DA:928,4
DA:929,8
DA:931,8
DA:932,12
DA:935,4
DA:936,4
DA:937,8
DA:938,20
DA:939,12
DA:942,4
DA:943,4
DA:944,4
DA:945,4
DA:946,4
DA:947,4
DA:948,4
DA:954,4
DA:955,4
DA:957,24
DA:958,16
DA:959,4
DA:960,4
DA:961,8
DA:963,6
DA:964,15
DA:967,4
DA:968,8
DA:970,8
DA:972,20
DA:988,5
DA:993,25
DA:996,8
DA:1000,3
DA:1002,9
DA:1004,0
DA:1005,0
DA:1006,0
DA:1010,3
DA:1013,0
DA:1014,0
DA:1015,0
DA:1020,9
DA:1022,3
DA:1030,3
DA:1038,6
DA:1039,3
DA:1042,15
DA:1044,9
DA:1048,6
DA:1050,12
DA:1052,9
DA:1053,9
DA:1054,15
DA:1055,3
DA:1058,9
DA:1059,3
DA:1060,3
DA:1063,3
DA:1073,3
DA:1074,15
DA:1075,3
DA:1076,3
DA:1077,6
DA:1078,3
DA:1079,15
DA:1080,0
DA:1081,0
DA:1082,0
DA:1083,0
DA:1086,6
DA:1090,5
DA:1097,5
DA:1099,10
DA:1101,10
DA:1102,10
DA:1107,10
DA:1108,5
DA:1109,5
DA:1112,10
DA:1113,10
DA:1116,5
DA:1117,2
DA:1118,5
DA:1119,5
DA:1120,5
DA:1121,5
DA:1123,5
DA:1125,0
DA:1126,0
DA:1127,0
DA:1128,0
DA:1131,0
DA:1132,0
LF:351
LH:292
end_of_record
SF:lib/src/charts/donut_chart_style.dart
DA:22,6
DA:176,6
DA:178,1
DA:179,2
DA:180,2
DA:181,1
DA:182,2
DA:183,2
DA:185,2
DA:186,2
DA:187,2
DA:188,2
DA:189,2
DA:191,2
DA:192,2
DA:194,2
DA:195,2
DA:196,2
DA:197,2
DA:198,2
DA:199,2
DA:200,2
DA:201,2
DA:202,2
DA:207,1
DA:229,1
DA:230,1
DA:231,1
DA:232,1
DA:233,1
DA:234,0
DA:235,1
DA:236,1
DA:237,1
DA:238,1
DA:239,1
DA:241,1
DA:242,1
DA:243,1
DA:244,1
DA:245,1
DA:246,1
DA:247,1
DA:248,1
DA:249,1
DA:250,1
DA:251,1
DA:258,6
DA:280,6
DA:281,6
DA:282,6
DA:283,6
DA:284,6
DA:285,6
DA:286,6
DA:287,6
DA:288,6
DA:289,6
DA:290,6
DA:291,6
DA:292,6
DA:293,6
DA:294,6
DA:295,6
DA:296,6
DA:297,6
DA:298,6
DA:299,6
DA:300,6
DA:301,6
DA:304,6
DA:305,6
DA:307,1
DA:309,1
DA:310,3
DA:311,3
DA:312,3
DA:313,3
DA:314,3
DA:315,3
DA:316,3
DA:317,3
DA:318,3
DA:319,3
DA:320,3
DA:321,3
DA:322,3
DA:323,3
DA:324,3
DA:325,3
DA:326,3
DA:327,3
DA:328,3
DA:329,3
DA:330,3
DA:334,1
DA:335,2
DA:336,1
DA:337,1
DA:338,1
DA:339,1
DA:340,1
DA:341,1
DA:342,1
DA:343,1
DA:344,1
DA:345,1
DA:346,1
DA:347,1
DA:348,1
DA:349,1
DA:350,1
DA:351,1
DA:352,1
DA:353,1
DA:354,1
DA:355,1
DA:356,1
DA:365,6
DA:366,6
DA:367,6
DA:371,12
DA:374,12
DA:387,6
DA:401,18
DA:402,12
DA:404,18
DA:405,12
DA:407,6
DA:409,12
LF:130
LH:129
end_of_record
SF:lib/src/charts/funnel_chart.dart
DA:39,2
DA:62,4
DA:68,12
DA:98,5
DA:99,15
DA:116,6
DA:142,5
DA:143,20
DA:148,4
DA:155,8
DA:156,4
DA:158,12
DA:159,12
DA:161,12
DA:162,16
DA:165,8
DA:166,8
DA:167,2
DA:168,2
DA:170,12
DA:174,12
DA:175,12
DA:177,4
DA:182,8
DA:183,12
DA:184,8
DA:187,8
DA:190,4
DA:191,8
DA:192,12
DA:193,16
DA:194,12
DA:195,4
DA:196,4
DA:211,4
DA:218,8
DA:219,4
DA:221,12
DA:222,12
DA:224,12
DA:225,16
DA:228,8
DA:229,8
DA:230,4
DA:231,8
DA:233,12
DA:238,4
DA:243,12
DA:244,4
DA:248,8
DA:251,7
DA:257,6
DA:258,3
DA:261,8
DA:262,4
DA:265,4
DA:266,8
DA:270,4
DA:271,4
DA:272,4
DA:273,8
DA:274,8
DA:275,4
DA:276,4
DA:290,3
DA:299,6
DA:300,3
DA:302,6
DA:304,3
DA:305,6
DA:309,5
DA:310,2
DA:311,4
DA:313,12
DA:314,2
DA:315,8
DA:317,3
DA:318,6
DA:320,15
DA:322,12
DA:325,15
DA:326,3
DA:328,15
DA:329,3
DA:331,12
DA:333,9
DA:337,6
DA:338,6
DA:343,4
DA:344,4
DA:345,2
DA:348,3
DA:352,3
DA:353,6
DA:354,6
DA:355,9
DA:356,9
DA:357,3
DA:358,3
DA:372,2
DA:381,4
DA:382,2
DA:384,4
DA:386,2
DA:387,4
DA:391,4
DA:392,2
DA:393,4
DA:395,12
DA:396,2
DA:397,8
DA:399,2
DA:400,4
DA:402,10
DA:404,8
DA:405,2
DA:406,4
DA:409,10
DA:410,2
DA:412,10
DA:413,2
DA:415,6
DA:423,6
DA:424,4
DA:425,4
DA:426,2
DA:430,4
DA:431,4
DA:435,4
DA:437,8
DA:439,6
DA:442,4
DA:443,2
DA:449,2
DA:450,2
DA:451,2
DA:452,2
DA:453,2
DA:454,2
DA:455,2
DA:465,5
DA:466,30
DA:470,3
DA:473,9
DA:475,6
DA:480,3
DA:481,9
DA:484,3
DA:485,3
DA:490,3
DA:491,6
DA:492,6
DA:493,3
DA:505,3
DA:506,6
DA:513,5
DA:556,5
DA:596,5
DA:597,25
DA:604,10
DA:605,15
DA:606,5
DA:607,10
DA:610,1
DA:611,5
DA:612,4
DA:613,1
DA:614,2
DA:620,5
DA:622,15
DA:623,10
DA:624,10
DA:628,5
DA:630,5
DA:631,10
DA:632,5
DA:635,5
DA:637,10
DA:638,5
DA:642,10
DA:644,15
DA:646,10
DA:649,8
DA:650,10
DA:651,5
DA:653,5
DA:654,15
DA:661,15
DA:662,5
DA:665,5
DA:669,1
DA:671,3
DA:672,0
DA:673,0
DA:674,0
DA:680,0
DA:690,4
DA:691,4
DA:692,0
DA:694,0
DA:696,0
DA:698,0
DA:700,0
DA:710,3
DA:751,4
DA:752,4
DA:761,12
DA:762,1
DA:763,4
DA:767,4
DA:768,10
DA:780,2
DA:781,1
DA:782,1
DA:783,1
DA:784,1
DA:787,4
DA:790,12
DA:791,1
DA:794,2
DA:799,4
DA:800,4
DA:802,20
DA:804,4
DA:805,4
DA:806,8
DA:807,8
DA:808,12
DA:809,8
DA:810,8
DA:812,4
DA:813,4
DA:815,8
DA:816,3
DA:817,3
DA:818,0
DA:820,8
DA:821,3
DA:822,3
DA:823,0
DA:827,8
DA:828,4
DA:829,3
DA:830,9
DA:831,6
DA:832,6
DA:836,12
DA:837,8
DA:840,8
DA:841,8
DA:843,4
DA:844,4
DA:845,4
DA:847,4
DA:849,1
DA:850,2
DA:851,1
DA:852,1
DA:853,1
DA:860,2
DA:861,4
DA:862,2
DA:863,2
DA:864,4
DA:866,6
DA:869,2
DA:870,10
DA:872,8
DA:873,6
DA:874,2
DA:875,6
DA:876,2
DA:879,4
DA:885,1
DA:888,2
DA:895,2
DA:896,2
DA:897,2
DA:900,4
DA:901,1
DA:902,6
DA:903,2
DA:905,2
DA:906,4
DA:907,4
DA:913,4
DA:914,12
DA:915,10
DA:917,8
DA:921,20
DA:922,12
DA:923,4
DA:924,12
DA:925,3
DA:927,6
DA:932,3
DA:934,6
DA:940,4
DA:941,4
DA:942,4
DA:945,6
DA:946,12
DA:947,4
DA:948,4
DA:949,4
DA:950,8
DA:956,8
DA:957,4
DA:958,16
DA:960,4
DA:976,13
DA:978,1
DA:982,4
DA:985,8
DA:986,0
DA:987,4
DA:993,4
DA:997,12
DA:998,4
DA:1000,4
DA:1001,4
DA:1006,14
DA:1008,3
DA:1009,3
DA:1010,6
DA:1012,6
DA:1013,0
DA:1016,3
DA:1020,4
DA:1021,4
DA:1022,0
DA:1023,0
DA:1024,0
DA:1026,4
DA:1027,4
DA:1028,4
DA:1033,4
DA:1039,0
DA:1040,0
DA:1044,0
DA:1045,0
DA:1048,0
DA:1049,0
DA:1050,0
DA:1057,4
DA:1058,4
DA:1059,4
DA:1060,4
DA:1065,12
DA:1066,4
DA:1067,16
DA:1068,4
DA:1069,4
DA:1070,12
DA:1075,12
DA:1076,3
DA:1077,1
DA:1078,1
DA:1079,0
DA:1080,0
DA:1081,0
DA:1082,0
DA:1085,4
DA:1086,4
DA:1095,4
DA:1096,0
DA:1097,0
DA:1098,0
DA:1099,0
DA:1100,0
DA:1105,0
DA:1106,0
DA:1107,0
DA:1108,0
DA:1109,0
DA:1111,0
DA:1119,8
DA:1120,4
DA:1122,4
DA:1124,8
DA:1127,4
DA:1128,4
DA:1129,1
DA:1130,3
DA:1142,4
DA:1146,4
DA:1148,2
DA:1150,6
DA:1151,6
DA:1152,2
DA:1153,2
DA:1154,5
DA:1156,2
DA:1159,4
DA:1160,4
DA:1163,20
DA:1164,4
DA:1165,4
DA:1166,20
DA:1167,16
DA:1168,2
DA:1176,4
DA:1177,4
DA:1180,0
DA:1181,0
DA:1182,0
LF:406
LH:365
end_of_record
SF:lib/src/charts/funnel_chart_style.dart
DA:20,5
DA:107,5
DA:109,1
DA:110,2
DA:111,2
DA:112,2
DA:114,2
DA:115,2
DA:116,2
DA:117,1
DA:118,2
DA:119,2
DA:120,2
DA:121,2
DA:123,2
DA:128,1
DA:141,1
DA:142,1
DA:143,1
DA:144,1
DA:145,1
DA:146,1
DA:147,1
DA:148,1
DA:149,1
DA:150,1
DA:151,1
DA:152,1
DA:153,1
DA:157,5
DA:170,5
DA:171,5
DA:172,5
DA:173,5
DA:174,5
DA:175,5
DA:176,5
DA:177,5
DA:178,5
DA:179,5
DA:180,5
DA:181,5
DA:182,5
DA:185,5
DA:186,5
DA:188,1
DA:190,1
DA:191,3
DA:192,3
DA:193,3
DA:194,3
DA:195,3
DA:196,3
DA:197,3
DA:198,3
DA:199,3
DA:200,3
DA:201,3
DA:202,3
DA:204,1
DA:205,1
DA:206,1
DA:207,1
DA:208,1
DA:209,1
DA:210,1
DA:211,1
DA:212,1
DA:213,1
DA:214,1
DA:215,1
DA:216,1
DA:217,1
DA:222,5
DA:223,5
DA:224,5
DA:242,10
DA:243,5
DA:246,10
LF:79
LH:79
end_of_record
SF:lib/src/charts/gantt_chart.dart
DA:40,5
DA:117,5
DA:118,5
DA:126,5
DA:128,10
DA:129,5
DA:140,5
DA:141,5
DA:142,15
DA:143,10
DA:144,5
DA:147,11
DA:148,16
DA:149,1
DA:157,5
DA:159,5
DA:160,10
DA:161,20
DA:162,5
DA:163,5
DA:164,5
DA:165,5
DA:167,15
DA:168,5
DA:169,5
DA:170,5
DA:171,5
DA:175,5
DA:177,15
DA:180,1
DA:183,2
DA:187,5
DA:188,5
DA:190,25
DA:191,5
DA:192,5
DA:193,10
DA:194,10
DA:195,5
DA:196,4
DA:197,15
DA:199,5
DA:200,16
DA:201,25
DA:202,10
DA:204,5
DA:205,5
DA:206,5
DA:207,5
DA:208,5
DA:209,0
DA:210,0
DA:211,0
DA:214,5
DA:215,5
DA:217,5
DA:218,5
DA:219,5
DA:220,5
DA:221,10
DA:222,10
DA:223,10
DA:224,10
DA:225,10
DA:226,10
DA:227,10
DA:228,10
DA:230,0
DA:238,0
DA:248,5
DA:249,5
DA:250,0
DA:252,0
DA:254,0
DA:256,0
DA:258,0
DA:265,5
DA:302,6
DA:370,5
DA:373,5
DA:374,10
DA:377,25
DA:379,6
DA:380,12
DA:382,24
DA:393,5
DA:394,5
DA:395,10
DA:396,5
DA:399,15
DA:403,6
DA:404,6
DA:405,12
DA:406,30
DA:407,42
DA:418,6
DA:419,6
DA:420,12
DA:421,2
DA:422,4
DA:423,8
DA:428,6
DA:429,6
DA:430,20
DA:432,2
DA:435,5
DA:437,15
DA:444,4
DA:448,8
DA:449,24
DA:450,4
DA:453,8
DA:454,4
DA:455,4
DA:462,5
DA:463,15
DA:464,15
DA:466,4
DA:467,4
DA:468,8
DA:470,4
DA:471,4
DA:476,28
DA:479,5
DA:486,10
DA:488,2
DA:489,4
DA:490,2
DA:492,4
DA:493,2
DA:494,2
DA:495,2
DA:496,2
DA:499,4
DA:501,2
DA:504,5
DA:505,5
DA:506,5
DA:510,5
DA:524,10
DA:525,30
DA:526,5
DA:527,5
DA:531,5
DA:540,8
DA:543,8
DA:546,5
DA:549,5
DA:550,10
DA:554,5
DA:556,15
DA:558,1
DA:566,1
DA:568,5
DA:574,5
DA:586,5
DA:590,10
DA:593,10
DA:594,5
DA:599,15
DA:600,5
DA:602,15
DA:603,5
DA:604,5
DA:606,20
DA:607,5
DA:608,5
DA:609,20
DA:610,30
DA:614,1
DA:615,11
DA:617,10
DA:618,10
DA:619,20
DA:620,20
DA:622,30
DA:623,6
DA:628,7
DA:629,5
DA:630,5
DA:631,5
DA:632,5
DA:634,15
DA:637,10
DA:638,10
DA:639,5
DA:648,5
DA:655,5
DA:656,9
DA:658,10
DA:659,5
DA:660,20
DA:661,5
DA:662,15
DA:663,15
DA:668,4
DA:669,10
DA:670,4
DA:672,5
DA:673,8
DA:675,3
DA:676,9
DA:683,5
DA:688,5
DA:689,10
DA:690,15
DA:693,5
DA:696,10
DA:697,15
DA:698,5
DA:699,5
DA:700,5
DA:701,5
DA:702,10
DA:703,5
DA:707,5
DA:708,5
DA:718,10
DA:720,13
DA:730,5
DA:732,10
DA:733,5
DA:735,1
DA:738,2
DA:739,1
DA:740,1
DA:744,6
DA:745,10
DA:746,12
LF:229
LH:219
end_of_record
SF:lib/src/charts/gantt_chart_style.dart
DA:18,6
DA:59,5
DA:61,1
DA:62,2
DA:63,1
DA:64,2
DA:65,2
DA:66,2
DA:67,2
DA:68,2
DA:73,6
DA:81,6
DA:82,6
DA:83,6
DA:84,6
DA:85,6
DA:86,6
DA:87,1
DA:88,6
DA:92,6
DA:100,6
DA:101,6
DA:102,6
DA:103,6
DA:104,6
DA:105,6
DA:106,6
DA:107,6
DA:110,6
DA:111,6
DA:113,1
DA:115,1
DA:116,3
DA:117,3
DA:118,3
DA:119,3
DA:120,0
DA:121,0
DA:122,0
DA:124,1
DA:125,1
DA:126,1
DA:127,1
DA:128,1
DA:129,1
DA:130,1
DA:131,1
DA:132,1
DA:142,6
DA:143,6
DA:154,6
LF:51
LH:48
end_of_record
SF:lib/src/charts/gauge_chart.dart
DA:55,3
DA:85,6
DA:124,6
DA:149,6
DA:173,12
DA:174,6
DA:178,15
DA:181,11
DA:188,6
DA:189,36
DA:190,36
DA:196,6
DA:197,24
DA:198,18
DA:199,6
DA:204,12
DA:209,6
DA:210,18
DA:211,6
DA:213,12
DA:214,6
DA:215,6
DA:216,6
DA:217,6
DA:222,10
DA:223,6
DA:225,6
DA:231,3
DA:232,2
DA:233,2
DA:235,2
DA:244,6
DA:249,6
DA:250,6
DA:256,12
DA:260,42
DA:261,6
DA:266,6
DA:272,24
DA:274,6
DA:275,6
DA:330,5
DA:357,5
DA:365,3
DA:366,5
DA:367,15
DA:368,5
DA:372,5
DA:376,10
DA:377,5
DA:378,15
DA:379,5
DA:382,25
DA:383,5
DA:384,5
DA:385,5
DA:388,5
DA:389,5
DA:392,10
DA:396,5
DA:397,5
DA:398,5
DA:399,4
DA:420,5
DA:426,5
DA:428,5
DA:430,5
DA:432,15
DA:433,5
DA:434,10
DA:435,15
DA:436,5
DA:437,10
DA:438,5
DA:443,5
DA:444,5
DA:445,10
DA:446,5
DA:449,5
DA:450,10
DA:463,5
DA:567,5
DA:575,5
DA:578,10
DA:579,10
DA:581,5
DA:582,8
DA:583,15
DA:587,15
DA:588,15
DA:589,5
DA:592,5
DA:594,5
DA:596,35
DA:598,10
DA:601,20
DA:602,5
DA:603,5
DA:605,5
DA:606,5
DA:607,10
DA:612,5
DA:613,5
DA:615,5
DA:616,5
DA:617,5
DA:623,10
DA:626,15
DA:627,5
DA:628,5
DA:629,5
DA:630,5
DA:631,25
DA:632,25
DA:635,15
DA:638,1
DA:639,1
DA:640,1
DA:641,1
DA:642,2
DA:643,3
DA:644,3
DA:650,5
DA:653,20
DA:654,5
DA:655,5
DA:656,5
DA:657,5
DA:658,10
DA:660,5
DA:661,5
DA:662,5
DA:663,5
DA:664,10
DA:665,10
DA:667,5
DA:671,5
DA:673,5
DA:674,5
DA:679,5
DA:681,1
DA:683,1
DA:684,1
DA:685,2
DA:691,5
DA:698,1
DA:710,4
DA:718,8
DA:721,20
DA:722,8
DA:723,8
DA:724,8
DA:728,4
DA:729,2
DA:731,6
DA:737,2
DA:751,4
DA:758,4
DA:759,4
DA:761,16
DA:763,1
DA:767,1
DA:771,2
DA:773,4
DA:776,6
DA:778,3
DA:782,3
DA:786,4
DA:792,0
DA:802,4
DA:803,4
DA:804,0
DA:806,0
DA:808,0
DA:810,0
DA:812,0
DA:821,3
DA:902,4
DA:903,4
DA:918,1
DA:920,1
DA:923,1
DA:924,3
DA:926,2
DA:927,2
DA:929,0
DA:933,12
DA:934,1
DA:935,8
DA:937,4
DA:938,8
DA:939,1
DA:941,1
DA:942,2
DA:952,4
DA:954,8
DA:955,12
DA:957,12
DA:961,14
DA:962,16
DA:965,1
DA:968,1
DA:971,2
DA:972,2
DA:974,2
DA:975,1
DA:976,2
DA:977,1
DA:978,1
DA:984,1
DA:986,1
DA:987,1
DA:988,2
DA:991,1
DA:997,1
DA:998,2
DA:999,1
DA:1000,1
DA:1004,4
DA:1006,4
DA:1007,4
DA:1009,20
DA:1011,4
DA:1012,4
DA:1013,8
DA:1014,4
DA:1016,4
DA:1024,4
DA:1025,11
DA:1026,8
DA:1027,4
DA:1028,4
DA:1029,4
DA:1030,4
DA:1031,8
DA:1032,3
DA:1033,3
DA:1034,0
DA:1035,8
DA:1036,2
DA:1037,2
DA:1038,0
DA:1040,8
DA:1041,8
DA:1042,8
DA:1043,8
DA:1044,8
DA:1045,8
DA:1046,8
DA:1047,8
DA:1048,8
DA:1049,8
DA:1050,8
DA:1051,8
DA:1052,8
DA:1053,8
DA:1055,8
DA:1056,8
DA:1057,4
DA:1058,8
DA:1060,4
DA:1062,8
DA:1064,8
DA:1065,4
DA:1069,4
DA:1070,8
DA:1071,4
DA:1072,4
DA:1073,8
DA:1077,8
DA:1078,0
DA:1081,8
DA:1083,8
DA:1084,0
DA:1085,4
DA:1086,8
DA:1087,4
DA:1088,4
DA:1094,4
DA:1096,4
DA:1099,12
DA:1100,8
DA:1104,8
DA:1106,3
DA:1107,6
DA:1108,3
DA:1109,6
DA:1111,6
DA:1115,4
DA:1118,4
DA:1119,4
DA:1120,8
DA:1124,4
DA:1125,4
DA:1126,8
DA:1127,6
DA:1130,4
DA:1132,0
DA:1133,0
DA:1135,4
DA:1136,4
DA:1137,4
DA:1138,8
DA:1139,8
DA:1143,0
DA:1144,8
DA:1145,8
DA:1146,8
DA:1147,8
DA:1151,8
DA:1152,8
DA:1154,8
DA:1155,8
DA:1157,8
DA:1165,8
DA:1167,8
DA:1168,0
DA:1171,4
DA:1175,4
DA:1177,4
DA:1178,4
DA:1190,4
DA:1191,4
DA:1192,8
DA:1194,4
DA:1195,2
DA:1196,4
DA:1197,4
DA:1198,8
DA:1199,8
DA:1200,1
DA:1206,3
DA:1207,2
DA:1208,3
DA:1209,2
DA:1210,1
DA:1211,2
DA:1213,2
DA:1214,0
DA:1217,16
DA:1218,4
DA:1220,16
DA:1221,4
DA:1222,4
DA:1223,8
DA:1224,4
DA:1225,8
DA:1226,4
DA:1227,4
DA:1228,8
DA:1233,16
DA:1234,0
DA:1235,0
DA:1236,0
DA:1237,0
DA:1243,4
DA:1244,12
DA:1245,4
DA:1248,4
DA:1250,1
DA:1251,1
DA:1253,12
DA:1256,4
DA:1257,4
DA:1263,4
DA:1264,8
DA:1269,4
DA:1270,4
DA:1276,4
DA:1277,8
DA:1286,4
DA:1289,4
DA:1294,3
DA:1297,6
DA:1298,3
DA:1300,6
DA:1304,6
DA:1305,1
DA:1309,1
DA:1310,1
DA:1311,1
DA:1312,1
DA:1315,1
DA:1316,1
DA:1317,2
DA:1318,1
DA:1319,1
DA:1320,2
DA:1324,1
DA:1339,8
DA:1340,4
DA:1341,8
DA:1344,4
DA:1346,8
DA:1349,4
DA:1350,4
DA:1351,4
DA:1352,4
DA:1353,4
DA:1354,4
DA:1355,0
DA:1356,0
DA:1357,0
DA:1358,0
DA:1361,3
DA:1364,3
DA:1367,4
DA:1368,1
DA:1381,4
DA:1387,8
DA:1388,8
DA:1389,8
DA:1390,4
DA:1392,20
DA:1393,24
DA:1395,16
DA:1406,4
DA:1412,8
DA:1413,4
DA:1416,16
DA:1418,8
DA:1419,8
DA:1420,4
DA:1421,4
DA:1424,4
DA:1431,4
DA:1432,12
DA:1433,4
DA:1435,4
DA:1438,5
DA:1446,4
DA:1451,4
DA:1453,4
DA:1454,2
DA:1455,4
DA:1457,1
DA:1459,1
DA:1460,1
DA:1462,0
DA:1465,4
LF:440
LH:415
end_of_record
SF:lib/src/charts/gauge_chart_style.dart
DA:16,5
DA:48,5
DA:160,5
DA:162,1
DA:163,2
DA:164,2
DA:165,2
DA:166,2
DA:167,2
DA:168,2
DA:169,2
DA:170,2
DA:171,2
DA:172,2
DA:173,2
DA:174,2
DA:175,2
DA:176,2
DA:177,2
DA:178,2
DA:180,2
DA:181,2
DA:182,2
DA:183,2
DA:184,2
DA:185,2
DA:192,1
DA:215,1
DA:216,1
DA:243,5
DA:266,5
DA:267,5
DA:268,5
DA:269,5
DA:270,5
DA:271,5
DA:272,5
DA:273,5
DA:274,5
DA:275,5
DA:276,5
DA:277,5
DA:278,5
DA:279,5
DA:280,5
DA:281,5
DA:282,5
DA:283,5
DA:284,5
DA:285,5
DA:286,5
DA:287,5
DA:288,5
DA:291,5
DA:292,5
DA:294,2
DA:295,1
DA:296,1
DA:297,1
DA:298,1
DA:299,1
DA:300,1
DA:301,1
DA:302,1
DA:303,1
DA:304,1
DA:305,1
DA:306,1
DA:307,1
DA:308,1
DA:309,1
DA:310,1
DA:311,1
DA:312,1
DA:313,1
DA:314,1
DA:315,1
DA:316,1
DA:319,1
DA:321,4
DA:324,1
DA:325,2
DA:329,5
DA:330,5
DA:331,5
DA:353,10
DA:354,10
DA:355,10
DA:361,10
DA:362,15
DA:363,10
DA:365,5
DA:369,10
DA:371,15
DA:372,10
DA:374,5
LF:96
LH:96
end_of_record
SF:lib/src/charts/grouped_vertical_bar_chart.dart
DA:35,6
DA:80,6
DA:81,18
DA:84,6
DA:92,6
DA:94,6
DA:99,6
DA:100,6
DA:101,6
DA:103,1
DA:104,6
DA:106,6
DA:107,6
DA:112,30
DA:114,6
DA:115,6
DA:118,6
DA:119,30
DA:129,6
DA:144,6
DA:146,6
DA:155,6
DA:157,5
DA:162,5
DA:167,5
DA:170,15
DA:174,4
DA:176,1
DA:181,1
DA:186,1
DA:191,1
DA:198,1
DA:199,2
DA:206,1
DA:207,4
DA:211,3
DA:251,6
DA:255,6
DA:256,14
DA:257,2
DA:259,2
DA:260,0
DA:261,2
DA:262,8
DA:263,4
DA:264,4
DA:265,4
DA:266,10
DA:270,2
DA:273,10
DA:274,2
DA:276,2
DA:291,6
DA:382,6
DA:383,12
DA:414,0
DA:417,6
DA:420,6
DA:428,6
DA:429,6
DA:430,6
DA:432,6
DA:433,12
DA:438,6
DA:439,6
DA:440,12
DA:441,6
DA:444,3
DA:445,6
DA:451,6
DA:452,6
DA:453,12
DA:454,18
DA:456,6
DA:460,6
DA:461,2
DA:462,2
DA:463,1
DA:464,3
DA:465,2
DA:467,1
DA:469,15
DA:472,6
DA:479,6
DA:481,6
DA:487,12
DA:488,12
DA:489,12
DA:492,12
DA:493,12
DA:499,8
DA:500,4
DA:503,4
DA:504,4
DA:507,4
DA:508,2
DA:509,2
DA:512,6
DA:515,6
DA:516,12
DA:518,6
DA:525,6
DA:534,0
DA:540,0
DA:548,6
DA:553,6
DA:554,6
DA:555,6
DA:556,12
DA:559,6
DA:560,6
DA:561,6
DA:568,12
DA:569,6
DA:570,6
DA:574,6
DA:576,4
DA:580,6
DA:581,12
DA:582,12
DA:588,12
DA:589,6
DA:590,6
DA:591,6
DA:592,6
DA:593,12
DA:602,6
DA:606,6
DA:607,12
DA:608,24
DA:609,6
DA:611,12
DA:612,6
DA:613,12
DA:614,24
DA:619,12
DA:620,6
DA:621,6
DA:624,6
DA:625,6
DA:627,6
DA:629,6
DA:631,12
DA:632,6
DA:635,13
DA:636,1
DA:637,6
DA:638,6
DA:641,24
DA:642,6
DA:643,18
DA:644,12
DA:646,12
DA:649,6
DA:652,6
DA:653,18
DA:657,6
DA:658,12
DA:661,2
DA:662,2
DA:664,6
DA:665,6
DA:666,27
DA:669,6
DA:678,6
DA:685,6
DA:687,6
DA:688,9
DA:690,12
DA:691,6
DA:692,24
DA:693,6
DA:694,5
DA:696,3
DA:697,6
DA:702,6
DA:703,6
DA:711,6
DA:712,12
DA:715,4
DA:716,8
DA:717,6
DA:718,6
DA:719,2
DA:720,8
DA:721,8
DA:724,2
DA:725,2
DA:726,6
DA:727,8
DA:731,8
DA:732,4
DA:733,4
DA:735,2
DA:738,2
DA:740,2
DA:741,2
DA:745,4
DA:746,2
DA:747,4
DA:748,6
DA:750,6
DA:753,6
DA:755,2
DA:759,8
DA:760,4
DA:761,2
DA:763,2
DA:764,2
DA:765,4
DA:766,8
DA:767,6
DA:769,6
DA:770,6
DA:777,6
DA:778,6
DA:779,4
DA:780,4
DA:781,4
DA:783,6
DA:784,2
DA:785,1
DA:789,6
DA:790,2
DA:793,2
DA:794,2
DA:797,4
DA:798,8
DA:799,2
DA:800,2
DA:811,2
DA:812,2
DA:813,4
DA:821,2
DA:822,6
DA:823,2
DA:825,2
DA:828,6
DA:833,6
DA:834,12
DA:835,6
DA:838,6
DA:843,6
DA:844,14
DA:845,6
DA:846,6
DA:851,6
DA:853,6
DA:858,6
DA:859,6
DA:862,6
DA:863,6
DA:869,14
DA:870,4
DA:872,4
DA:875,4
DA:876,2
DA:878,2
DA:879,4
DA:880,6
DA:881,0
DA:882,2
DA:883,2
DA:884,2
DA:885,2
DA:886,2
DA:887,2
DA:890,2
DA:891,4
DA:892,6
DA:894,2
DA:895,2
DA:899,2
DA:900,4
DA:909,6
DA:910,30
DA:911,8
DA:916,0
DA:917,0
DA:918,0
DA:919,0
DA:920,0
DA:921,0
DA:922,0
DA:923,0
DA:924,0
DA:925,0
DA:927,0
DA:935,8
DA:936,4
DA:937,0
DA:941,6
DA:943,12
DA:944,6
DA:946,1
DA:948,1
DA:949,1
DA:954,12
DA:955,24
DA:956,6
DA:957,24
DA:958,6
DA:962,6
DA:964,18
DA:965,0
DA:966,18
DA:967,18
DA:972,6
DA:974,12
DA:975,6
DA:978,6
DA:979,6
DA:980,1
DA:982,1
DA:984,2
DA:986,2
DA:987,2
DA:988,0
DA:992,6
DA:993,6
DA:994,18
DA:996,2
DA:997,2
DA:998,2
DA:1002,24
DA:1005,12
DA:1006,6
DA:1007,6
DA:1009,12
DA:1014,6
DA:1015,6
DA:1016,24
DA:1019,6
DA:1020,6
DA:1022,20
DA:1029,6
DA:1036,12
DA:1037,12
DA:1038,6
DA:1040,36
DA:1042,6
DA:1053,5
DA:1133,6
DA:1135,6
DA:1149,6
DA:1150,21
DA:1151,9
DA:1152,10
DA:1154,12
DA:1155,18
DA:1156,5
DA:1164,3
DA:1167,3
DA:1168,6
DA:1169,3
DA:1172,6
DA:1173,15
DA:1174,3
DA:1175,5
DA:1176,12
DA:1177,3
DA:1179,5
DA:1180,3
DA:1181,3
DA:1182,3
DA:1183,3
DA:1188,3
DA:1189,3
DA:1190,9
DA:1199,6
DA:1202,6
DA:1204,12
DA:1205,12
DA:1206,6
DA:1207,6
DA:1208,15
DA:1210,6
DA:1213,8
DA:1214,2
DA:1215,2
DA:1216,6
DA:1218,2
DA:1226,1
DA:1231,1
DA:1234,5
DA:1235,3
DA:1236,1
DA:1242,6
DA:1243,18
DA:1244,18
DA:1245,18
DA:1253,1
DA:1257,2
DA:1260,2
DA:1261,3
DA:1262,1
DA:1265,4
DA:1267,3
DA:1268,1
DA:1269,1
DA:1272,3
DA:1273,4
DA:1274,3
DA:1275,3
DA:1276,3
DA:1280,2
DA:1281,3
DA:1285,6
DA:1287,12
DA:1288,6
DA:1291,6
DA:1293,6
DA:1294,6
DA:1297,24
DA:1298,4
DA:1299,1
DA:1302,2
DA:1306,6
DA:1307,6
DA:1308,6
DA:1310,6
DA:1311,12
DA:1313,6
DA:1314,12
DA:1315,12
DA:1316,6
DA:1317,0
DA:1318,18
DA:1321,18
DA:1322,6
DA:1323,21
DA:1324,32
DA:1330,12
DA:1334,6
DA:1336,6
DA:1337,2
DA:1338,2
DA:1339,4
DA:1340,2
DA:1341,0
DA:1343,0
DA:1344,0
DA:1346,0
DA:1347,0
DA:1349,6
DA:1350,6
DA:1352,6
DA:1353,0
DA:1354,0
DA:1355,0
DA:1357,0
DA:1358,0
DA:1361,6
DA:1365,6
DA:1366,6
DA:1367,6
DA:1368,6
DA:1370,6
DA:1371,6
DA:1372,12
DA:1373,12
DA:1374,12
DA:1375,12
DA:1376,12
DA:1377,12
DA:1378,12
DA:1379,18
DA:1380,12
DA:1381,18
DA:1382,12
DA:1383,12
DA:1385,6
DA:1386,0
DA:1388,0
DA:1398,0
DA:1408,6
DA:1411,6
DA:1412,0
DA:1414,0
DA:1416,0
DA:1418,0
DA:1420,0
LF:482
LH:444
end_of_record
SF:lib/src/charts/grouped_vertical_bar_chart_style.dart
DA:19,7
DA:90,7
DA:96,1
DA:97,2
DA:98,2
DA:99,2
DA:100,2
DA:101,2
DA:102,2
DA:103,1
DA:104,2
DA:105,2
DA:106,2
DA:107,2
DA:112,7
DA:124,7
DA:125,1
DA:126,7
DA:127,7
DA:128,7
DA:129,7
DA:130,7
DA:131,7
DA:132,1
DA:133,7
DA:134,7
DA:135,7
DA:139,7
DA:151,7
DA:152,7
DA:153,7
DA:154,7
DA:155,7
DA:156,7
DA:157,7
DA:158,7
DA:159,7
DA:160,7
DA:161,7
DA:162,7
DA:165,7
DA:166,7
DA:168,1
DA:170,1
DA:171,3
DA:172,3
DA:173,3
DA:174,3
DA:175,3
DA:176,3
DA:177,3
DA:178,3
DA:179,3
DA:180,3
DA:181,3
DA:183,1
DA:184,1
DA:185,1
DA:186,1
DA:187,1
DA:188,1
DA:189,1
DA:190,1
DA:191,1
DA:192,1
DA:193,1
DA:194,1
DA:195,1
DA:204,7
DA:207,7
DA:208,14
DA:209,7
DA:212,7
DA:226,7
DA:229,7
DA:230,14
DA:234,7
DA:235,6
LF:78
LH:78
end_of_record
SF:lib/src/charts/heat_map_chart.dart
DA:34,7
DA:83,7
DA:100,24
DA:127,7
DA:140,7
DA:146,7
DA:148,6
DA:150,7
DA:152,2
DA:154,12
DA:157,7
DA:161,7
DA:162,7
DA:166,7
DA:167,7
DA:175,14
DA:176,14
DA:177,21
DA:178,21
DA:181,7
DA:182,7
DA:184,14
DA:185,14
DA:186,7
DA:187,7
DA:192,7
DA:193,7
DA:198,28
DA:199,28
DA:200,14
DA:201,14
DA:202,28
DA:205,7
DA:206,11
DA:207,7
DA:209,7
DA:210,7
DA:211,7
DA:212,7
DA:217,7
DA:235,7
DA:236,7
DA:237,4
DA:238,7
DA:242,12
DA:243,3
DA:248,15
DA:249,9
DA:256,16
DA:259,1
DA:263,7
DA:264,7
DA:266,14
DA:267,7
DA:268,14
DA:269,12
DA:282,7
DA:293,3
DA:294,9
DA:295,2
DA:305,6
DA:310,6
DA:313,24
DA:314,0
DA:317,28
DA:318,5
DA:320,24
DA:321,30
DA:322,12
DA:323,24
DA:328,6
DA:329,30
DA:330,6
DA:332,36
DA:333,36
DA:334,36
DA:358,6
DA:399,0
DA:402,6
DA:405,6
DA:408,6
DA:409,12
DA:411,6
DA:412,12
DA:420,6
DA:423,6
DA:426,6
DA:433,6
DA:435,6
DA:441,0
DA:452,0
DA:461,6
DA:467,6
DA:476,6
DA:478,12
DA:479,18
DA:481,1
DA:483,1
DA:484,1
DA:487,4
DA:496,6
DA:497,14
DA:500,6
DA:503,12
DA:504,18
DA:505,6
DA:507,24
DA:508,18
DA:509,12
DA:513,12
DA:514,12
DA:518,6
DA:521,12
DA:522,6
DA:523,6
DA:524,6
DA:525,6
DA:529,6
DA:530,12
DA:535,10
DA:537,12
DA:539,12
DA:540,12
DA:541,12
DA:542,12
DA:545,6
DA:546,6
DA:547,6
DA:550,12
DA:551,12
DA:557,18
DA:565,6
DA:572,18
DA:573,12
DA:574,6
DA:576,6
DA:577,12
DA:578,12
DA:581,6
DA:585,18
DA:588,12
DA:589,12
DA:591,6
DA:592,6
DA:599,6
DA:601,6
DA:602,30
DA:603,18
DA:604,6
DA:607,6
DA:608,6
DA:611,6
DA:615,6
DA:620,6
DA:621,12
DA:632,12
DA:635,6
DA:636,6
DA:640,6
DA:641,6
DA:642,6
DA:643,6
DA:645,20
DA:646,6
DA:647,6
DA:648,6
DA:651,12
DA:660,6
DA:661,6
DA:662,22
DA:666,6
DA:667,6
DA:669,0
DA:670,6
DA:671,6
DA:672,24
DA:673,0
DA:684,6
DA:750,6
DA:751,6
DA:763,6
DA:765,6
DA:766,6
DA:769,0
DA:771,0
DA:772,0
DA:773,0
DA:774,0
DA:775,0
DA:776,0
DA:780,6
DA:781,12
DA:782,12
DA:783,18
DA:784,18
DA:785,12
DA:786,12
DA:787,12
DA:788,12
DA:789,12
DA:790,12
DA:791,12
DA:792,18
DA:796,6
DA:798,12
DA:799,6
DA:802,6
DA:804,18
DA:807,1
DA:809,2
DA:813,6
DA:814,6
DA:816,30
DA:817,18
DA:819,24
DA:821,6
DA:822,12
DA:824,18
DA:830,6
DA:831,21
DA:832,12
DA:834,6
DA:835,12
DA:836,6
DA:837,6
DA:839,6
DA:840,6
DA:841,12
DA:842,12
DA:845,2
DA:846,5
DA:848,1
DA:850,0
DA:851,0
DA:852,0
DA:855,6
DA:856,6
DA:858,6
DA:859,6
DA:860,12
DA:861,12
DA:862,6
DA:863,6
DA:864,12
LF:244
LH:228
end_of_record
SF:lib/src/charts/heat_map_chart_style.dart
DA:19,6
DA:53,6
DA:57,1
DA:58,2
DA:59,2
DA:60,2
DA:61,2
DA:62,1
DA:67,1
DA:73,1
DA:74,1
DA:75,1
DA:76,1
DA:77,1
DA:78,0
DA:82,1
DA:88,1
DA:89,1
DA:90,1
DA:91,1
DA:92,1
DA:93,1
DA:96,1
DA:97,1
DA:99,1
DA:101,1
DA:102,3
DA:103,3
DA:104,3
DA:105,3
DA:106,3
DA:108,1
DA:109,1
DA:110,1
DA:111,1
DA:112,1
DA:113,1
DA:114,1
DA:121,0
DA:131,6
DA:132,6
DA:133,0
DA:135,0
DA:137,0
DA:139,0
DA:141,0
DA:145,6
DA:146,6
DA:149,6
DA:150,12
LF:50
LH:43
end_of_record
SF:lib/src/charts/horizontal_bar_chart.dart
DA:21,5
DA:43,0
DA:45,0
DA:46,0
DA:47,0
DA:48,0
DA:49,0
DA:51,0
DA:52,0
DA:62,5
DA:79,5
DA:88,15
DA:96,10
DA:97,12
DA:99,5
DA:100,10
DA:104,10
DA:105,15
DA:110,10
DA:111,10
DA:112,15
DA:113,5
DA:115,8
DA:119,5
DA:128,5
DA:129,10
DA:133,5
DA:136,15
DA:140,10
DA:141,15
DA:142,15
DA:143,5
DA:145,8
DA:146,1
DA:148,5
DA:151,5
DA:152,5
DA:158,8
DA:160,10
DA:165,5
DA:198,5
DA:199,10
DA:200,5
DA:201,20
DA:203,20
DA:250,4
DA:268,9
DA:312,4
DA:314,4
DA:315,20
DA:316,8
DA:318,8
DA:319,3
DA:320,4
DA:321,12
DA:328,28
DA:331,4
DA:332,4
DA:334,6
DA:336,3
DA:338,6
DA:340,5
DA:341,12
DA:342,6
DA:343,2
DA:344,3
DA:345,3
DA:347,3
DA:348,15
DA:354,15
DA:357,3
DA:360,1
DA:362,3
DA:363,0
DA:364,0
DA:365,0
DA:366,0
DA:367,0
DA:368,0
DA:369,0
DA:370,0
DA:371,0
DA:382,1
DA:398,2
DA:399,10
DA:417,2
DA:418,6
DA:419,4
DA:420,2
DA:421,4
DA:422,4
DA:423,4
DA:424,2
DA:427,1
DA:429,5
DA:431,0
DA:433,0
DA:434,0
DA:435,0
DA:436,0
DA:443,0
DA:453,3
DA:454,3
DA:455,0
DA:457,0
DA:459,0
DA:461,0
DA:463,0
DA:474,2
DA:529,3
DA:531,3
DA:550,6
DA:552,3
DA:553,3
DA:556,15
DA:558,1
DA:559,3
DA:560,1
DA:568,3
DA:572,3
DA:573,6
DA:575,16
DA:576,3
DA:577,3
DA:578,6
DA:579,6
DA:581,3
DA:583,3
DA:587,3
DA:588,3
DA:592,3
DA:599,3
DA:600,5
DA:601,3
DA:606,3
DA:609,6
DA:610,6
DA:611,9
DA:615,3
DA:620,9
DA:625,9
DA:627,6
DA:628,3
DA:629,3
DA:630,6
DA:631,3
DA:632,3
DA:636,2
DA:638,8
DA:640,2
DA:641,6
DA:645,6
DA:646,3
DA:647,6
DA:648,9
DA:653,2
DA:655,1
DA:656,1
DA:657,3
DA:660,1
DA:661,4
DA:662,2
DA:670,2
DA:671,8
DA:677,3
DA:679,9
DA:681,1
DA:684,2
DA:689,3
DA:690,3
DA:692,15
DA:694,3
DA:695,3
DA:696,12
DA:697,6
DA:698,6
DA:701,3
DA:702,9
DA:703,3
DA:714,10
DA:716,1
DA:721,3
DA:722,3
DA:735,3
DA:736,6
DA:737,6
DA:738,3
DA:739,3
DA:740,3
DA:741,3
DA:743,4
DA:745,1
DA:747,3
DA:750,1
DA:751,1
DA:752,2
DA:754,0
DA:755,0
DA:759,3
DA:761,3
DA:767,3
DA:768,1
DA:769,1
DA:771,3
DA:772,3
DA:773,3
DA:774,3
DA:786,6
DA:787,9
DA:789,4
DA:790,6
DA:791,3
DA:798,2
DA:799,2
DA:800,4
DA:802,2
DA:805,4
DA:810,10
DA:811,1
DA:812,1
DA:813,1
DA:817,4
DA:819,2
DA:820,1
DA:821,3
DA:822,2
DA:824,2
DA:826,1
DA:835,3
DA:847,9
DA:848,9
DA:849,3
DA:851,9
DA:853,3
DA:854,3
DA:855,3
DA:857,3
DA:858,6
DA:859,3
DA:861,6
DA:865,6
DA:866,3
DA:868,3
DA:870,3
DA:880,3
DA:883,3
DA:887,9
DA:888,3
DA:889,3
DA:890,3
DA:892,4
DA:895,6
DA:897,3
DA:898,3
DA:899,6
DA:905,6
DA:909,1
DA:910,1
DA:917,1
DA:918,2
DA:920,1
DA:921,1
DA:922,1
DA:926,2
DA:927,2
DA:928,2
DA:935,3
DA:937,3
DA:939,3
DA:940,3
DA:941,6
DA:942,3
DA:944,3
DA:945,9
DA:946,3
DA:947,6
DA:954,6
DA:957,3
DA:958,3
DA:959,9
DA:960,3
DA:965,6
DA:968,10
DA:970,2
DA:971,6
DA:973,6
DA:976,6
DA:984,9
DA:985,6
DA:986,3
DA:987,3
DA:988,3
DA:989,6
DA:996,9
DA:997,3
DA:998,1
DA:1002,0
DA:1003,0
DA:1007,0
DA:1009,0
DA:1010,0
DA:1011,0
DA:1012,0
DA:1013,0
DA:1018,3
DA:1019,1
DA:1024,2
DA:1025,3
DA:1031,2
DA:1032,1
DA:1033,4
DA:1036,2
DA:1037,2
DA:1038,1
DA:1041,3
DA:1042,6
DA:1043,6
DA:1044,6
LF:318
LH:280
end_of_record
SF:lib/src/charts/horizontal_bar_chart_style.dart
DA:17,4
DA:116,4
DA:118,1
DA:119,2
DA:120,1
DA:121,2
DA:122,2
DA:124,2
DA:125,2
DA:127,2
DA:128,2
DA:129,2
DA:130,2
DA:131,2
DA:132,2
DA:133,2
DA:134,2
DA:135,2
DA:136,2
DA:137,2
DA:138,2
DA:143,1
DA:162,1
DA:163,1
DA:164,0
DA:165,1
DA:166,1
DA:168,1
DA:169,1
DA:171,1
DA:172,1
DA:173,1
DA:174,1
DA:175,1
DA:176,1
DA:177,1
DA:178,1
DA:179,1
DA:180,1
DA:181,1
DA:182,1
DA:186,4
DA:205,4
DA:206,4
DA:207,4
DA:208,4
DA:209,4
DA:210,4
DA:211,4
DA:212,4
DA:213,4
DA:214,4
DA:215,4
DA:216,4
DA:217,4
DA:218,4
DA:219,4
DA:220,4
DA:221,4
DA:222,4
DA:223,4
DA:226,4
DA:227,4
DA:229,1
DA:231,1
DA:232,3
DA:233,3
DA:234,3
DA:235,3
DA:236,3
DA:237,3
DA:238,3
DA:239,3
DA:240,3
DA:241,3
DA:242,3
DA:243,3
DA:244,3
DA:245,3
DA:246,3
DA:247,3
DA:248,3
DA:249,3
DA:251,1
DA:252,1
DA:253,1
DA:254,1
DA:255,1
DA:256,1
DA:257,1
DA:258,1
DA:259,1
DA:260,1
DA:261,1
DA:262,1
DA:263,1
DA:264,1
DA:265,1
DA:266,1
DA:267,1
DA:268,1
DA:269,1
DA:270,1
DA:275,4
DA:278,8
DA:279,4
DA:302,12
DA:303,8
DA:305,12
DA:306,8
DA:308,12
DA:309,8
DA:311,12
DA:312,8
DA:314,4
DA:315,8
DA:317,4
DA:318,4
DA:319,4
DA:320,4
DA:321,4
DA:322,4
LF:122
LH:121
end_of_record
SF:lib/src/charts/horizontal_bar_chart_with_axis.dart
DA:35,5
DA:106,6
DA:108,6
DA:115,12
DA:117,6
DA:119,12
DA:120,6
DA:123,6
DA:127,18
DA:128,1
DA:131,2
DA:135,6
DA:136,6
DA:137,12
DA:138,18
DA:139,6
DA:140,12
DA:141,12
DA:142,0
DA:143,18
DA:146,12
DA:148,9
DA:149,9
DA:154,6
DA:155,6
DA:156,12
DA:158,6
DA:159,6
DA:160,6
DA:161,6
DA:162,6
DA:163,12
DA:164,12
DA:165,12
DA:166,12
DA:167,12
DA:168,12
DA:169,12
DA:170,12
DA:171,18
DA:173,0
DA:177,6
DA:178,6
DA:180,30
DA:181,24
DA:182,4
DA:185,4
DA:186,4
DA:193,16
DA:194,6
DA:195,0
DA:196,0
DA:197,0
DA:209,6
DA:241,6
DA:278,6
DA:282,12
DA:283,12
DA:285,6
DA:301,6
DA:308,6
DA:309,30
DA:310,12
DA:311,6
DA:319,6
DA:320,18
DA:321,12
DA:322,6
DA:323,6
DA:325,6
DA:326,2
DA:332,1
DA:333,2
DA:334,3
DA:335,1
DA:336,12
DA:338,18
DA:339,6
DA:340,2
DA:342,6
DA:344,18
DA:348,6
DA:349,12
DA:350,8
DA:358,6
DA:359,18
DA:360,8
DA:366,1
DA:367,1
DA:368,1
DA:370,6
DA:371,6
DA:372,2
DA:375,6
DA:376,6
DA:380,1
DA:382,6
DA:384,6
DA:385,6
DA:394,6
DA:395,1
DA:412,7
DA:488,6
DA:491,6
DA:494,7
DA:495,14
DA:497,28
DA:500,6
DA:501,12
DA:502,6
DA:503,6
DA:504,6
DA:505,6
DA:506,6
DA:507,6
DA:508,6
DA:509,6
DA:510,12
DA:515,6
DA:519,6
DA:521,12
DA:524,12
DA:528,6
DA:529,12
DA:530,36
DA:532,12
DA:545,10
DA:552,3
DA:557,3
DA:558,3
DA:564,6
DA:565,9
DA:566,3
DA:570,3
DA:571,3
DA:572,6
DA:573,9
DA:574,3
DA:578,6
DA:588,18
DA:590,12
DA:591,6
DA:593,12
DA:594,30
DA:596,6
DA:597,12
DA:598,6
DA:601,12
DA:603,6
DA:605,3
DA:607,6
DA:609,9
DA:610,5
DA:611,5
DA:613,12
DA:618,6
DA:619,6
DA:620,6
DA:625,6
DA:627,6
DA:629,6
DA:636,6
DA:637,6
DA:643,6
DA:645,18
DA:647,3
DA:655,3
DA:657,5
DA:663,5
DA:675,6
DA:684,18
DA:685,12
DA:694,6
DA:695,12
DA:699,5
DA:700,3
DA:701,3
DA:702,0
DA:704,6
DA:706,6
DA:707,12
DA:708,6
DA:709,6
DA:711,12
DA:712,12
DA:713,18
DA:720,12
DA:726,25
DA:727,6
DA:728,6
DA:729,18
DA:731,6
DA:750,6
DA:751,6
DA:752,0
DA:754,0
DA:756,14
DA:763,6
DA:764,6
DA:765,24
DA:771,6
DA:772,6
DA:773,0
DA:776,6
DA:777,8
DA:778,16
DA:779,16
DA:780,6
DA:783,6
DA:792,6
DA:793,6
DA:795,6
DA:798,6
DA:799,24
DA:801,18
DA:802,18
DA:803,12
DA:805,12
DA:806,0
DA:807,0
DA:808,0
DA:809,0
DA:811,6
DA:812,6
DA:813,12
DA:814,6
DA:815,18
DA:817,6
DA:818,2
DA:819,4
DA:823,5
DA:826,6
DA:827,12
DA:830,18
DA:831,12
DA:832,12
DA:837,6
DA:838,0
DA:839,6
DA:840,6
DA:842,6
DA:844,12
DA:845,4
DA:846,30
DA:849,6
DA:853,6
DA:858,6
DA:859,6
DA:860,6
DA:861,6
DA:864,6
DA:865,6
DA:868,16
DA:869,16
DA:870,6
DA:871,6
DA:873,6
LF:257
LH:243
end_of_record
SF:lib/src/charts/horizontal_bar_chart_with_axis_style.dart
DA:16,7
DA:69,6
DA:75,1
DA:76,1
DA:77,2
DA:78,2
DA:79,2
DA:80,2
DA:81,2
DA:82,2
DA:83,2
DA:84,2
DA:89,0
DA:99,0
DA:100,0
DA:101,0
DA:102,0
DA:103,0
DA:104,0
DA:105,0
DA:106,0
DA:107,0
DA:108,0
DA:113,1
DA:123,1
DA:124,1
DA:125,1
DA:126,1
DA:127,1
DA:128,1
DA:129,1
DA:130,1
DA:131,1
DA:132,1
DA:135,1
DA:136,1
DA:138,1
DA:140,1
DA:141,3
DA:142,3
DA:143,3
DA:144,3
DA:145,3
DA:146,3
DA:147,3
DA:148,3
DA:149,3
DA:151,0
DA:152,0
DA:153,0
DA:154,0
DA:155,0
DA:156,0
DA:157,0
DA:158,0
DA:159,0
DA:160,0
DA:161,0
DA:168,0
DA:178,6
DA:180,6
DA:183,0
DA:185,0
DA:187,0
DA:189,0
DA:191,0
DA:195,7
DA:197,7
DA:198,7
DA:217,14
LF:70
LH:42
end_of_record
SF:lib/src/charts/internal/chart_colors.dart
DA:20,14
DA:21,14
DA:22,14
DA:23,70
DA:32,4
DA:33,8
DA:34,4
DA:35,1
DA:46,6
DA:47,6
DA:48,12
DA:49,4
DA:61,75
DA:75,74
DA:76,74
DA:80,148
DA:81,74
DA:83,74
DA:87,74
DA:91,74
DA:93,74
DA:95,74
DA:97,74
DA:100,74
DA:104,74
DA:145,61
DA:146,96
DA:154,32
DA:155,51
LF:29
LH:29
end_of_record
SF:lib/src/charts/internal/chart_semantics.dart
DA:17,1
DA:29,1
DA:32,1
DA:34,1
DA:37,1
DA:65,46
DA:77,46
DA:80,59
DA:81,37
DA:82,58
DA:85,46
DA:86,92
DA:88,63
DA:89,138
DA:90,138
DA:95,2
DA:96,2
DA:97,2
DA:103,46
LF:19
LH:19
end_of_record
SF:lib/src/charts/internal/chart_text_measurer.dart
DA:15,72
DA:55,42
DA:62,14
DA:70,60
DA:74,45
DA:98,78
DA:120,6
DA:137,150
DA:138,75
DA:146,75
DA:161,72
DA:163,144
DA:168,72
DA:169,72
DA:172,72
DA:173,72
DA:174,72
DA:176,144
DA:181,144
DA:183,72
DA:185,216
DA:189,5
DA:191,144
DA:196,201
DA:203,47
DA:205,94
DA:206,47
DA:207,47
DA:218,153
LF:29
LH:29
end_of_record
SF:lib/src/charts/internal/chart_text_styles.dart
DA:15,86
DA:33,86
DA:34,86
DA:35,86
DA:36,86
DA:37,86
DA:43,172
DA:44,86
DA:46,172
DA:50,172
DA:52,172
DA:54,172
DA:56,172
DA:58,172
DA:62,172
DA:63,86
DA:68,172
DA:70,172
DA:73,172
DA:75,172
DA:77,172
LF:21
LH:21
end_of_record
SF:lib/src/charts/internal/chart_utils.dart
DA:44,16
DA:47,16
DA:48,16
DA:50,16
DA:66,20
DA:67,16
DA:68,16
DA:78,32
DA:79,16
DA:83,12
DA:84,44
DA:87,11
DA:91,48
DA:92,16
DA:93,32
DA:95,16
DA:96,16
DA:97,16
DA:98,16
DA:99,16
DA:100,16
DA:102,16
DA:103,16
DA:104,16
DA:105,16
DA:107,1
DA:108,1
DA:109,1
DA:115,4
DA:116,1
DA:117,1
DA:119,1
DA:120,1
DA:122,1
DA:123,2
DA:124,1
DA:129,0
DA:137,16
DA:138,16
DA:139,64
DA:155,12
DA:165,16
DA:166,12
DA:169,24
DA:170,12
DA:171,12
DA:172,4
DA:174,12
DA:175,12
DA:198,23
DA:204,23
DA:205,11
[...]
DA:836,1
DA:838,1
DA:841,1
DA:843,1
DA:846,1
DA:848,1
DA:851,1
DA:853,1
DA:856,1
DA:858,1
DA:861,1
DA:863,1
DA:866,1
DA:868,1
DA:871,1
DA:874,1
DA:877,1
DA:880,1
DA:883,1
DA:886,1
DA:889,1
DA:892,1
DA:895,1
DA:897,1
LF:327
LH:327
end_of_record
SF:lib/src/l10n/fluent_localizations_uk.dart
DA:9,2
DA:11,1
DA:14,1
DA:17,1
DA:20,1
DA:23,1
DA:26,1
DA:29,1
DA:32,1
DA:35,1
DA:38,1
DA:41,1
DA:44,1
DA:47,1
DA:50,1
DA:53,1
DA:56,1
DA:59,1
DA:61,1
DA:64,1
DA:66,1
DA:69,1
DA:71,1
DA:74,1
DA:77,1
DA:80,1
DA:83,1
DA:86,1
DA:89,1
DA:92,1
DA:95,1
DA:98,1
DA:101,1
DA:104,1
DA:107,1
DA:109,1
DA:112,1
DA:114,1
DA:117,1
DA:119,1
DA:122,1
DA:124,1
DA:127,1
DA:129,1
DA:132,1
DA:135,1
DA:138,1
DA:141,1
DA:143,1
DA:146,1
DA:149,1
DA:152,1
DA:155,1
DA:158,1
DA:161,1
DA:164,1
DA:167,1
DA:169,1
DA:172,1
DA:174,1
DA:177,1
DA:179,1
DA:182,1
DA:184,1
DA:187,1
DA:189,1
DA:192,1
DA:194,1
DA:197,1
DA:199,1
DA:202,1
DA:205,1
DA:207,1
DA:210,1
DA:212,1
DA:215,1
DA:217,1
DA:220,1
DA:222,1
DA:225,1
DA:227,1
DA:230,1
DA:232,1
DA:235,1
DA:237,1
DA:240,1
DA:242,1
DA:245,1
DA:247,1
DA:250,1
DA:252,1
DA:255,1
DA:257,1
DA:260,1
DA:262,1
DA:265,1
DA:267,1
DA:270,1
DA:272,1
DA:275,1
DA:278,1
DA:281,1
DA:284,1
DA:287,1
DA:290,1
DA:293,1
DA:296,1
DA:299,1
DA:301,1
DA:307,2
DA:309,1
DA:312,1
DA:315,1
DA:318,1
DA:321,1
DA:324,1
DA:327,1
DA:330,1
DA:333,1
DA:336,1
DA:339,1
DA:342,1
DA:345,1
DA:348,1
DA:351,1
DA:354,1
DA:357,1
DA:359,1
DA:362,1
DA:364,1
DA:367,1
DA:369,1
DA:372,1
DA:375,1
DA:378,1
DA:381,1
DA:384,1
DA:387,1
DA:390,1
DA:393,1
DA:396,1
DA:399,1
DA:402,1
DA:405,1
DA:407,1
DA:410,1
DA:412,1
DA:415,1
DA:417,1
DA:420,1
DA:422,1
DA:425,1
DA:427,1
DA:430,1
DA:433,1
DA:436,1
DA:439,1
DA:441,1
DA:444,1
DA:447,1
DA:450,1
DA:453,1
DA:456,1
DA:459,1
DA:462,1
DA:465,1
DA:467,1
DA:470,1
DA:472,1
DA:475,1
DA:477,1
DA:480,1
DA:482,1
DA:485,1
DA:487,1
DA:490,1
DA:492,1
DA:495,1
DA:497,1
DA:500,1
DA:503,1
DA:505,1
DA:508,1
DA:510,1
DA:513,1
DA:515,1
DA:518,1
DA:520,1
DA:523,1
DA:525,1
DA:528,1
DA:530,1
DA:533,1
DA:535,1
DA:538,1
DA:540,1
DA:543,1
DA:545,1
DA:548,1
DA:550,1
DA:553,1
DA:555,1
DA:558,1
DA:560,1
DA:563,1
DA:565,1
DA:568,1
DA:570,1
DA:573,1
DA:576,1
DA:579,1
DA:582,1
DA:585,1
DA:588,1
DA:591,1
DA:594,1
DA:597,1
DA:599,1
LF:218
LH:218
end_of_record
SF:lib/src/l10n/fluent_localizations_ur.dart
DA:9,2
DA:11,1
DA:14,1
DA:17,1
DA:20,1
DA:23,1
DA:26,1
DA:29,1
DA:32,1
DA:35,1
DA:38,1
DA:41,1
DA:44,1
DA:47,1
DA:50,1
DA:53,1
DA:56,1
DA:59,1
DA:61,1
DA:64,1
DA:66,1
DA:69,1
DA:71,1
DA:74,1
DA:77,1
DA:80,1
DA:83,1
DA:86,1
DA:89,1
DA:92,1
DA:95,1
DA:98,1
DA:101,1
DA:104,1
DA:107,1
DA:109,1
DA:112,1
DA:114,1
DA:117,1
DA:119,1
DA:122,1
DA:124,1
DA:127,1
DA:129,1
DA:132,1
DA:135,1
DA:138,1
DA:141,1
DA:143,1
DA:146,1
DA:149,1
DA:152,1
DA:155,1
DA:158,1
DA:161,1
DA:164,1
DA:167,1
DA:169,1
DA:172,1
DA:174,1
DA:177,1
DA:179,1
DA:182,1
DA:184,1
DA:187,1
DA:189,1
DA:192,1
DA:194,1
DA:197,1
DA:199,1
DA:202,1
DA:205,1
DA:207,1
DA:210,1
DA:212,1
DA:215,1
DA:217,1
DA:220,1
DA:222,1
DA:225,1
DA:227,1
DA:230,1
DA:232,1
DA:235,1
DA:237,1
DA:240,1
DA:242,1
DA:245,1
DA:247,1
DA:250,1
DA:252,1
DA:255,1
DA:257,1
DA:260,1
DA:262,1
DA:265,1
DA:267,1
DA:270,1
DA:272,1
DA:275,1
DA:278,1
DA:281,1
DA:284,1
DA:287,1
DA:290,1
DA:293,1
DA:296,1
DA:299,1
DA:301,1
DA:307,2
DA:309,1
DA:312,1
DA:315,1
DA:318,1
DA:321,1
DA:324,1
DA:327,1
DA:330,1
DA:333,1
DA:336,1
DA:339,1
DA:342,1
DA:345,1
DA:348,1
DA:351,1
DA:354,1
DA:357,1
DA:359,1
DA:362,1
DA:364,1
DA:367,1
DA:369,1
DA:372,1
DA:375,1
DA:378,1
DA:381,1
DA:384,1
DA:387,1
DA:390,1
DA:393,1
DA:396,1
DA:399,1
DA:402,1
DA:405,1
DA:407,1
DA:410,1
DA:412,1
DA:415,1
DA:417,1
DA:420,1
DA:422,1
DA:425,1
DA:427,1
DA:430,1
DA:433,1
DA:436,1
DA:439,1
DA:441,1
DA:444,1
DA:447,1
DA:450,1
DA:453,1
DA:456,1
DA:459,1
DA:462,1
DA:465,1
DA:467,1
DA:470,1
DA:472,1
DA:475,1
DA:477,1
DA:480,1
DA:482,1
DA:485,1
DA:487,1
DA:490,1
DA:492,1
DA:495,1
DA:497,1
DA:500,1
DA:503,1
DA:505,1
DA:508,1
DA:510,1
DA:513,1
DA:515,1
DA:518,1
DA:520,1
DA:523,1
DA:525,1
DA:528,1
DA:530,1
DA:533,1
DA:535,1
DA:538,1
DA:540,1
DA:543,1
DA:545,1
DA:548,1
DA:550,1
DA:553,1
DA:555,1
DA:558,1
DA:560,1
DA:563,1
DA:565,1
DA:568,1
DA:570,1
DA:573,1
DA:576,1
DA:579,1
DA:582,1
DA:585,1
DA:588,1
DA:591,1
DA:594,1
DA:597,1
DA:599,1
DA:605,2
DA:607,1
DA:610,1
DA:613,1
DA:616,1
DA:619,1
DA:622,1
DA:625,1
DA:628,1
DA:631,1
DA:634,1
DA:637,1
DA:640,1
DA:643,1
DA:646,1
DA:649,1
DA:652,1
DA:655,1
DA:657,1
DA:660,1
DA:662,1
DA:665,1
DA:667,1
DA:670,1
DA:673,1
DA:676,1
DA:679,1
DA:682,1
DA:685,1
DA:688,1
DA:691,1
DA:694,1
DA:697,1
DA:700,1
DA:703,1
DA:705,1
DA:708,1
DA:710,1
DA:713,1
DA:715,1
DA:718,1
DA:720,1
DA:723,1
DA:725,1
DA:728,1
DA:731,1
DA:734,1
DA:737,1
DA:739,1
DA:742,1
DA:745,1
DA:748,1
DA:751,1
DA:754,1
DA:757,1
DA:760,1
DA:763,1
DA:765,1
DA:768,1
DA:770,1
DA:773,1
DA:775,1
DA:778,1
DA:780,1
DA:783,1
DA:785,1
DA:788,1
DA:790,1
DA:793,1
DA:795,1
DA:798,1
DA:801,1
DA:803,1
DA:806,1
DA:808,1
DA:811,1
DA:813,1
DA:816,1
DA:818,1
DA:821,1
DA:823,1
DA:826,1
DA:828,1
DA:831,1
DA:833,1
DA:836,1
DA:838,1
DA:841,1
DA:843,1
DA:846,1
DA:848,1
DA:851,1
DA:853,1
DA:856,1
DA:858,1
DA:861,1
DA:863,1
DA:866,1
DA:868,1
DA:871,1
DA:874,1
DA:877,1
DA:880,1
DA:883,1
DA:886,1
DA:889,1
DA:892,1
DA:895,1
DA:897,1
LF:327
LH:327
end_of_record
SF:lib/src/l10n/fluent_localizations_uz.dart
DA:9,2
DA:11,1
DA:14,1
DA:17,1
DA:20,1
DA:23,1
DA:26,1
DA:29,1
DA:32,1
DA:35,1
DA:38,1
DA:41,1
DA:44,1
DA:47,1
DA:50,1
DA:53,1
DA:56,1
DA:59,1
DA:61,1
DA:64,1
DA:66,1
DA:69,1
DA:71,1
DA:74,1
DA:77,1
DA:80,1
DA:83,1
DA:86,1
DA:89,1
DA:92,1
DA:95,1
DA:98,1
DA:101,1
DA:104,1
DA:107,1
DA:109,1
DA:112,1
DA:114,1
DA:117,1
DA:119,1
DA:122,1
DA:124,1
DA:127,1
DA:129,1
DA:132,1
DA:135,1
DA:138,1
DA:141,1
DA:143,1
DA:146,1
DA:149,1
DA:152,1
DA:155,1
DA:158,1
DA:161,1
DA:164,1
DA:167,1
DA:169,1
DA:172,1
DA:174,1
DA:177,1
DA:179,1
DA:182,1
DA:184,1
DA:187,1
DA:189,1
DA:192,1
DA:194,1
DA:197,1
DA:199,1
DA:202,1
DA:205,1
DA:207,1
DA:210,1
DA:212,1
DA:215,1
DA:217,1
DA:220,1
DA:222,1
DA:225,1
DA:227,1
DA:230,1
DA:232,1
DA:235,1
DA:237,1
DA:240,1
DA:242,1
DA:245,1
DA:247,1
DA:250,1
DA:252,1
DA:255,1
DA:257,1
DA:260,1
DA:262,1
DA:265,1
DA:267,1
DA:270,1
DA:272,1
DA:275,1
DA:278,1
DA:281,1
DA:284,1
DA:287,1
DA:290,1
DA:293,1
DA:296,1
DA:299,1
DA:301,1
DA:307,2
DA:309,1
DA:312,1
DA:315,1
DA:318,1
DA:321,1
DA:324,1
DA:327,1
DA:330,1
DA:333,1
DA:336,1
DA:339,1
DA:342,1
DA:345,1
DA:348,1
DA:351,1
DA:354,1
DA:357,1
DA:359,1
DA:362,1
DA:364,1
DA:367,1
DA:369,1
DA:372,1
DA:375,1
DA:378,1
DA:381,1
DA:384,1
DA:387,1
DA:390,1
DA:393,1
DA:396,1
DA:399,1
DA:402,1
DA:405,1
DA:407,1
DA:410,1
DA:412,1
DA:415,1
DA:417,1
DA:420,1
DA:422,1
DA:425,1
DA:427,1
DA:430,1
DA:433,1
DA:436,1
DA:439,1
DA:441,1
DA:444,1
DA:447,1
DA:450,1
DA:453,1
DA:456,1
DA:459,1
DA:462,1
DA:465,1
DA:467,1
DA:470,1
DA:472,1
DA:475,1
DA:477,1
DA:480,1
DA:482,1
DA:485,1
DA:487,1
DA:490,1
DA:492,1
DA:495,1
DA:497,1
DA:500,1
DA:503,1
DA:505,1
DA:508,1
DA:510,1
DA:513,1
DA:515,1
DA:518,1
DA:520,1
DA:523,1
DA:525,1
DA:528,1
DA:530,1
DA:533,1
DA:535,1
DA:538,1
DA:540,1
DA:543,1
DA:545,1
DA:548,1
DA:550,1
DA:553,1
DA:555,1
DA:558,1
DA:560,1
DA:563,1
DA:565,1
DA:568,1
DA:570,1
DA:573,1
DA:576,1
DA:579,1
DA:582,1
DA:585,1
DA:588,1
DA:591,1
DA:594,1
DA:597,1
DA:599,1
LF:218
LH:218
end_of_record
SF:lib/src/l10n/fluent_localizations_zh.dart
DA:9,2
DA:11,1
DA:14,1
DA:17,1
DA:20,1
DA:23,1
DA:26,1
DA:29,1
DA:32,1
DA:35,1
DA:38,1
DA:41,1
DA:44,1
DA:47,1
DA:50,1
DA:53,1
DA:56,1
DA:59,1
DA:61,1
DA:64,1
DA:66,1
DA:69,1
DA:71,1
DA:74,1
DA:77,1
DA:80,1
DA:83,1
DA:86,1
DA:89,1
DA:92,1
DA:95,1
DA:98,1
DA:101,1
DA:104,1
DA:107,1
DA:109,1
DA:112,1
DA:114,1
DA:117,1
DA:119,1
DA:122,1
DA:124,1
DA:127,1
DA:129,1
DA:132,1
DA:135,1
DA:138,1
DA:141,1
DA:143,1
DA:146,1
DA:149,1
DA:152,1
DA:155,1
DA:158,1
DA:161,1
DA:164,1
DA:167,1
DA:169,1
DA:172,1
DA:174,1
DA:177,1
DA:179,1
DA:182,1
DA:184,1
DA:187,1
DA:189,1
DA:192,1
DA:194,1
DA:197,1
DA:199,1
DA:202,1
DA:205,1
DA:207,1
DA:210,1
DA:212,1
DA:215,1
DA:217,1
DA:220,1
DA:222,1
DA:225,1
DA:227,1
DA:230,1
DA:232,1
DA:235,1
DA:237,1
DA:240,1
DA:242,1
DA:245,1
DA:247,1
DA:250,1
DA:252,1
DA:255,1
DA:257,1
DA:260,1
DA:262,1
DA:265,1
DA:267,1
DA:270,1
DA:272,1
DA:275,1
DA:278,1
DA:281,1
DA:284,1
DA:287,1
DA:290,1
DA:293,1
DA:296,1
DA:299,1
DA:301,1
DA:307,2
DA:309,1
DA:312,1
DA:315,1
DA:318,1
DA:321,1
DA:324,1
DA:327,1
DA:330,1
DA:333,1
DA:336,1
DA:339,1
DA:342,1
DA:345,1
DA:348,1
DA:351,1
DA:354,1
DA:357,1
DA:359,1
DA:362,1
DA:364,1
DA:367,1
DA:369,1
DA:372,1
DA:375,1
DA:378,1
DA:381,1
DA:384,1
DA:387,1
DA:390,1
DA:393,1
DA:396,1
DA:399,1
DA:402,1
DA:405,1
DA:407,1
DA:410,1
DA:412,1
DA:415,1
DA:417,1
DA:420,1
DA:422,1
DA:425,1
DA:427,1
DA:430,1
DA:433,1
DA:436,1
DA:439,1
DA:441,1
DA:444,1
DA:447,1
DA:450,1
DA:453,1
DA:456,1
DA:459,1
DA:462,1
DA:465,1
DA:467,1
DA:470,1
DA:472,1
DA:475,1
DA:477,1
DA:480,1
DA:482,1
DA:485,1
DA:487,1
DA:490,1
DA:492,1
DA:495,1
DA:497,1
DA:500,1
DA:503,1
DA:505,1
DA:508,1
DA:510,1
DA:513,1
DA:515,1
DA:518,1
DA:520,1
DA:523,1
DA:525,1
DA:528,1
DA:530,1
DA:533,1
DA:535,1
DA:538,1
DA:540,1
DA:543,1
DA:545,1
DA:548,1
DA:550,1
DA:553,1
DA:555,1
DA:558,1
DA:560,1
DA:563,1
DA:565,1
DA:568,1
DA:570,1
DA:573,1
DA:576,1
DA:579,1
DA:582,1
DA:585,1
DA:588,1
DA:591,1
DA:594,1
DA:597,1
DA:599,1
DA:605,2
DA:607,1
DA:610,1
DA:613,1
DA:616,1
DA:619,1
DA:622,1
DA:625,1
DA:628,1
DA:631,1
DA:634,1
DA:637,1
DA:640,1
DA:643,1
DA:646,1
DA:649,1
DA:652,1
DA:655,1
DA:657,1
DA:660,1
DA:662,1
DA:665,1
DA:667,1
DA:670,1
DA:673,1
DA:676,1
DA:679,1
DA:682,1
DA:685,1
DA:688,1
DA:691,1
DA:694,1
DA:697,1
DA:700,1
DA:703,1
DA:705,1
DA:708,1
DA:710,1
DA:713,1
DA:715,1
DA:718,1
DA:720,1
DA:723,1
DA:725,1
DA:728,1
DA:731,1
DA:734,1
DA:737,1
DA:739,1
DA:742,1
DA:745,1
DA:748,1
DA:751,1
DA:754,1
DA:757,1
DA:760,1
DA:763,1
DA:765,1
DA:768,1
DA:770,1
DA:773,1
DA:775,1
DA:778,1
DA:780,1
DA:783,1
DA:785,1
DA:788,1
DA:790,1
DA:793,1
DA:795,1
DA:798,1
DA:801,1
DA:803,1
DA:806,1
DA:808,1
DA:811,1
DA:813,1
DA:816,1
DA:818,1
DA:821,1
DA:823,1
DA:826,1
DA:828,1
DA:831,1
DA:833,1
DA:836,1
DA:838,1
DA:841,1
DA:843,1
DA:846,1
DA:848,1
DA:851,1
DA:853,1
DA:856,1
DA:858,1
DA:861,1
DA:863,1
DA:866,1
DA:868,1
DA:871,1
DA:874,1
DA:877,1
DA:880,1
DA:883,1
DA:886,1
DA:889,1
DA:892,1
DA:895,1
DA:897,1
DA:903,2
DA:905,1
DA:908,1
DA:911,1
DA:914,1
DA:917,1
DA:920,1
DA:923,1
DA:926,1
DA:929,1
DA:932,1
DA:935,1
DA:938,1
DA:941,1
DA:944,1
DA:947,1
DA:950,1
DA:953,1
DA:955,1
DA:958,1
DA:960,1
DA:963,1
DA:965,1
DA:968,1
DA:971,1
DA:974,1
DA:977,1
DA:980,1
DA:983,1
DA:986,1
DA:989,1
DA:992,1
DA:995,1
DA:998,1
DA:1001,1
DA:1003,1
DA:1006,1
DA:1008,1
DA:1011,1
DA:1013,1
DA:1016,1
DA:1018,1
DA:1021,1
DA:1023,1
DA:1026,1
DA:1029,1
DA:1032,1
DA:1035,1
DA:1037,1
DA:1040,1
DA:1043,1
DA:1046,1
DA:1049,1
DA:1052,1
DA:1055,1
DA:1058,1
DA:1061,1
DA:1063,1
DA:1066,1
DA:1068,1
DA:1071,1
DA:1073,1
DA:1076,1
DA:1078,1
DA:1081,1
DA:1083,1
DA:1086,1
DA:1088,1
DA:1091,1
DA:1093,1
DA:1096,1
DA:1099,1
DA:1101,1
DA:1104,1
DA:1106,1
DA:1109,1
DA:1111,1
DA:1114,1
DA:1116,1
DA:1119,1
DA:1121,1
DA:1124,1
DA:1126,1
DA:1129,1
DA:1131,1
DA:1134,1
DA:1136,1
DA:1139,1
DA:1141,1
DA:1144,1
DA:1146,1
DA:1149,1
DA:1151,1
DA:1154,1
DA:1156,1
DA:1159,1
DA:1161,1
DA:1164,1
DA:1166,1
DA:1169,1
DA:1172,1
DA:1175,1
DA:1178,1
DA:1181,1
DA:1184,1
DA:1187,1
DA:1190,1
DA:1193,1
DA:1195,1
DA:1201,2
DA:1203,1
DA:1206,1
DA:1209,1
DA:1212,1
DA:1215,1
DA:1218,1
DA:1221,1
DA:1224,1
DA:1227,1
DA:1230,1
DA:1233,1
DA:1236,1
DA:1239,1
DA:1242,1
DA:1245,1
DA:1248,1
DA:1251,1
DA:1253,1
DA:1256,1
DA:1258,1
DA:1261,1
DA:1263,1
DA:1266,1
DA:1269,1
DA:1272,1
DA:1275,1
DA:1278,1
DA:1281,1
DA:1284,1
DA:1287,1
DA:1290,1
DA:1293,1
DA:1296,1
DA:1299,1
DA:1301,1
DA:1304,1
DA:1306,1
DA:1309,1
DA:1311,1
DA:1314,1
DA:1316,1
DA:1319,1
DA:1321,1
DA:1324,1
DA:1327,1
DA:1330,1
DA:1333,1
DA:1335,1
DA:1338,1
DA:1341,1
DA:1344,1
DA:1347,1
DA:1350,1
DA:1353,1
DA:1356,1
DA:1359,1
DA:1361,1
DA:1364,1
DA:1366,1
DA:1369,1
DA:1371,1
DA:1374,1
DA:1376,1
DA:1379,1
DA:1381,1
DA:1384,1
DA:1386,1
DA:1389,1
DA:1391,1
DA:1394,1
DA:1397,1
DA:1399,1
DA:1402,1
DA:1404,1
DA:1407,1
DA:1409,1
DA:1412,1
DA:1414,1
DA:1417,1
DA:1419,1
DA:1422,1
DA:1424,1
DA:1427,1
DA:1429,1
DA:1432,1
DA:1434,1
DA:1437,1
DA:1439,1
DA:1442,1
DA:1444,1
DA:1447,1
DA:1449,1
DA:1452,1
DA:1454,1
DA:1457,1
DA:1459,1
DA:1462,1
DA:1464,1
DA:1467,1
DA:1470,1
DA:1473,1
DA:1476,1
DA:1479,1
DA:1482,1
DA:1485,1
DA:1488,1
DA:1491,1
DA:1493,1
DA:1499,2
DA:1501,1
DA:1504,1
DA:1507,1
DA:1510,1
DA:1513,1
DA:1516,1
DA:1519,1
DA:1522,1
DA:1525,1
DA:1528,1
DA:1531,1
DA:1534,1
DA:1537,1
DA:1540,1
DA:1543,1
DA:1546,1
DA:1549,1
DA:1551,1
DA:1554,1
DA:1556,1
DA:1559,1
DA:1561,1
DA:1564,1
DA:1567,1
DA:1570,1
DA:1573,1
DA:1576,1
DA:1579,1
DA:1582,1
DA:1585,1
DA:1588,1
DA:1591,1
DA:1594,1
DA:1597,1
DA:1599,1
DA:1602,1
DA:1604,1
DA:1607,1
DA:1609,1
DA:1612,1
DA:1614,1
DA:1617,1
DA:1619,1
DA:1622,1
DA:1625,1
DA:1628,1
DA:1631,1
DA:1633,1
DA:1636,1
DA:1639,1
DA:1642,1
DA:1645,1
DA:1648,1
DA:1651,1
DA:1654,1
DA:1657,1
DA:1659,1
DA:1662,1
DA:1664,1
DA:1667,1
DA:1669,1
DA:1672,1
DA:1674,1
DA:1677,1
DA:1679,1
DA:1682,1
DA:1684,1
DA:1687,1
DA:1689,1
DA:1692,1
DA:1695,1
DA:1697,1
DA:1700,1
DA:1702,1
DA:1705,1
DA:1707,1
DA:1710,1
DA:1712,1
DA:1715,1
DA:1717,1
DA:1720,1
DA:1722,1
DA:1725,1
DA:1727,1
DA:1730,1
DA:1732,1
DA:1735,1
DA:1737,1
DA:1740,1
DA:1742,1
DA:1745,1
DA:1747,1
DA:1750,1
DA:1752,1
DA:1755,1
DA:1757,1
DA:1760,1
DA:1762,1
DA:1765,1
DA:1768,1
DA:1771,1
DA:1774,1
DA:1777,1
DA:1780,1
DA:1783,1
DA:1786,1
DA:1789,1
DA:1791,1
DA:1797,2
DA:1799,1
DA:1802,1
DA:1805,1
DA:1808,1
DA:1811,1
DA:1814,1
DA:1817,1
DA:1820,1
DA:1823,1
DA:1826,1
DA:1829,1
DA:1832,1
DA:1835,1
DA:1838,1
DA:1841,1
DA:1844,1
DA:1847,1
DA:1849,1
DA:1852,1
DA:1854,1
DA:1857,1
DA:1859,1
DA:1862,1
DA:1865,1
DA:1868,1
DA:1871,1
DA:1874,1
DA:1877,1
DA:1880,1
DA:1883,1
DA:1886,1
DA:1889,1
DA:1892,1
DA:1895,1
DA:1897,1
DA:1900,1
DA:1902,1
DA:1905,1
DA:1907,1
DA:1910,1
DA:1912,1
DA:1915,1
DA:1917,1
DA:1920,1
DA:1923,1
DA:1926,1
DA:1929,1
DA:1931,1
DA:1934,1
DA:1937,1
DA:1940,1
DA:1943,1
DA:1946,1
DA:1949,1
DA:1952,1
DA:1955,1
DA:1957,1
DA:1960,1
DA:1962,1
DA:1965,1
DA:1967,1
DA:1970,1
DA:1972,1
DA:1975,1
DA:1977,1
DA:1980,1
DA:1982,1
DA:1985,1
DA:1987,1
DA:1990,1
DA:1993,1
DA:1995,1
DA:1998,1
DA:2000,1
DA:2003,1
DA:2005,1
DA:2008,1
DA:2010,1
DA:2013,1
DA:2015,1
DA:2018,1
DA:2020,1
DA:2023,1
DA:2025,1
DA:2028,1
DA:2030,1
DA:2033,1
DA:2035,1
DA:2038,1
DA:2040,1
DA:2043,1
DA:2045,1
DA:2048,1
DA:2050,1
DA:2053,1
DA:2055,1
DA:2058,1
DA:2060,1
DA:2063,1
DA:2066,1
DA:2069,1
DA:2072,1
DA:2075,1
DA:2078,1
DA:2081,1
DA:2084,1
DA:2087,1
DA:2089,1
DA:2095,2
DA:2097,1
DA:2100,1
DA:2103,1
DA:2106,1
DA:2109,1
DA:2112,1
DA:2115,1
DA:2118,1
DA:2121,1
DA:2124,1
DA:2127,1
DA:2130,1
DA:2133,1
DA:2136,1
DA:2139,1
DA:2142,1
DA:2145,1
DA:2147,1
DA:2150,1
DA:2152,1
DA:2155,1
DA:2157,1
DA:2160,1
DA:2163,1
DA:2166,1
DA:2169,1
DA:2172,1
DA:2175,1
DA:2178,1
DA:2181,1
DA:2184,1
DA:2187,1
DA:2190,1
DA:2193,1
DA:2195,1
DA:2198,1
DA:2200,1
DA:2203,1
DA:2205,1
DA:2208,1
DA:2210,1
DA:2213,1
DA:2215,1
DA:2218,1
DA:2221,1
DA:2224,1
DA:2227,1
DA:2229,1
DA:2232,1
DA:2235,1
DA:2238,1
DA:2241,1
DA:2244,1
DA:2247,1
DA:2250,1
DA:2253,1
DA:2255,1
DA:2258,1
DA:2260,1
DA:2263,1
DA:2265,1
DA:2268,1
DA:2270,1
DA:2273,1
DA:2275,1
DA:2278,1
DA:2280,1
DA:2283,1
DA:2285,1
DA:2288,1
DA:2291,1
DA:2293,1
DA:2296,1
DA:2298,1
DA:2301,1
DA:2303,1
DA:2306,1
DA:2308,1
DA:2311,1
DA:2313,1
DA:2316,1
DA:2318,1
DA:2321,1
DA:2323,1
DA:2326,1
DA:2328,1
DA:2331,1
DA:2333,1
DA:2336,1
DA:2338,1
DA:2341,1
DA:2343,1
DA:2346,1
DA:2348,1
DA:2351,1
DA:2353,1
DA:2356,1
DA:2358,1
DA:2361,1
DA:2364,1
DA:2367,1
DA:2370,1
DA:2373,1
DA:2376,1
DA:2379,1
DA:2382,1
DA:2385,1
DA:2387,1
DA:2393,2
DA:2395,1
DA:2398,1
DA:2401,1
DA:2404,1
DA:2407,1
DA:2410,1
DA:2413,1
DA:2416,1
DA:2419,1
DA:2422,1
DA:2425,1
DA:2428,1
DA:2431,1
DA:2434,1
DA:2437,1
DA:2440,1
DA:2443,1
DA:2445,1
DA:2448,1
DA:2450,1
DA:2453,1
DA:2455,1
DA:2458,1
DA:2461,1
DA:2464,1
DA:2467,1
DA:2470,1
DA:2473,1
DA:2476,1
DA:2479,1
DA:2482,1
DA:2485,1
DA:2488,1
DA:2491,1
DA:2493,1
DA:2496,1
DA:2498,1
DA:2501,1
DA:2503,1
DA:2506,1
DA:2508,1
DA:2511,1
DA:2513,1
DA:2516,1
DA:2519,1
DA:2522,1
DA:2525,1
DA:2527,1
DA:2530,1
DA:2533,1
DA:2536,1
DA:2539,1
DA:2542,1
DA:2545,1
DA:2548,1
DA:2551,1
DA:2553,1
DA:2556,1
DA:2558,1
DA:2561,1
DA:2563,1
DA:2566,1
DA:2568,1
DA:2571,1
DA:2573,1
DA:2576,1
DA:2578,1
DA:2581,1
DA:2583,1
DA:2586,1
DA:2589,1
DA:2591,1
DA:2594,1
DA:2596,1
DA:2599,1
DA:2601,1
DA:2604,1
DA:2606,1
DA:2609,1
DA:2611,1
DA:2614,1
DA:2616,1
DA:2619,1
DA:2621,1
DA:2624,1
DA:2626,1
DA:2629,1
DA:2631,1
DA:2634,1
DA:2636,1
DA:2639,1
DA:2641,1
DA:2644,1
DA:2646,1
DA:2649,1
DA:2651,1
DA:2654,1
DA:2656,1
DA:2659,1
DA:2662,1
DA:2665,1
DA:2668,1
DA:2671,1
DA:2674,1
DA:2677,1
DA:2680,1
DA:2683,1
DA:2685,1
DA:2691,2
DA:2693,1
DA:2696,1
DA:2699,1
DA:2702,1
DA:2705,1
DA:2708,1
DA:2711,1
DA:2714,1
DA:2717,1
DA:2720,1
DA:2723,1
DA:2726,1
DA:2729,1
DA:2732,1
DA:2735,1
DA:2738,1
DA:2741,1
DA:2743,1
DA:2746,1
DA:2748,1
DA:2751,1
DA:2753,1
DA:2756,1
DA:2759,1
DA:2762,1
DA:2765,1
DA:2768,1
DA:2771,1
DA:2774,1
DA:2777,1
DA:2780,1
DA:2783,1
DA:2786,1
DA:2789,1
DA:2791,1
DA:2794,1
DA:2796,1
DA:2799,1
DA:2801,1
DA:2804,1
DA:2806,1
DA:2809,1
DA:2811,1
DA:2814,1
DA:2817,1
DA:2820,1
DA:2823,1
DA:2825,1
DA:2828,1
DA:2831,1
DA:2834,1
DA:2837,1
DA:2840,1
DA:2843,1
DA:2846,1
DA:2849,1
DA:2851,1
DA:2854,1
DA:2856,1
DA:2859,1
DA:2861,1
DA:2864,1
DA:2866,1
DA:2869,1
DA:2871,1
DA:2874,1
DA:2876,1
DA:2879,1
DA:2881,1
DA:2884,1
DA:2887,1
DA:2889,1
DA:2892,1
DA:2894,1
DA:2897,1
DA:2899,1
DA:2902,1
DA:2904,1
DA:2907,1
DA:2909,1
DA:2912,1
DA:2914,1
DA:2917,1
DA:2919,1
DA:2922,1
DA:2924,1
DA:2927,1
DA:2929,1
DA:2932,1
DA:2934,1
DA:2937,1
DA:2939,1
DA:2942,1
DA:2944,1
DA:2947,1
DA:2949,1
DA:2952,1
DA:2954,1
DA:2957,1
DA:2960,1
DA:2963,1
DA:2966,1
DA:2969,1
DA:2972,1
DA:2975,1
DA:2978,1
DA:2981,1
DA:2983,1
DA:2989,2
DA:2991,1
DA:2994,1
DA:2997,1
DA:3000,1
DA:3003,1
DA:3006,1
DA:3009,1
DA:3012,1
DA:3015,1
DA:3018,1
DA:3021,1
DA:3024,1
DA:3027,1
DA:3030,1
DA:3033,1
DA:3036,1
DA:3039,1
DA:3041,1
DA:3044,1
DA:3046,1
DA:3049,1
DA:3051,1
DA:3054,1
DA:3057,1
DA:3060,1
DA:3063,1
DA:3066,1
DA:3069,1
DA:3072,1
DA:3075,1
DA:3078,1
DA:3081,1
DA:3084,1
DA:3087,1
DA:3089,1
DA:3092,1
DA:3094,1
DA:3097,1
DA:3099,1
DA:3102,1
DA:3104,1
DA:3107,1
DA:3109,1
DA:3112,1
DA:3115,1
DA:3118,1
DA:3121,1
DA:3123,1
DA:3126,1
DA:3129,1
DA:3132,1
DA:3135,1
DA:3138,1
DA:3141,1
DA:3144,1
DA:3147,1
DA:3149,1
DA:3152,1
DA:3154,1
DA:3157,1
DA:3159,1
DA:3162,1
DA:3164,1
DA:3167,1
DA:3169,1
DA:3172,1
DA:3174,1
DA:3177,1
DA:3179,1
DA:3182,1
DA:3185,1
DA:3187,1
DA:3190,1
DA:3192,1
DA:3195,1
DA:3197,1
DA:3200,1
DA:3202,1
DA:3205,1
DA:3207,1
DA:3210,1
DA:3212,1
DA:3215,1
DA:3217,1
DA:3220,1
DA:3222,1
DA:3225,1
DA:3227,1
DA:3230,1
DA:3232,1
DA:3235,1
DA:3237,1
DA:3240,1
DA:3242,1
DA:3245,1
DA:3247,1
DA:3250,1
DA:3252,1
DA:3255,1
DA:3258,1
DA:3261,1
DA:3264,1
DA:3267,1
DA:3270,1
DA:3273,1
DA:3276,1
DA:3279,1
DA:3281,1
DA:3287,2
DA:3289,1
DA:3292,1
DA:3295,1
DA:3298,1
DA:3301,1
DA:3304,1
DA:3307,1
DA:3310,1
DA:3313,1
DA:3316,1
DA:3319,1
DA:3322,1
DA:3325,1
DA:3328,1
DA:3331,1
DA:3334,1
DA:3337,1
DA:3339,1
DA:3342,1
DA:3344,1
DA:3347,1
DA:3349,1
DA:3352,1
DA:3355,1
DA:3358,1
DA:3361,1
DA:3364,1
DA:3367,1
DA:3370,1
DA:3373,1
DA:3376,1
DA:3379,1
DA:3382,1
DA:3385,1
DA:3387,1
DA:3390,1
DA:3392,1
DA:3395,1
DA:3397,1
DA:3400,1
DA:3402,1
DA:3405,1
DA:3407,1
DA:3410,1
DA:3413,1
DA:3416,1
DA:3419,1
DA:3421,1
DA:3424,1
DA:3427,1
DA:3430,1
DA:3433,1
DA:3436,1
DA:3439,1
DA:3442,1
DA:3445,1
DA:3447,1
DA:3450,1
DA:3452,1
DA:3455,1
DA:3457,1
DA:3460,1
DA:3462,1
DA:3465,1
DA:3467,1
DA:3470,1
DA:3472,1
DA:3475,1
DA:3477,1
DA:3480,1
DA:3483,1
DA:3485,1
DA:3488,1
DA:3490,1
DA:3493,1
DA:3495,1
DA:3498,1
DA:3500,1
DA:3503,1
DA:3505,1
DA:3508,1
DA:3510,1
DA:3513,1
DA:3515,1
DA:3518,1
DA:3520,1
DA:3523,1
DA:3525,1
DA:3528,1
DA:3530,1
DA:3533,1
DA:3535,1
DA:3538,1
DA:3540,1
DA:3543,1
DA:3545,1
DA:3548,1
DA:3550,1
DA:3553,1
DA:3556,1
DA:3559,1
DA:3562,1
DA:3565,1
DA:3568,1
DA:3571,1
DA:3574,1
DA:3577,1
DA:3579,1
LF:1308
LH:1308
end_of_record
