SF:lib/src/buttons/button.dart
DA:73,27
DA:93,0
DA:103,27
DA:128,26
DA:136,26
DA:154,27
DA:158,27
DA:160,27
DA:161,34
DA:162,7
DA:163,7
DA:164,7
DA:165,7
DA:166,7
DA:168,44
DA:169,17
DA:170,17
DA:171,17
DA:172,17
DA:173,17
DA:175,21
DA:176,36
DA:177,15
DA:178,15
DA:179,15
DA:180,15
DA:181,15
DA:183,26
DA:184,13
DA:185,13
DA:186,13
DA:187,13
DA:188,13
DA:192,27
DA:193,34
DA:194,7
DA:195,7
DA:197,27
DA:198,38
DA:199,17
DA:200,17
DA:201,17
DA:202,17
DA:203,17
DA:205,34
DA:206,13
DA:207,13
DA:208,13
DA:209,13
DA:210,13
DA:214,30
DA:215,15
DA:216,15
DA:217,15
DA:218,15
DA:219,15
DA:224,54
DA:225,46
DA:228,17
DA:229,17
DA:230,17
DA:231,17
DA:232,17
DA:233,17
DA:238,27
DA:239,27
DA:243,34
DA:245,19
DA:249,38
DA:251,4
DA:255,8
DA:259,27
DA:260,27
DA:261,3
DA:262,1
DA:265,27
DA:269,27
DA:272,27
DA:273,27
DA:274,27
DA:275,27
DA:277,54
DA:292,27
DA:297,54
DA:298,54
DA:299,44
DA:300,54
DA:301,54
DA:302,54
DA:303,54
DA:304,54
DA:305,54
DA:307,27
DA:308,27
DA:309,21
DA:310,21
DA:311,21
DA:313,61
DA:316,27
DA:317,54
DA:320,48
DA:323,2
DA:326,2
DA:327,2
DA:332,27
DA:333,27
DA:341,27
DA:342,54
DA:345,54
DA:346,27
DA:348,27
DA:349,27
DA:350,27
DA:351,27
DA:353,27
DA:354,27
DA:357,27
DA:358,17
DA:361,27
DA:375,3
DA:385,26
DA:386,29
DA:388,0
DA:390,0
DA:392,0
DA:394,0
DA:419,16
DA:439,19
DA:489,26
DA:491,26
DA:492,26
DA:493,26
DA:494,26
DA:495,26
DA:496,26
DA:497,26
DA:498,26
DA:502,26
DA:504,26
DA:505,104
DA:507,26
DA:508,26
DA:509,26
DA:510,26
DA:511,26
DA:512,26
DA:513,26
DA:516,26
DA:518,26
DA:519,26
LF:150
LH:145
BRDA:73,0,0,27
BRDA:93,0,0,0
BRDA:103,0,0,27
BRDA:128,0,0,26
BRDA:154,0,0,27
BRDA:161,0,0,7
BRDA:168,0,0,17
BRDA:176,0,0,15
BRDA:183,0,0,13
BRDA:193,0,0,7
BRDA:198,0,0,17
BRDA:205,0,0,13
BRDA:214,0,0,15
BRDA:239,0,0,17
BRDA:245,0,0,19
BRDA:251,0,0,4
BRDA:260,0,0,27
BRDA:261,0,0,3
BRDA:262,0,0,1
BRDA:292,0,0,27
BRDA:309,0,0,21
BRDA:313,0,0,17
BRDA:317,0,0,27
BRDA:323,0,0,1
BRDA:331,0,0,27
BRDA:345,0,0,27
BRDA:375,0,0,3
BRDA:385,0,0,26
BRDA:388,0,0,0
BRDA:392,0,0,0
BRDA:419,0,0,16
BRDA:439,0,0,19
BRDA:489,0,0,26
BRDA:512,0,0,26
end_of_record
SF:lib/src/buttons/button_style.dart
DA:22,28
DA:75,26
DA:77,13
DA:78,24
DA:79,24
DA:80,26
DA:81,24
DA:82,25
DA:83,26
DA:84,18
DA:85,26
DA:86,21
DA:87,18
DA:88,26
DA:93,2
DA:105,2
DA:106,2
DA:107,2
DA:108,2
DA:109,2
DA:110,2
DA:111,2
DA:112,2
DA:113,2
DA:114,2
DA:115,2
DA:116,2
DA:123,2
DA:135,2
DA:136,2
DA:137,2
DA:138,2
DA:139,2
DA:140,2
DA:141,2
DA:142,2
DA:143,2
DA:144,2
DA:145,2
DA:146,2
DA:149,2
DA:150,2
DA:152,0
DA:154,0
DA:155,0
DA:156,0
DA:157,0
DA:158,0
DA:159,0
DA:160,0
DA:161,0
DA:162,0
DA:163,0
DA:164,0
DA:165,0
DA:167,0
DA:168,0
DA:169,0
DA:170,0
DA:171,0
DA:172,0
DA:173,0
DA:174,0
DA:175,0
DA:176,0
DA:177,0
DA:178,0
DA:179,0
LF:68
LH:42
BRDA:22,0,0,28
BRDA:75,0,0,26
BRDA:76,0,0,26
BRDA:93,0,0,2
BRDA:123,0,0,2
BRDA:149,0,0,2
BRDA:152,0,0,0
BRDA:167,0,0,0
end_of_record
SF:lib/src/buttons/compound_button.dart
DA:23,2
DA:48,2
DA:50,1
DA:51,3
DA:52,2
DA:53,2
DA:58,0
DA:62,0
DA:63,0
DA:64,0
DA:65,0
DA:69,1
DA:73,1
DA:77,1
DA:80,1
DA:83,0
DA:85,0
DA:86,0
DA:87,0
DA:88,0
DA:90,0
DA:91,0
DA:103,2
DA:122,2
DA:143,4
DA:144,2
DA:145,2
DA:146,2
DA:147,2
DA:148,2
DA:149,2
DA:150,2
DA:155,2
DA:164,2
DA:183,2
DA:187,2
DA:194,2
DA:195,4
DA:196,2
DA:197,2
DA:199,2
DA:200,2
DA:201,4
DA:202,2
DA:203,2
DA:204,2
DA:205,2
DA:206,2
DA:210,4
DA:211,2
DA:212,2
DA:213,2
DA:214,2
DA:215,2
DA:222,2
DA:223,4
DA:224,2
DA:225,2
DA:227,2
DA:228,2
DA:229,4
DA:230,2
DA:231,2
DA:232,2
DA:233,2
DA:234,2
DA:236,4
DA:237,2
DA:238,2
DA:239,2
DA:240,2
DA:241,2
DA:250,2
DA:251,2
DA:253,4
DA:254,4
DA:256,2
DA:258,4
DA:259,4
DA:261,2
DA:263,4
DA:264,4
DA:268,2
DA:269,6
DA:271,2
DA:272,2
DA:273,2
DA:275,2
DA:282,2
DA:293,2
DA:298,2
DA:299,2
DA:304,4
DA:305,2
DA:308,2
DA:309,2
DA:310,2
DA:311,2
DA:312,4
DA:320,2
DA:321,2
DA:322,2
DA:323,2
DA:324,2
DA:327,2
DA:338,1
DA:348,2
DA:349,2
DA:350,1
DA:352,0
DA:354,0
DA:356,0
DA:358,0
DA:390,2
DA:446,2
DA:448,2
DA:449,2
DA:450,2
DA:451,2
DA:452,2
DA:453,2
DA:454,2
DA:455,2
DA:456,2
DA:460,2
DA:462,2
DA:463,8
DA:465,2
DA:467,2
DA:468,2
DA:469,2
DA:470,2
DA:471,2
DA:472,2
DA:473,2
DA:474,2
DA:475,2
LF:137
LH:121
BRDA:23,0,0,2
BRDA:48,0,0,2
BRDA:49,0,0,2
BRDA:58,0,0,0
BRDA:69,0,0,1
BRDA:83,0,0,0
BRDA:90,0,0,0
BRDA:103,0,0,2
BRDA:122,0,0,2
BRDA:143,0,0,2
BRDA:155,0,0,2
BRDA:183,0,0,2
BRDA:195,0,0,2
BRDA:201,0,0,2
BRDA:210,0,0,2
BRDA:223,0,0,2
BRDA:229,0,0,2
BRDA:236,0,0,2
BRDA:251,0,0,2
BRDA:256,0,0,2
BRDA:261,0,0,2
BRDA:293,0,0,2
BRDA:302,0,0,2
BRDA:309,0,0,2
BRDA:338,0,0,1
BRDA:348,0,0,2
BRDA:352,0,0,0
BRDA:356,0,0,0
BRDA:390,0,0,2
BRDA:446,0,0,2
BRDA:474,0,0,2
end_of_record
SF:lib/src/buttons/split_button.dart
DA:77,2
DA:96,2
DA:98,1
DA:99,3
DA:100,1
DA:105,0
DA:108,0
DA:109,0
DA:110,0
DA:114,1
DA:117,1
DA:121,1
DA:124,0
DA:126,0
DA:127,0
DA:128,0
DA:130,0
DA:131,0
DA:144,2
DA:160,2
DA:161,4
DA:162,2
DA:163,2
DA:164,2
DA:165,2
DA:167,4
DA:168,2
DA:169,2
DA:170,2
DA:179,2
DA:201,2
DA:202,2
DA:203,2
DA:204,2
DA:205,2
DA:206,2
DA:207,2
DA:208,2
DA:209,2
DA:210,2
DA:216,2
DA:226,2
DA:246,2
DA:251,2
DA:252,4
DA:254,2
DA:256,4
DA:257,2
DA:267,2
DA:268,8
DA:280,2
DA:281,2
DA:282,2
DA:283,2
DA:284,2
DA:286,2
DA:290,4
DA:291,4
DA:293,2
DA:295,2
DA:296,4
DA:297,2
DA:298,2
DA:299,2
DA:300,2
DA:301,2
DA:303,4
DA:306,2
DA:323,2
DA:329,2
DA:330,4
DA:331,4
DA:332,4
DA:333,4
DA:338,4
DA:339,2
DA:340,2
DA:342,4
DA:343,2
DA:344,2
DA:352,2
DA:353,2
DA:354,2
DA:355,2
DA:366,2
DA:370,2
DA:379,4
DA:380,2
DA:382,2
DA:384,2
DA:399,2
DA:412,1
DA:418,1
DA:419,3
DA:420,3
DA:424,2
DA:426,2
DA:427,6
DA:428,6
DA:430,0
DA:431,0
DA:446,2
DA:477,2
DA:479,4
DA:483,8
DA:484,2
DA:485,2
DA:486,2
DA:487,2
DA:488,4
DA:489,4
DA:493,8
DA:494,8
DA:495,2
DA:496,2
DA:497,4
DA:498,2
DA:499,4
DA:500,4
DA:506,2
DA:507,2
DA:508,2
DA:509,2
DA:510,6
DA:511,6
DA:512,6
DA:513,10
DA:514,2
DA:515,2
DA:516,10
DA:521,10
DA:522,2
DA:523,2
DA:524,10
DA:529,6
DA:530,2
DA:531,6
DA:532,6
DA:533,6
DA:534,10
DA:535,2
DA:536,2
DA:537,10
DA:542,10
DA:543,2
DA:544,2
DA:545,10
DA:550,6
DA:557,4
DA:558,6
DA:559,8
DA:562,1
DA:564,3
DA:565,3
DA:566,3
DA:567,3
DA:568,3
DA:569,3
DA:578,1
DA:588,2
DA:589,2
DA:590,1
DA:592,0
DA:594,0
DA:596,0
DA:598,0
DA:628,2
DA:698,2
DA:700,2
DA:701,2
DA:702,2
DA:703,2
DA:704,2
DA:705,2
DA:706,2
DA:707,2
DA:708,2
DA:709,2
DA:711,2
DA:713,2
DA:716,2
DA:720,8
DA:721,2
DA:722,2
DA:723,2
DA:725,2
DA:728,2
DA:729,2
DA:730,2
DA:731,2
DA:734,2
DA:735,2
DA:736,2
DA:737,2
DA:738,2
DA:739,2
DA:748,2
DA:750,2
DA:751,2
DA:752,2
LF:200
LH:184
BRDA:77,0,0,2
BRDA:96,0,0,2
BRDA:97,0,0,2
BRDA:105,0,0,0
BRDA:114,0,0,1
BRDA:124,0,0,0
BRDA:130,0,0,0
BRDA:144,0,0,2
BRDA:160,0,0,2
BRDA:161,0,0,2
BRDA:167,0,0,2
BRDA:179,0,0,2
BRDA:201,0,0,2
BRDA:216,0,0,2
BRDA:246,0,0,2
BRDA:254,0,0,2
BRDA:290,0,0,2
BRDA:291,0,0,2
BRDA:296,0,0,2
BRDA:303,0,0,2
BRDA:323,0,0,2
BRDA:338,0,0,2
BRDA:342,0,0,2
BRDA:364,0,0,2
BRDA:379,0,0,2
BRDA:399,0,0,2
BRDA:412,0,0,1
BRDA:417,0,0,0
BRDA:424,0,0,2
BRDA:430,0,0,0
BRDA:446,0,0,2
BRDA:477,0,0,2
BRDA:479,0,0,2
BRDA:493,0,0,2
BRDA:506,0,0,2
BRDA:509,0,0,2
BRDA:514,0,0,2
BRDA:522,0,0,2
BRDA:530,0,0,2
BRDA:535,0,0,2
BRDA:543,0,0,2
BRDA:557,0,0,2
BRDA:562,0,0,1
BRDA:578,0,0,1
BRDA:588,0,0,2
BRDA:592,0,0,0
BRDA:596,0,0,0
BRDA:628,0,0,2
BRDA:698,0,0,2
BRDA:713,0,0,2
BRDA:738,0,0,2
end_of_record
SF:lib/src/inputs/checkbox.dart
DA:72,8
DA:101,0
DA:111,8
DA:133,8
DA:140,8
DA:144,8
DA:145,4
DA:147,8
DA:182,8
DA:186,8
DA:191,8
DA:192,8
DA:194,8
DA:195,10
DA:196,10
DA:197,10
DA:198,10
DA:200,16
DA:201,8
DA:202,8
DA:203,8
DA:204,8
DA:206,8
DA:207,8
DA:208,8
DA:209,8
DA:214,8
DA:215,8
DA:216,8
DA:217,8
DA:219,16
DA:222,8
DA:223,4
DA:224,4
DA:225,4
DA:226,4
DA:228,4
DA:229,4
DA:230,4
DA:231,4
DA:233,8
DA:235,8
DA:236,16
DA:237,8
DA:238,8
DA:239,8
DA:240,8
DA:245,16
DA:246,8
DA:247,8
DA:248,8
DA:249,8
DA:256,8
DA:257,8
DA:258,2
DA:267,8
DA:268,16
DA:274,4
DA:282,8
DA:283,8
DA:284,2
DA:287,8
DA:293,8
DA:296,24
DA:300,8
DA:301,8
DA:302,8
DA:303,16
DA:325,8
DA:330,16
DA:331,16
DA:332,16
DA:333,16
DA:334,16
DA:335,16
DA:336,16
DA:337,16
DA:338,16
DA:340,16
DA:341,16
DA:342,16
DA:344,8
DA:346,8
DA:349,8
DA:350,8
DA:353,8
DA:354,8
DA:357,8
DA:358,8
DA:359,8
DA:360,8
DA:361,8
DA:370,8
DA:372,4
DA:374,2
DA:375,2
DA:384,10
DA:386,8
DA:387,8
DA:388,8
DA:389,8
DA:390,8
DA:391,8
DA:393,8
DA:396,16
DA:397,4
DA:416,8
DA:440,8
DA:442,16
DA:443,24
DA:445,8
DA:446,8
DA:448,8
DA:449,16
DA:450,8
DA:451,8
DA:452,72
DA:453,72
DA:454,72
DA:456,8
DA:458,8
DA:459,8
DA:460,8
DA:462,4
DA:472,4
DA:473,4
DA:474,8
DA:479,2
DA:480,2
DA:481,2
DA:486,8
DA:492,5
DA:494,30
DA:503,1
DA:513,8
DA:514,9
DA:516,1
DA:518,3
DA:520,0
DA:522,0
DA:555,8
DA:607,8
DA:609,8
DA:610,8
DA:611,8
DA:612,8
DA:613,8
DA:614,8
DA:615,8
DA:619,8
DA:621,8
DA:622,32
DA:624,8
DA:625,23
DA:626,8
DA:627,8
DA:628,8
DA:630,16
DA:632,8
DA:633,8
DA:636,8
DA:640,8
DA:641,8
DA:642,8
DA:643,8
LF:165
LH:162
BRDA:72,0,0,8
BRDA:101,0,0,0
BRDA:111,0,0,8
BRDA:133,0,0,8
BRDA:144,0,0,8
BRDA:145,0,0,2
BRDA:146,0,0,4
BRDA:147,0,0,8
BRDA:182,0,0,8
BRDA:194,0,0,5
BRDA:200,0,0,8
BRDA:221,0,0,4
BRDA:235,0,0,8
BRDA:257,0,0,8
BRDA:258,0,0,2
BRDA:268,0,0,8
BRDA:274,0,0,2
BRDA:283,0,0,8
BRDA:284,0,0,2
BRDA:325,0,0,8
BRDA:373,0,0,2
BRDA:384,0,0,2
BRDA:416,0,0,8
BRDA:440,0,0,8
BRDA:442,0,0,8
BRDA:446,0,0,0
BRDA:448,0,0,8
BRDA:462,0,0,4
BRDA:479,0,0,2
BRDA:492,0,0,5
BRDA:503,0,0,1
BRDA:513,0,0,8
BRDA:516,0,0,1
BRDA:520,0,0,0
BRDA:555,0,0,8
BRDA:607,0,0,8
BRDA:625,0,0,3
BRDA:632,0,0,8
end_of_record
SF:lib/src/inputs/checkbox_style.dart
DA:24,12
DA:90,8
DA:92,5
DA:93,10
DA:95,10
DA:96,10
DA:97,10
DA:98,10
DA:99,10
DA:100,10
DA:101,6
DA:102,10
DA:103,10
DA:104,10
DA:105,6
DA:106,10
DA:111,0
DA:125,0
DA:126,0
DA:128,0
DA:129,0
DA:130,0
DA:131,0
DA:132,0
DA:133,0
DA:134,0
DA:135,0
DA:136,0
DA:137,0
DA:138,0
DA:139,0
DA:146,1
DA:160,1
DA:161,1
DA:162,1
DA:163,1
DA:164,1
DA:165,1
DA:166,1
DA:167,1
DA:168,1
DA:169,1
DA:170,1
DA:171,1
DA:172,1
DA:173,1
DA:176,1
DA:177,1
DA:179,1
DA:181,1
DA:182,3
DA:183,3
DA:184,3
DA:185,3
DA:186,3
DA:187,3
DA:188,3
DA:189,3
DA:190,3
DA:191,3
DA:192,3
DA:193,3
DA:194,3
DA:196,0
DA:197,0
DA:198,0
DA:199,0
DA:200,0
DA:201,0
DA:202,0
DA:203,0
DA:204,0
DA:205,0
DA:206,0
DA:207,0
DA:208,0
DA:209,0
DA:210,0
LF:78
LH:48
BRDA:24,0,0,12
BRDA:90,0,0,8
BRDA:91,0,0,8
BRDA:111,0,0,0
BRDA:146,0,0,1
BRDA:176,0,0,1
BRDA:179,0,0,1
BRDA:196,0,0,0
end_of_record
SF:lib/src/inputs/dropdown.dart
DA:93,3
DA:123,3
DA:143,3
DA:151,3
DA:182,3
DA:186,3
DA:188,3
DA:189,3
DA:190,5
DA:191,3
DA:192,3
DA:193,3
DA:194,3
DA:196,4
DA:197,2
DA:198,2
DA:199,2
DA:200,2
DA:202,4
DA:203,2
DA:204,2
DA:205,2
DA:206,2
DA:215,3
DA:216,6
DA:217,3
DA:218,3
DA:219,3
DA:220,3
DA:222,2
DA:223,4
DA:224,2
DA:225,2
DA:227,2
DA:230,3
DA:231,3
DA:232,5
DA:233,3
DA:234,3
DA:235,3
DA:236,3
DA:238,2
DA:239,2
DA:252,3
DA:253,3
DA:258,4
DA:260,3
DA:265,6
DA:267,2
DA:272,4
DA:276,3
DA:278,3
DA:279,3
DA:280,3
DA:285,3
DA:286,3
DA:287,3
DA:290,3
DA:297,3
DA:298,3
DA:299,3
DA:300,3
DA:301,3
DA:304,3
DA:305,3
DA:306,3
DA:311,3
DA:312,3
DA:313,3
DA:314,3
DA:315,3
DA:317,3
DA:318,3
DA:319,3
DA:321,6
DA:325,6
DA:326,6
DA:339,3
DA:340,3
DA:373,3
DA:378,6
DA:379,6
DA:380,6
DA:381,6
DA:382,6
DA:383,6
DA:384,3
DA:385,6
DA:386,4
DA:387,6
DA:388,6
DA:389,6
DA:390,6
DA:391,6
DA:393,6
DA:394,6
DA:396,3
DA:400,3
DA:403,6
DA:407,3
DA:408,3
DA:415,3
DA:416,3
DA:417,3
DA:418,3
DA:419,3
DA:421,3
DA:422,3
DA:423,3
DA:432,3
DA:434,3
DA:438,3
DA:440,3
DA:444,3
DA:448,3
DA:449,6
DA:450,6
DA:454,6
DA:456,2
DA:458,2
DA:460,2
DA:461,2
DA:463,2
DA:464,2
DA:474,3
DA:475,3
DA:476,3
DA:477,3
DA:479,3
DA:480,3
DA:481,6
DA:483,3
DA:484,3
DA:487,9
DA:497,3
DA:502,6
DA:504,6
DA:505,6
DA:506,6
DA:508,3
DA:509,3
DA:510,3
DA:511,3
DA:512,6
DA:514,3
DA:515,3
DA:517,6
DA:519,3
DA:520,6
DA:533,1
DA:543,3
DA:544,4
DA:546,1
DA:548,3
DA:550,0
DA:552,0
DA:558,4
DA:567,4
DA:576,4
DA:628,3
DA:680,3
DA:681,3
DA:691,3
DA:692,12
DA:694,9
DA:696,6
DA:698,3
DA:700,3
DA:701,9
DA:704,1
DA:706,1
DA:707,4
DA:708,0
DA:709,0
DA:711,1
DA:712,0
DA:713,1
DA:714,0
DA:718,3
DA:720,9
DA:721,3
DA:722,2
DA:723,2
DA:724,3
DA:725,6
DA:726,3
DA:734,0
DA:735,0
DA:737,0
DA:738,0
DA:742,0
DA:745,1
DA:748,2
DA:751,3
DA:752,15
DA:753,9
DA:754,15
DA:759,2
DA:760,6
DA:761,4
DA:765,2
DA:766,11
DA:767,2
DA:772,2
DA:773,4
DA:774,6
DA:778,6
DA:779,6
DA:780,10
DA:781,4
DA:782,4
DA:783,2
DA:786,1
DA:787,1
DA:789,1
DA:790,1
DA:791,2
DA:793,1
DA:794,1
DA:795,3
DA:798,6
DA:800,1
DA:801,3
DA:802,1
DA:803,4
DA:806,1
DA:807,2
DA:808,1
DA:809,2
DA:810,1
DA:815,2
DA:816,2
DA:818,6
DA:819,6
DA:820,2
DA:824,1
DA:825,1
DA:826,5
DA:829,2
DA:830,2
DA:833,5
DA:835,1
DA:836,4
DA:837,1
DA:838,0
DA:841,1
DA:844,1
DA:845,1
DA:846,0
DA:849,1
DA:850,1
DA:851,1
DA:853,0
DA:857,3
DA:858,3
DA:860,6
DA:861,18
DA:863,3
DA:864,3
DA:865,3
DA:866,3
DA:867,3
DA:868,6
DA:869,6
DA:870,8
DA:871,6
DA:875,2
DA:876,4
DA:878,4
DA:879,4
DA:880,4
DA:881,4
DA:883,2
DA:884,10
DA:885,2
DA:886,4
DA:887,2
DA:891,2
DA:892,2
DA:896,2
DA:897,2
DA:899,2
DA:902,2
DA:905,2
DA:906,2
DA:910,2
DA:913,2
DA:914,6
DA:918,2
DA:919,2
DA:922,2
DA:923,2
DA:939,2
DA:944,6
DA:945,2
DA:946,2
DA:947,2
DA:948,10
DA:949,2
DA:951,2
DA:954,8
DA:956,2
DA:957,1
DA:959,1
DA:963,2
DA:964,2
DA:965,4
DA:967,4
DA:969,4
DA:971,2
DA:975,6
DA:979,2
DA:981,2
DA:982,2
DA:984,2
DA:989,3
DA:991,3
DA:992,3
DA:994,3
DA:998,6
DA:999,3
DA:1000,3
DA:1001,6
DA:1003,6
DA:1005,3
DA:1006,3
DA:1013,3
DA:1015,3
DA:1016,3
DA:1017,6
DA:1018,3
DA:1019,3
DA:1024,3
DA:1041,3
DA:1042,3
DA:1044,3
DA:1045,1
DA:1046,2
DA:1051,3
DA:1052,1
DA:1053,2
DA:1058,3
DA:1059,1
DA:1060,1
DA:1067,3
DA:1079,3
DA:1083,1
DA:1084,2
DA:1086,1
DA:1088,2
LF:350
LH:336
BRDA:93,0,0,3
BRDA:123,0,0,3
BRDA:143,0,0,3
BRDA:182,0,0,3
BRDA:190,0,0,3
BRDA:196,0,0,2
BRDA:202,0,0,2
BRDA:216,0,0,3
BRDA:223,0,0,2
BRDA:227,0,0,2
BRDA:232,0,0,3
BRDA:239,0,0,2
BRDA:253,0,0,2
BRDA:260,0,0,3
BRDA:267,0,0,2
BRDA:373,0,0,3
BRDA:406,0,0,3
BRDA:434,0,0,3
BRDA:444,0,0,3
BRDA:454,0,0,3
BRDA:497,0,0,3
BRDA:533,0,0,1
BRDA:543,0,0,3
BRDA:546,0,0,1
BRDA:550,0,0,0
BRDA:558,0,0,4
BRDA:567,0,0,4
BRDA:576,0,0,4
BRDA:628,0,0,3
BRDA:680,0,0,3
BRDA:691,0,0,3
BRDA:694,0,0,3
BRDA:696,0,0,3
BRDA:698,0,0,3
BRDA:704,0,0,1
BRDA:707,0,0,0
BRDA:711,0,0,0
BRDA:713,0,0,1
BRDA:718,0,0,3
BRDA:734,0,0,0
BRDA:736,0,0,0
BRDA:737,0,0,0
BRDA:738,0,0,0
BRDA:745,0,0,1
BRDA:748,0,0,0
BRDA:751,0,0,3
BRDA:752,0,0,3
BRDA:754,0,0,2
BRDA:759,0,0,2
BRDA:765,0,0,2
BRDA:766,0,0,2
BRDA:767,0,0,2
BRDA:772,0,0,2
BRDA:773,0,0,0
BRDA:780,0,0,2
BRDA:782,0,0,2
BRDA:786,0,0,1
BRDA:788,0,0,0
BRDA:795,0,0,2
BRDA:798,0,0,2
BRDA:800,0,0,1
BRDA:806,0,0,1
BRDA:807,0,0,0
BRDA:815,0,0,2
BRDA:817,0,0,0
BRDA:818,0,0,2
BRDA:820,0,0,2
BRDA:824,0,0,1
BRDA:825,0,0,1
BRDA:833,0,0,1
BRDA:835,0,0,1
BRDA:837,0,0,0
BRDA:844,0,0,1
BRDA:845,0,0,0
BRDA:850,0,0,1
BRDA:852,0,0,0
BRDA:857,0,0,3
BRDA:863,0,0,3
BRDA:875,0,0,2
BRDA:885,0,0,2
BRDA:939,0,0,2
BRDA:956,0,0,1
BRDA:965,0,0,1
BRDA:969,0,0,2
BRDA:975,0,0,2
BRDA:989,0,0,3
BRDA:1005,0,0,3
BRDA:1045,0,0,1
BRDA:1052,0,0,1
BRDA:1059,0,0,1
BRDA:1079,0,0,3
BRDA:1083,0,0,1
BRDA:1086,0,0,1
end_of_record
SF:lib/src/inputs/dropdown_option.dart
DA:35,0
DA:50,0
DA:62,6
DA:80,9
DA:92,4
DA:130,4
DA:148,4
DA:154,4
DA:155,4
DA:184,4
DA:188,4
DA:190,4
DA:191,3
DA:192,3
DA:193,3
DA:194,3
DA:196,6
DA:198,8
DA:199,7
DA:200,3
DA:202,7
DA:203,6
DA:204,3
DA:205,3
DA:206,3
DA:207,3
DA:215,4
DA:216,4
DA:220,3
DA:228,4
DA:240,8
DA:241,10
DA:242,9
DA:244,4
DA:281,4
DA:286,8
DA:287,8
DA:288,8
DA:289,8
DA:291,8
DA:293,8
DA:294,8
DA:295,8
DA:296,8
DA:297,8
DA:298,8
DA:300,8
DA:302,4
DA:303,4
DA:308,4
DA:309,4
DA:311,4
DA:312,4
DA:313,4
DA:314,4
DA:316,4
DA:317,4
DA:318,4
DA:320,4
DA:321,4
DA:322,4
DA:323,4
DA:324,4
DA:326,4
DA:330,4
DA:331,2
DA:339,4
DA:354,1
DA:364,3
DA:365,3
DA:366,1
DA:368,0
DA:370,0
DA:372,1
DA:374,2
LF:75
LH:71
BRDA:35,0,0,0
BRDA:50,0,0,0
BRDA:62,0,0,3
BRDA:80,0,0,3
BRDA:92,0,0,4
BRDA:130,0,0,4
BRDA:148,0,0,4
BRDA:184,0,0,4
BRDA:199,0,0,3
BRDA:202,0,0,2
BRDA:203,0,0,3
BRDA:216,0,0,3
BRDA:220,0,0,3
BRDA:241,0,0,3
BRDA:242,0,0,3
BRDA:281,0,0,4
BRDA:301,0,0,4
BRDA:324,0,0,4
BRDA:354,0,0,1
BRDA:364,0,0,3
BRDA:368,0,0,0
BRDA:372,0,0,1
end_of_record
SF:lib/src/inputs/dropdown_option_style.dart
DA:15,4
DA:67,3
DA:69,1
DA:70,1
DA:71,2
DA:72,2
DA:73,2
DA:74,2
DA:75,2
DA:76,2
DA:77,2
DA:78,2
DA:79,2
DA:80,2
DA:81,2
DA:86,0
DA:99,0
DA:100,0
DA:101,0
DA:102,0
DA:103,0
DA:104,0
DA:105,0
DA:106,0
DA:107,0
DA:108,0
DA:109,0
DA:110,0
DA:111,0
DA:115,1
DA:128,1
DA:129,1
DA:130,1
DA:131,1
DA:132,1
DA:133,1
DA:134,1
DA:135,1
DA:136,1
DA:137,1
DA:138,1
DA:139,1
DA:140,1
DA:143,1
DA:144,1
DA:146,0
DA:148,0
DA:149,0
DA:150,0
DA:151,0
DA:152,0
DA:153,0
DA:154,0
DA:155,0
DA:156,0
DA:157,0
DA:158,0
DA:159,0
DA:160,0
DA:162,0
DA:163,0
DA:164,0
DA:165,0
DA:166,0
DA:167,0
DA:168,0
DA:169,0
DA:170,0
DA:171,0
DA:172,0
DA:173,0
DA:174,0
DA:175,0
LF:73
LH:31
BRDA:15,0,0,4
BRDA:67,0,0,3
BRDA:68,0,0,3
BRDA:86,0,0,0
BRDA:115,0,0,1
BRDA:143,0,0,1
BRDA:146,0,0,0
BRDA:162,0,0,0
end_of_record
SF:lib/src/inputs/dropdown_style.dart
DA:24,3
DA:144,3
DA:146,1
DA:147,2
DA:148,2
DA:149,2
DA:150,2
DA:151,2
DA:152,2
DA:153,2
DA:154,2
DA:155,2
DA:156,2
DA:157,2
DA:158,2
DA:159,2
DA:160,2
DA:161,2
DA:162,2
DA:163,2
DA:164,2
DA:165,2
DA:166,2
DA:167,2
DA:168,2
DA:169,2
DA:170,2
DA:171,2
DA:172,2
DA:177,0
DA:204,0
DA:205,0
DA:206,0
DA:207,0
DA:208,0
DA:209,0
DA:210,0
DA:211,0
DA:212,0
DA:213,0
DA:214,0
DA:215,0
DA:216,0
DA:217,0
DA:218,0
DA:219,0
DA:220,0
DA:221,0
DA:222,0
DA:223,0
DA:224,0
DA:225,0
DA:226,0
DA:227,0
DA:228,0
DA:229,0
DA:230,0
DA:237,1
DA:264,1
DA:265,1
DA:266,1
DA:267,1
DA:268,1
DA:269,1
DA:270,1
DA:271,1
DA:272,1
DA:273,1
DA:274,1
DA:275,1
DA:276,1
DA:277,1
DA:278,1
DA:279,1
DA:280,1
DA:281,1
DA:282,1
DA:283,1
DA:284,1
DA:285,1
DA:286,1
DA:287,1
DA:288,1
DA:289,1
DA:290,1
DA:293,1
DA:294,1
DA:296,1
DA:298,1
DA:299,3
DA:300,3
DA:301,3
DA:302,3
DA:303,3
DA:304,3
DA:305,3
DA:306,3
DA:307,3
DA:308,3
DA:309,3
DA:310,3
DA:311,3
DA:312,3
DA:313,3
DA:314,3
DA:315,3
DA:316,3
DA:317,3
DA:318,3
DA:319,3
DA:320,3
DA:321,3
DA:322,3
DA:323,3
DA:324,3
DA:326,0
DA:327,0
DA:328,0
DA:329,0
DA:330,0
DA:331,0
DA:332,0
DA:333,0
DA:334,0
DA:335,0
DA:336,0
DA:337,0
DA:338,0
DA:339,0
DA:340,0
DA:341,0
DA:342,0
DA:343,0
DA:344,0
DA:345,0
DA:346,0
DA:347,0
DA:348,0
DA:349,0
DA:350,0
DA:351,0
DA:352,0
DA:353,0
LF:143
LH:87
BRDA:24,0,0,3
BRDA:144,0,0,3
BRDA:145,0,0,3
BRDA:177,0,0,0
BRDA:237,0,0,1
BRDA:293,0,0,1
BRDA:296,0,0,1
BRDA:326,0,0,0
end_of_record
SF:lib/src/inputs/field.dart
DA:58,2
DA:105,2
DA:134,2
DA:146,2
DA:147,2
DA:151,2
DA:157,2
DA:163,2
DA:200,2
DA:204,2
DA:211,2
DA:212,2
DA:213,2
DA:216,2
DA:217,4
DA:218,2
DA:219,2
DA:220,2
DA:223,2
DA:224,2
DA:225,4
DA:226,4
DA:227,4
DA:228,4
DA:230,2
DA:237,2
DA:238,4
DA:239,2
DA:242,2
DA:246,2
DA:247,2
DA:255,2
DA:256,4
DA:289,2
DA:294,4
DA:296,4
DA:297,4
DA:298,4
DA:299,4
DA:300,4
DA:302,4
DA:304,4
DA:305,4
DA:307,4
DA:308,2
DA:309,2
DA:313,2
DA:315,2
DA:316,2
DA:319,2
DA:325,2
DA:326,2
DA:328,2
DA:329,2
DA:335,2
DA:345,2
DA:354,2
DA:357,2
DA:358,2
DA:359,4
DA:360,2
DA:361,2
DA:362,6
DA:373,1
DA:383,2
DA:384,3
DA:386,0
DA:388,0
DA:390,0
DA:392,0
DA:434,2
DA:483,2
DA:485,2
DA:486,2
DA:487,2
DA:488,2
DA:489,2
DA:490,2
DA:491,2
DA:492,2
DA:493,2
DA:494,2
DA:498,2
DA:500,2
DA:501,8
DA:503,2
DA:510,2
DA:514,2
DA:515,2
DA:516,4
LF:90
LH:86
BRDA:58,0,0,2
BRDA:105,0,0,2
BRDA:134,0,0,2
BRDA:146,0,0,2
BRDA:147,0,0,2
BRDA:151,0,0,2
BRDA:200,0,0,2
BRDA:225,0,0,2
BRDA:226,0,0,2
BRDA:227,0,0,2
BRDA:228,0,0,2
BRDA:238,0,0,2
BRDA:239,0,0,2
BRDA:289,0,0,2
BRDA:307,0,0,2
BRDA:314,0,0,2
BRDA:359,0,0,2
BRDA:360,0,0,2
BRDA:361,0,0,2
BRDA:362,0,0,2
BRDA:373,0,0,1
BRDA:383,0,0,2
BRDA:386,0,0,0
BRDA:390,0,0,0
BRDA:434,0,0,2
BRDA:483,0,0,2
BRDA:516,0,0,2
end_of_record
SF:lib/src/inputs/field_style.dart
DA:31,2
DA:99,2
DA:101,1
DA:102,2
DA:103,2
DA:104,2
DA:105,2
DA:107,2
DA:109,2
DA:111,2
DA:113,2
DA:114,2
DA:119,0
DA:129,0
DA:130,0
DA:131,0
DA:132,0
DA:133,0
DA:135,0
DA:137,0
DA:139,0
DA:141,0
DA:142,0
DA:149,1
DA:159,1
DA:160,1
DA:161,1
DA:162,1
DA:163,1
DA:164,1
DA:165,1
DA:166,1
DA:167,1
DA:168,1
DA:171,1
DA:172,1
DA:174,0
DA:176,0
DA:177,0
DA:178,0
DA:179,0
DA:180,0
DA:181,0
DA:182,0
DA:183,0
DA:184,0
DA:185,0
DA:187,0
DA:188,0
DA:189,0
DA:190,0
DA:191,0
DA:192,0
DA:193,0
DA:194,0
DA:195,0
DA:196,0
DA:197,0
LF:58
LH:25
BRDA:31,0,0,2
BRDA:99,0,0,2
BRDA:100,0,0,2
BRDA:119,0,0,0
BRDA:149,0,0,1
BRDA:171,0,0,1
BRDA:174,0,0,0
BRDA:187,0,0,0
end_of_record
SF:lib/src/inputs/info_button.dart
DA:33,3
DA:65,3
DA:78,3
DA:79,3
DA:80,3
DA:81,3
DA:86,3
DA:88,3
DA:89,3
DA:90,3
DA:99,3
DA:106,6
DA:107,3
DA:114,6
DA:151,3
DA:155,3
DA:157,3
DA:158,3
DA:162,6
DA:164,3
DA:168,6
DA:170,3
DA:174,6
DA:178,3
DA:179,3
DA:180,3
DA:181,3
DA:182,3
DA:183,3
DA:188,3
DA:190,3
DA:191,3
DA:192,3
DA:193,3
DA:194,3
DA:195,3
DA:200,3
DA:201,3
DA:203,3
DA:207,6
DA:208,6
DA:211,6
DA:216,3
DA:217,3
DA:220,3
DA:221,3
DA:222,3
DA:245,3
DA:250,6
DA:251,6
DA:252,6
DA:253,6
DA:254,6
DA:257,3
DA:258,3
DA:259,3
DA:261,3
DA:262,3
DA:264,3
DA:265,3
DA:266,3
DA:268,3
DA:271,3
DA:272,3
DA:273,6
DA:292,2
DA:297,4
DA:298,4
DA:299,4
DA:301,4
DA:303,4
DA:304,4
DA:305,4
DA:306,4
DA:308,2
DA:310,2
DA:311,2
DA:316,2
DA:317,2
DA:318,2
DA:319,2
DA:322,2
DA:323,2
DA:325,4
DA:327,2
DA:338,1
DA:348,3
DA:349,3
DA:350,1
DA:352,0
DA:354,0
DA:356,1
DA:358,2
DA:400,3
DA:454,3
DA:455,3
DA:467,3
DA:469,3
DA:473,9
DA:474,9
DA:475,9
DA:478,2
DA:480,2
DA:481,6
DA:485,1
DA:486,2
DA:488,4
DA:489,3
DA:490,2
DA:494,3
DA:496,3
DA:497,3
DA:508,3
DA:509,9
DA:511,9
DA:512,6
DA:516,0
DA:519,6
DA:521,2
DA:523,2
DA:524,4
DA:525,4
DA:526,6
DA:527,5
DA:528,2
DA:532,2
DA:533,6
DA:534,2
DA:535,1
DA:538,6
DA:544,6
DA:545,10
DA:546,4
DA:549,3
DA:550,3
DA:552,2
DA:554,2
DA:555,2
DA:558,2
DA:559,2
DA:560,2
DA:562,4
DA:564,2
DA:567,2
DA:568,2
DA:574,4
DA:576,2
DA:578,2
DA:580,2
DA:587,6
DA:588,6
DA:589,6
DA:590,6
DA:591,6
DA:592,6
DA:596,3
DA:597,3
DA:599,3
DA:600,15
DA:602,3
DA:604,3
DA:605,3
DA:607,3
DA:608,9
DA:609,6
DA:610,6
DA:611,6
DA:613,6
DA:615,9
DA:617,5
DA:621,3
DA:623,6
DA:624,3
DA:625,6
DA:626,3
DA:630,5
DA:631,3
DA:632,3
DA:633,3
DA:634,4
DA:635,1
DA:636,1
DA:641,6
LF:183
LH:180
BRDA:33,0,0,3
BRDA:65,0,0,3
BRDA:78,0,0,3
BRDA:79,0,0,3
BRDA:80,0,0,3
BRDA:81,0,0,3
BRDA:86,0,0,3
BRDA:88,0,0,3
BRDA:89,0,0,3
BRDA:90,0,0,3
BRDA:99,0,0,3
BRDA:151,0,0,3
BRDA:158,0,0,3
BRDA:164,0,0,3
BRDA:170,0,0,3
BRDA:245,0,0,3
BRDA:292,0,0,2
BRDA:309,0,0,2
BRDA:338,0,0,1
BRDA:348,0,0,3
BRDA:352,0,0,0
BRDA:356,0,0,1
BRDA:400,0,0,3
BRDA:454,0,0,3
BRDA:467,0,0,3
BRDA:475,0,0,3
BRDA:478,0,0,2
BRDA:481,0,0,1
BRDA:488,0,0,2
BRDA:494,0,0,3
BRDA:508,0,0,3
BRDA:510,0,0,3
BRDA:511,0,0,3
BRDA:512,0,0,3
BRDA:519,0,0,2
BRDA:521,0,0,1
BRDA:523,0,0,2
BRDA:525,0,0,0
BRDA:526,0,0,2
BRDA:532,0,0,2
BRDA:533,0,0,1
BRDA:534,0,0,1
BRDA:545,0,0,2
BRDA:549,0,0,3
BRDA:551,0,0,3
BRDA:558,0,0,2
BRDA:587,0,0,3
BRDA:596,0,0,3
BRDA:602,0,0,3
BRDA:615,0,0,3
BRDA:617,0,0,2
BRDA:630,0,0,1
BRDA:634,0,0,2
BRDA:635,0,0,1
end_of_record
SF:lib/src/inputs/info_button_style.dart
DA:30,3
DA:108,3
DA:110,2
DA:111,4
DA:112,3
DA:113,4
DA:114,4
DA:115,4
DA:116,4
DA:117,4
DA:118,4
DA:119,4
DA:120,4
DA:121,4
DA:122,4
DA:123,4
DA:124,4
DA:125,4
DA:126,4
DA:131,0
DA:148,0
DA:149,0
DA:150,0
DA:151,0
DA:152,0
DA:153,0
DA:154,0
DA:155,0
DA:156,0
DA:157,0
DA:158,0
DA:159,0
DA:160,0
DA:161,0
DA:162,0
DA:163,0
DA:164,0
DA:172,2
DA:189,2
DA:190,2
DA:191,2
DA:192,2
DA:193,2
DA:194,2
DA:195,2
DA:196,2
DA:197,2
DA:198,2
DA:199,2
DA:200,2
DA:201,2
DA:202,2
DA:203,2
DA:204,2
DA:205,2
DA:208,2
DA:209,2
DA:211,0
DA:213,0
DA:214,0
DA:215,0
DA:216,0
DA:217,0
DA:218,0
DA:219,0
DA:220,0
DA:221,0
DA:222,0
DA:223,0
DA:224,0
DA:225,0
DA:226,0
DA:227,0
DA:228,0
DA:229,0
DA:231,0
DA:232,0
DA:233,0
DA:234,0
DA:235,0
DA:236,0
DA:237,0
DA:238,0
DA:239,0
DA:240,0
DA:241,0
DA:242,0
DA:243,0
DA:244,0
DA:245,0
DA:246,0
DA:247,0
DA:248,0
LF:93
LH:39
BRDA:30,0,0,3
BRDA:108,0,0,3
BRDA:109,0,0,3
BRDA:131,0,0,0
BRDA:172,0,0,2
BRDA:208,0,0,2
BRDA:211,0,0,0
BRDA:231,0,0,0
end_of_record
SF:lib/src/inputs/info_label.dart
DA:22,2
DA:46,2
DA:60,2
DA:65,2
DA:78,2
DA:100,2
DA:105,2
DA:106,2
DA:111,4
DA:112,6
DA:122,1
DA:133,2
DA:134,3
DA:136,0
DA:138,0
DA:140,0
DA:142,0
DA:187,2
DA:201,2
DA:243,2
DA:245,2
DA:246,2
DA:247,2
DA:250,2
DA:255,2
DA:256,8
DA:257,2
DA:258,8
DA:260,2
DA:261,2
DA:262,2
DA:263,2
DA:264,2
DA:265,2
DA:266,2
DA:267,2
DA:268,2
DA:269,2
DA:270,2
DA:274,2
DA:276,2
DA:277,4
DA:278,2
DA:279,2
DA:280,2
DA:281,2
DA:282,2
DA:286,2
DA:287,4
LF:49
LH:45
BRDA:22,0,0,2
BRDA:46,0,0,2
BRDA:60,0,0,2
BRDA:78,0,0,2
BRDA:100,0,0,2
BRDA:112,0,0,2
BRDA:122,0,0,1
BRDA:133,0,0,2
BRDA:136,0,0,0
BRDA:140,0,0,0
BRDA:187,0,0,2
BRDA:243,0,0,2
BRDA:245,0,0,2
BRDA:246,0,0,2
BRDA:247,0,0,2
BRDA:250,0,0,2
BRDA:287,0,0,2
end_of_record
SF:lib/src/inputs/info_label_style.dart
DA:27,5
DA:46,2
DA:48,1
DA:49,2
DA:50,4
DA:52,1
DA:53,1
DA:60,0
DA:64,0
DA:65,0
DA:66,0
DA:67,0
DA:71,1
DA:75,1
DA:76,1
DA:81,0
DA:83,0
DA:84,0
DA:85,0
DA:86,0
DA:88,0
DA:89,0
LF:22
LH:10
BRDA:27,0,0,5
BRDA:46,0,0,2
BRDA:47,0,0,2
BRDA:60,0,0,0
BRDA:71,0,0,1
BRDA:81,0,0,0
BRDA:88,0,0,0
end_of_record
SF:lib/src/inputs/input.dart
DA:75,5
DA:160,22
DA:167,5
DA:200,5
DA:221,5
DA:272,5
DA:276,5
DA:277,5
DA:280,5
DA:282,10
DA:283,10
DA:284,10
DA:286,5
DA:287,4
DA:288,7
DA:289,7
DA:290,5
DA:291,7
DA:301,8
DA:302,5
DA:303,4
DA:310,2
DA:311,2
DA:312,1
DA:313,2
DA:314,2
DA:315,2
DA:318,5
DA:319,5
DA:320,5
DA:321,5
DA:331,8
DA:332,5
DA:333,4
DA:335,5
DA:336,5
DA:337,5
DA:338,5
DA:342,5
DA:343,5
DA:345,4
DA:350,5
DA:352,10
DA:357,2
DA:359,4
DA:366,5
DA:367,5
DA:369,5
DA:379,5
DA:380,3
DA:386,3
DA:394,5
DA:395,5
DA:396,5
DA:398,5
DA:399,9
DA:401,5
DA:402,9
DA:404,5
DA:405,9
DA:407,5
DA:408,5
DA:409,5
DA:417,5
DA:418,5
DA:419,10
DA:420,5
DA:421,9
DA:428,10
DA:429,5
DA:448,5
DA:453,10
DA:454,10
DA:455,10
DA:456,10
DA:457,10
DA:459,10
DA:460,10
DA:461,10
DA:462,10
DA:463,10
DA:464,10
DA:465,10
DA:467,10
DA:468,10
DA:469,10
DA:470,10
DA:471,10
DA:472,10
DA:474,5
DA:476,5
DA:477,5
DA:478,5
DA:479,5
DA:480,5
DA:481,10
DA:482,5
DA:492,5
DA:494,5
DA:495,5
DA:496,5
DA:497,5
DA:498,5
DA:499,5
DA:500,5
DA:503,10
DA:506,5
DA:507,4
DA:508,4
DA:510,4
DA:511,4
DA:512,4
DA:514,4
DA:515,4
DA:518,4
DA:527,5
DA:529,2
DA:530,2
DA:531,2
DA:532,2
DA:537,5
DA:540,5
DA:541,10
DA:542,5
DA:543,5
DA:545,10
DA:553,5
DA:554,5
DA:555,5
DA:558,5
DA:559,5
DA:560,5
DA:561,5
DA:562,5
DA:563,5
DA:565,5
DA:566,5
DA:569,5
DA:570,3
DA:573,5
DA:576,3
DA:577,3
DA:582,3
DA:583,3
DA:590,3
DA:595,3
DA:596,3
DA:618,5
DA:634,5
DA:636,5
DA:641,10
DA:643,5
DA:644,5
DA:645,10
DA:647,10
DA:648,5
DA:649,5
DA:650,5
DA:654,5
DA:656,5
DA:657,15
DA:658,5
DA:661,3
DA:663,3
DA:664,12
DA:665,6
DA:666,6
DA:668,2
DA:670,3
DA:673,5
DA:674,5
DA:675,2
DA:676,2
DA:677,2
DA:680,4
DA:683,5
DA:685,10
DA:686,10
DA:687,5
DA:690,5
DA:691,5
DA:692,5
DA:695,5
DA:696,15
DA:697,5
DA:698,5
DA:699,10
DA:700,10
DA:718,7
DA:723,5
DA:727,5
DA:732,5
DA:733,5
DA:734,5
DA:737,5
DA:744,15
DA:745,5
DA:746,0
DA:748,5
DA:751,5
DA:752,5
DA:758,1
DA:785,14
DA:786,7
DA:794,1
DA:804,5
DA:805,6
DA:807,0
DA:809,0
DA:811,0
DA:813,0
DA:850,5
DA:935,5
DA:936,5
DA:945,5
DA:948,2
DA:949,4
DA:951,5
DA:952,5
DA:959,5
DA:960,12
DA:962,5
DA:963,14
DA:965,5
DA:967,5
DA:968,5
DA:969,15
DA:970,10
DA:971,15
DA:974,15
DA:977,2
DA:979,2
DA:980,8
DA:981,0
DA:982,0
DA:984,8
DA:985,0
DA:986,0
DA:988,4
DA:991,0
DA:992,0
DA:993,0
DA:995,8
DA:998,5
DA:1000,5
DA:1001,10
DA:1002,5
DA:1003,22
DA:1004,21
DA:1005,7
DA:1006,6
DA:1007,5
DA:1010,3
DA:1011,9
DA:1014,2
DA:1015,4
DA:1016,4
DA:1019,5
DA:1021,5
DA:1022,5
DA:1023,5
DA:1024,5
DA:1025,10
DA:1026,10
DA:1027,10
DA:1028,10
DA:1029,10
DA:1030,10
DA:1031,10
DA:1032,10
DA:1033,10
DA:1034,10
DA:1035,10
DA:1036,10
DA:1037,10
DA:1038,10
DA:1039,10
DA:1040,10
DA:1041,10
DA:1045,5
DA:1047,5
DA:1048,25
DA:1050,15
DA:1058,5
DA:1059,10
DA:1060,2
DA:1061,0
DA:1062,5
DA:1063,4
DA:1064,4
DA:1065,0
DA:1066,5
DA:1070,10
DA:1071,10
DA:1077,5
DA:1079,10
DA:1080,10
DA:1081,10
LF:298
LH:284
BRDA:75,0,0,5
BRDA:160,0,0,5
BRDA:167,0,0,5
BRDA:200,0,0,5
BRDA:272,0,0,5
BRDA:287,0,0,4
BRDA:288,0,0,2
BRDA:289,0,0,2
BRDA:291,0,0,5
BRDA:298,0,0,2
BRDA:300,0,0,9
BRDA:302,0,0,7
BRDA:304,0,0,7
BRDA:317,0,0,5
BRDA:328,0,0,2
BRDA:330,0,0,9
BRDA:332,0,0,7
BRDA:334,0,0,5
BRDA:343,0,0,2
BRDA:350,0,0,5
BRDA:357,0,0,2
BRDA:380,0,0,3
BRDA:448,0,0,5
BRDA:506,0,0,4
BRDA:527,0,0,5
BRDA:541,0,0,2
BRDA:545,0,0,2
BRDA:577,0,0,3
BRDA:590,0,0,3
BRDA:618,0,0,5
BRDA:634,0,0,5
BRDA:641,0,0,5
BRDA:647,0,0,5
BRDA:654,0,0,5
BRDA:661,0,0,3
BRDA:664,0,0,2
BRDA:665,0,0,3
BRDA:667,0,0,1
BRDA:673,0,0,5
BRDA:674,0,0,5
BRDA:680,0,0,0
BRDA:683,0,0,5
BRDA:690,0,0,5
BRDA:695,0,0,5
BRDA:718,0,0,7
BRDA:723,0,0,5
BRDA:727,0,0,5
BRDA:732,0,0,2
BRDA:733,0,0,2
BRDA:734,0,0,5
BRDA:737,0,0,5
BRDA:746,0,0,0
BRDA:758,0,0,1
BRDA:785,0,0,14
BRDA:794,0,0,1
BRDA:804,0,0,5
BRDA:807,0,0,0
BRDA:811,0,0,0
BRDA:850,0,0,5
BRDA:935,0,0,5
BRDA:945,0,0,5
BRDA:948,0,0,2
BRDA:951,0,0,5
BRDA:959,0,0,5
BRDA:962,0,0,5
BRDA:965,0,0,5
BRDA:977,0,0,2
BRDA:980,0,0,0
BRDA:984,0,0,0
BRDA:988,0,0,0
BRDA:998,0,0,5
BRDA:1010,0,0,3
BRDA:1011,0,0,6
BRDA:1014,0,0,2
BRDA:1015,0,0,2
BRDA:1019,0,0,5
BRDA:1060,0,0,1
BRDA:1061,0,0,0
BRDA:1063,0,0,2
BRDA:1064,0,0,2
BRDA:1065,0,0,0
BRDA:1070,0,0,5
end_of_record
SF:lib/src/inputs/input_style.dart
DA:29,5
DA:118,5
DA:120,3
DA:121,4
DA:122,4
DA:123,4
DA:124,6
DA:125,4
DA:126,4
DA:127,4
DA:128,4
DA:129,4
DA:130,6
DA:131,4
DA:132,4
DA:133,4
DA:134,6
DA:135,6
DA:136,4
DA:137,6
DA:138,6
DA:139,6
DA:144,0
DA:164,0
DA:165,0
DA:166,0
DA:167,0
DA:168,0
DA:169,0
DA:170,0
DA:171,0
DA:172,0
DA:173,0
DA:174,0
DA:175,0
DA:176,0
DA:177,0
DA:178,0
DA:179,0
DA:180,0
DA:181,0
DA:182,0
DA:183,0
DA:190,1
DA:210,1
DA:211,1
DA:212,1
DA:213,1
DA:214,1
DA:215,1
DA:216,1
DA:217,1
DA:218,1
DA:219,1
DA:220,1
DA:221,1
DA:222,1
DA:223,1
DA:224,1
DA:225,1
DA:226,1
DA:227,1
DA:228,1
DA:229,1
DA:232,1
DA:233,1
DA:235,0
DA:237,0
DA:238,0
DA:239,0
DA:240,0
DA:241,0
DA:242,0
DA:243,0
DA:244,0
DA:245,0
DA:246,0
DA:247,0
DA:248,0
DA:249,0
DA:250,0
DA:251,0
DA:252,0
DA:253,0
DA:254,0
DA:255,0
DA:256,0
DA:258,0
DA:259,0
DA:260,0
DA:261,0
DA:262,0
DA:263,0
DA:264,0
DA:265,0
DA:266,0
DA:267,0
DA:268,0
DA:269,0
DA:270,0
DA:271,0
DA:272,0
DA:273,0
DA:274,0
DA:275,0
DA:276,0
DA:277,0
DA:278,0
LF:108
LH:45
BRDA:29,0,0,5
BRDA:118,0,0,5
BRDA:119,0,0,5
BRDA:144,0,0,0
BRDA:190,0,0,1
BRDA:232,0,0,1
BRDA:235,0,0,0
BRDA:258,0,0,0
end_of_record
SF:lib/src/inputs/label.dart
DA:38,6
DA:65,6
DA:85,6
DA:91,6
DA:108,6
DA:112,6
DA:113,6
DA:123,12
DA:124,18
DA:125,9
DA:126,12
DA:127,3
DA:128,8
DA:129,6
DA:132,6
DA:133,6
DA:134,6
DA:135,6
DA:139,6
DA:140,6
DA:141,6
DA:143,6
DA:161,6
DA:166,12
DA:167,12
DA:168,12
DA:169,12
DA:171,6
DA:173,6
DA:179,6
DA:180,6
DA:181,6
DA:182,6
DA:183,6
DA:184,6
DA:194,6
DA:195,6
DA:209,2
DA:219,6
DA:220,8
DA:222,0
DA:224,0
DA:226,0
DA:228,0
DA:253,6
DA:285,6
DA:287,6
DA:288,6
DA:289,6
DA:290,6
DA:291,6
DA:292,6
DA:296,6
DA:298,6
DA:299,24
DA:301,6
DA:302,12
LF:57
LH:53
BRDA:38,0,0,6
BRDA:65,0,0,6
BRDA:85,0,0,6
BRDA:108,0,0,6
BRDA:124,0,0,6
BRDA:125,0,0,3
BRDA:126,0,0,6
BRDA:127,0,0,3
BRDA:128,0,0,2
BRDA:129,0,0,6
BRDA:161,0,0,6
BRDA:181,0,0,6
BRDA:183,0,0,6
BRDA:193,0,0,6
BRDA:209,0,0,2
BRDA:219,0,0,6
BRDA:222,0,0,0
BRDA:226,0,0,0
BRDA:253,0,0,6
BRDA:285,0,0,6
BRDA:302,0,0,6
end_of_record
SF:lib/src/inputs/label_style.dart
DA:24,6
DA:52,6
DA:54,3
DA:55,4
DA:56,6
DA:57,6
DA:58,6
DA:63,0
DA:68,0
DA:69,0
DA:70,0
DA:71,0
DA:72,0
DA:79,3
DA:84,3
DA:85,3
DA:86,3
DA:87,3
DA:88,3
DA:91,3
DA:92,3
DA:94,0
DA:96,0
DA:97,0
DA:98,0
DA:99,0
DA:100,0
DA:102,0
DA:104,0
LF:29
LH:15
BRDA:24,0,0,6
BRDA:52,0,0,6
BRDA:53,0,0,6
BRDA:63,0,0,0
BRDA:79,0,0,3
BRDA:91,0,0,3
BRDA:94,0,0,0
BRDA:102,0,0,0
end_of_record
SF:lib/src/inputs/link.dart
DA:30,5
DA:55,5
DA:79,5
DA:85,5
DA:101,5
DA:105,5
DA:109,5
DA:110,10
DA:111,5
DA:112,5
DA:113,5
DA:114,5
DA:116,4
DA:117,2
DA:118,2
DA:119,2
DA:120,2
DA:122,4
DA:123,2
DA:124,2
DA:125,2
DA:126,2
DA:133,5
DA:134,5
DA:135,7
DA:136,4
DA:139,5
DA:141,5
DA:143,5
DA:144,10
DA:152,5
DA:153,15
DA:155,5
DA:156,10
DA:163,15
DA:176,5
DA:177,5
DA:178,5
DA:179,5
DA:185,5
DA:186,5
DA:187,1
DA:188,1
DA:189,1
DA:204,5
DA:209,10
DA:210,10
DA:211,10
DA:212,10
DA:213,10
DA:215,5
DA:216,5
DA:218,10
DA:219,10
DA:220,10
DA:221,10
DA:223,5
DA:226,5
DA:229,2
DA:235,2
DA:237,2
DA:238,2
DA:244,5
DA:253,1
DA:259,5
DA:260,6
DA:262,0
DA:264,0
DA:266,0
DA:268,0
DA:300,5
DA:349,5
DA:351,5
DA:352,5
DA:353,5
DA:354,5
DA:355,5
DA:356,12
DA:360,5
DA:362,5
DA:363,20
DA:365,5
DA:367,5
DA:368,5
DA:369,5
DA:370,5
DA:371,5
DA:372,5
DA:373,5
DA:378,10
DA:380,5
DA:381,5
LF:92
LH:88
BRDA:30,0,0,5
BRDA:55,0,0,5
BRDA:79,0,0,5
BRDA:101,0,0,5
BRDA:110,0,0,5
BRDA:116,0,0,2
BRDA:122,0,0,2
BRDA:135,0,0,5
BRDA:136,0,0,2
BRDA:144,0,0,5
BRDA:153,0,0,5
BRDA:156,0,0,5
BRDA:176,0,0,5
BRDA:185,0,0,5
BRDA:204,0,0,5
BRDA:253,0,0,1
BRDA:259,0,0,5
BRDA:262,0,0,0
BRDA:266,0,0,0
BRDA:300,0,0,5
BRDA:349,0,0,5
BRDA:380,0,0,5
end_of_record
SF:lib/src/inputs/link_style.dart
DA:27,5
DA:82,5
DA:84,1
DA:85,2
DA:86,2
DA:87,2
DA:88,2
DA:89,2
DA:90,2
DA:91,2
DA:92,2
DA:93,2
DA:94,2
DA:99,0
DA:110,0
DA:111,0
DA:112,0
DA:113,0
DA:114,0
DA:115,0
DA:116,0
DA:117,0
DA:118,0
DA:119,0
DA:120,0
DA:128,1
DA:139,1
DA:140,1
DA:141,1
DA:142,1
DA:143,1
DA:144,1
DA:145,1
DA:146,1
DA:147,1
DA:148,1
DA:149,1
DA:152,1
DA:153,1
DA:155,0
DA:157,0
DA:158,0
DA:159,0
DA:160,0
DA:161,0
DA:162,0
DA:163,0
DA:164,0
DA:165,0
DA:166,0
DA:167,0
DA:169,0
DA:170,0
DA:171,0
DA:172,0
DA:173,0
DA:174,0
DA:175,0
DA:176,0
DA:177,0
DA:178,0
DA:179,0
DA:180,0
LF:63
LH:27
BRDA:27,0,0,5
BRDA:82,0,0,5
BRDA:83,0,0,5
BRDA:99,0,0,0
BRDA:128,0,0,1
BRDA:152,0,0,1
BRDA:155,0,0,0
BRDA:169,0,0,0
end_of_record
SF:lib/src/inputs/radio.dart
DA:29,8
DA:58,8
DA:63,8
DA:89,8
DA:93,8
DA:99,8
DA:100,7
DA:101,7
DA:102,7
DA:103,7
DA:104,7
DA:106,8
DA:107,8
DA:108,8
DA:109,8
DA:110,8
DA:113,8
DA:114,8
DA:115,8
DA:116,8
DA:117,8
DA:120,8
DA:121,8
DA:122,8
DA:125,8
DA:130,8
DA:138,2
DA:146,8
DA:150,24
DA:161,8
DA:183,8
DA:188,16
DA:189,16
DA:190,16
DA:191,16
DA:192,16
DA:194,16
DA:196,16
DA:198,16
DA:199,16
DA:200,16
DA:202,8
DA:204,8
DA:206,8
DA:207,8
DA:210,8
DA:217,8
DA:218,16
DA:221,2
DA:223,2
DA:224,2
DA:231,2
DA:234,4
DA:236,8
DA:239,10
DA:242,8
DA:243,8
DA:259,8
DA:278,8
DA:280,40
DA:281,24
DA:285,8
DA:287,40
DA:288,8
DA:289,8
DA:290,16
DA:291,16
DA:294,8
DA:295,42
DA:299,5
DA:301,15
DA:302,12
DA:303,12
DA:304,12
DA:313,1
DA:323,8
DA:324,9
DA:326,0
DA:328,0
DA:330,0
DA:332,0
DA:345,2
DA:367,8
DA:368,8
DA:370,1
DA:372,3
DA:373,3
DA:374,0
DA:375,0
DA:412,8
DA:463,8
DA:465,8
DA:466,10
DA:467,10
DA:469,10
DA:470,16
DA:472,8
DA:476,8
DA:477,2
DA:479,8
DA:483,8
DA:485,8
DA:486,32
DA:488,8
DA:494,6
DA:495,8
DA:496,8
DA:498,16
DA:500,8
DA:501,8
DA:504,8
DA:508,8
LF:112
LH:106
BRDA:29,0,0,8
BRDA:58,0,0,8
BRDA:89,0,0,8
BRDA:130,0,0,8
BRDA:138,0,0,2
BRDA:183,0,0,8
BRDA:234,0,0,2
BRDA:239,0,0,2
BRDA:259,0,0,8
BRDA:278,0,0,8
BRDA:281,0,0,8
BRDA:294,0,0,7
BRDA:299,0,0,5
BRDA:313,0,0,1
BRDA:323,0,0,8
BRDA:326,0,0,0
BRDA:330,0,0,0
BRDA:345,0,0,2
BRDA:367,0,0,8
BRDA:370,0,0,1
BRDA:412,0,0,8
BRDA:463,0,0,8
BRDA:494,0,0,2
BRDA:500,0,0,8
end_of_record
SF:lib/src/inputs/radio_group.dart
DA:45,2
DA:80,2
DA:82,4
DA:89,2
DA:92,2
DA:94,2
DA:97,2
DA:100,2
DA:101,2
DA:102,2
DA:103,4
DA:104,4
DA:107,4
LF:13
LH:13
BRDA:45,0,0,2
BRDA:80,0,0,2
end_of_record
SF:lib/src/inputs/radio_style.dart
DA:29,12
DA:93,8
DA:95,5
DA:96,10
DA:97,10
DA:98,10
DA:99,10
DA:100,10
DA:101,10
DA:102,10
DA:103,6
DA:104,10
DA:105,10
DA:106,10
DA:111,0
DA:123,0
DA:124,0
DA:125,0
DA:126,0
DA:127,0
DA:128,0
DA:129,0
DA:130,0
DA:131,0
DA:132,0
DA:133,0
DA:134,0
DA:141,1
DA:153,1
DA:154,1
DA:155,1
DA:156,1
DA:157,1
DA:158,1
DA:159,1
DA:160,1
DA:161,1
DA:162,1
DA:163,1
DA:164,1
DA:167,1
DA:168,1
DA:170,0
DA:172,0
DA:173,0
DA:174,0
DA:175,0
DA:176,0
DA:177,0
DA:178,0
DA:179,0
DA:180,0
DA:181,0
DA:182,0
DA:183,0
DA:185,0
DA:186,0
DA:187,0
DA:188,0
DA:189,0
DA:190,0
DA:191,0
DA:192,0
DA:193,0
DA:194,0
DA:195,0
DA:196,0
DA:197,0
LF:68
LH:29
BRDA:29,0,0,12
BRDA:93,0,0,8
BRDA:94,0,0,8
BRDA:111,0,0,0
BRDA:141,0,0,1
BRDA:167,0,0,1
BRDA:170,0,0,0
BRDA:185,0,0,0
end_of_record
SF:lib/src/inputs/rating.dart
DA:72,2
DA:99,6
DA:106,2
DA:107,2
DA:108,2
DA:109,4
DA:110,6
DA:122,2
DA:153,2
DA:163,2
DA:164,6
DA:194,2
DA:198,2
DA:199,4
DA:201,2
DA:202,4
DA:203,4
DA:204,6
DA:213,2
DA:215,2
DA:230,2
DA:231,2
DA:232,2
DA:233,4
DA:234,2
DA:235,2
DA:236,6
DA:241,2
DA:242,4
DA:243,2
DA:244,2
DA:245,2
DA:246,2
DA:248,4
DA:259,2
DA:262,4
DA:263,2
DA:269,2
DA:292,2
DA:297,4
DA:298,4
DA:299,4
DA:300,2
DA:302,2
DA:303,2
DA:305,2
DA:306,8
DA:308,2
DA:309,2
DA:313,8
DA:314,4
DA:315,4
DA:316,4
DA:317,4
DA:349,2
DA:432,2
DA:433,2
DA:434,4
DA:435,10
DA:437,4
DA:440,2
DA:442,8
DA:443,14
DA:444,4
DA:446,2
DA:448,6
DA:450,2
DA:451,4
DA:452,2
DA:454,2
DA:455,2
DA:456,4
DA:457,2
DA:461,4
DA:462,2
DA:463,2
DA:468,2
DA:469,2
DA:470,12
DA:472,6
DA:473,2
DA:481,2
DA:482,2
DA:484,2
DA:485,4
DA:486,12
DA:487,2
DA:488,4
DA:489,4
DA:492,10
DA:494,10
DA:495,2
DA:496,6
DA:498,6
DA:501,2
DA:502,2
DA:503,4
DA:504,2
DA:505,2
DA:506,4
DA:509,2
DA:510,2
DA:511,4
DA:512,2
DA:513,4
DA:514,4
DA:520,1
DA:522,3
DA:523,3
DA:524,3
DA:525,3
DA:526,3
DA:527,3
DA:528,3
DA:529,3
DA:538,1
DA:548,2
DA:549,3
DA:551,0
DA:553,0
DA:555,0
DA:557,0
DA:592,2
DA:607,4
DA:608,6
DA:650,2
DA:651,2
DA:667,2
DA:668,10
DA:670,5
DA:673,1
DA:674,3
DA:675,6
DA:676,5
DA:677,6
DA:680,1
DA:681,4
DA:682,3
DA:685,1
DA:686,1
DA:687,1
DA:688,1
DA:691,1
DA:692,1
DA:694,10
DA:695,5
DA:698,1
DA:699,2
DA:700,3
DA:703,2
DA:704,12
DA:706,6
DA:707,2
DA:708,2
DA:710,2
DA:712,2
DA:714,6
DA:715,4
DA:716,4
DA:717,4
DA:718,2
DA:719,4
DA:720,4
DA:721,4
DA:722,4
DA:726,2
DA:728,2
DA:729,10
DA:732,6
DA:733,6
DA:735,2
DA:736,2
DA:739,6
DA:745,6
DA:746,2
DA:747,8
DA:752,2
DA:755,4
DA:756,4
DA:762,2
DA:764,2
DA:765,4
DA:766,4
DA:768,4
DA:769,4
DA:770,4
DA:771,2
DA:775,2
DA:776,4
DA:777,2
DA:785,2
DA:788,4
DA:789,4
DA:790,2
DA:791,18
DA:793,2
DA:794,18
DA:796,4
DA:797,0
DA:799,2
DA:806,2
DA:807,2
DA:808,2
DA:809,1
DA:810,5
DA:824,4
LF:206
LH:201
BRDA:72,0,0,2
BRDA:99,0,0,2
BRDA:106,0,0,2
BRDA:107,0,0,2
BRDA:109,0,0,2
BRDA:110,0,0,2
BRDA:122,0,0,2
BRDA:153,0,0,2
BRDA:194,0,0,2
BRDA:202,0,0,2
BRDA:203,0,0,2
BRDA:204,0,0,2
BRDA:233,0,0,2
BRDA:234,0,0,2
BRDA:235,0,0,2
BRDA:236,0,0,2
BRDA:243,0,0,2
BRDA:244,0,0,2
BRDA:245,0,0,2
BRDA:246,0,0,2
BRDA:292,0,0,2
BRDA:313,0,0,2
BRDA:349,0,0,2
BRDA:432,0,0,2
BRDA:434,0,0,2
BRDA:435,0,0,2
BRDA:440,0,0,2
BRDA:442,0,0,2
BRDA:447,0,0,2
BRDA:451,0,0,2
BRDA:463,0,0,2
BRDA:481,0,0,2
BRDA:484,0,0,2
BRDA:488,0,0,2
BRDA:495,0,0,2
BRDA:497,0,0,2
BRDA:502,0,0,2
BRDA:509,0,0,2
BRDA:520,0,0,1
BRDA:538,0,0,1
BRDA:548,0,0,2
BRDA:551,0,0,0
BRDA:555,0,0,0
BRDA:592,0,0,2
BRDA:650,0,0,2
BRDA:667,0,0,2
BRDA:670,0,0,1
BRDA:673,0,0,1
BRDA:680,0,0,1
BRDA:681,0,0,1
BRDA:685,0,0,1
BRDA:688,0,0,1
BRDA:691,0,0,1
BRDA:692,0,0,0
BRDA:698,0,0,1
BRDA:699,0,0,0
BRDA:700,0,0,1
BRDA:703,0,0,2
BRDA:706,0,0,2
BRDA:710,0,0,2
BRDA:735,0,0,2
BRDA:769,0,0,2
BRDA:770,0,0,1
BRDA:771,0,0,1
BRDA:776,0,0,1
BRDA:796,0,0,1
BRDA:797,0,0,0
BRDA:809,0,0,1
BRDA:824,0,0,4
end_of_record
SF:lib/src/inputs/rating_style.dart
DA:24,2
DA:75,2
DA:77,1
DA:78,2
DA:79,2
DA:80,2
DA:81,2
DA:82,2
DA:84,2
DA:85,2
DA:86,2
DA:91,0
DA:100,0
DA:101,0
DA:102,0
DA:103,0
DA:104,0
DA:105,0
DA:106,0
DA:107,0
DA:108,0
DA:115,1
DA:124,1
DA:125,1
DA:126,1
DA:127,1
DA:128,1
DA:129,1
DA:130,1
DA:131,1
DA:132,1
DA:135,1
DA:136,1
DA:138,0
DA:140,0
DA:141,0
DA:142,0
DA:143,0
DA:144,0
DA:145,0
DA:146,0
DA:147,0
DA:148,0
DA:150,0
DA:151,0
DA:152,0
DA:153,0
DA:154,0
DA:155,0
DA:156,0
DA:157,0
DA:158,0
DA:159,0
LF:53
LH:23
BRDA:24,0,0,2
BRDA:75,0,0,2
BRDA:76,0,0,2
BRDA:91,0,0,0
BRDA:115,0,0,1
BRDA:135,0,0,1
BRDA:138,0,0,0
BRDA:150,0,0,0
end_of_record
SF:lib/src/inputs/search_box.dart
DA:90,3
DA:129,3
DA:150,3
DA:159,3
DA:196,3
DA:200,3
DA:201,3
DA:203,3
DA:204,4
DA:205,5
DA:206,2
DA:208,3
DA:209,6
DA:210,3
DA:215,4
DA:216,2
DA:220,3
DA:221,4
DA:222,6
DA:223,3
DA:224,3
DA:226,2
DA:227,4
DA:228,2
DA:229,2
DA:232,2
DA:243,3
DA:245,3
DA:246,5
DA:247,3
DA:248,3
DA:250,2
DA:251,2
DA:264,3
DA:265,3
DA:268,4
DA:274,3
DA:277,6
DA:281,2
DA:284,4
DA:290,3
DA:298,6
DA:299,3
DA:308,3
DA:309,5
DA:311,3
DA:312,5
DA:314,3
DA:315,5
DA:317,6
DA:322,6
DA:323,3
DA:324,3
DA:325,3
DA:333,3
DA:334,3
DA:335,6
DA:341,3
DA:370,3
DA:375,6
DA:376,6
DA:377,6
DA:378,6
DA:379,6
DA:380,6
DA:381,6
DA:382,6
DA:383,6
DA:384,6
DA:385,6
DA:386,6
DA:387,6
DA:389,6
DA:390,6
DA:392,6
DA:395,3
DA:396,3
DA:397,2
DA:399,2
DA:402,2
DA:403,2
DA:404,2
DA:407,2
DA:410,2
DA:414,3
DA:415,3
DA:416,3
DA:417,3
DA:418,3
DA:419,6
DA:421,6
DA:422,3
DA:423,5
DA:424,2
DA:425,2
DA:426,2
DA:427,2
DA:430,2
DA:437,3
DA:438,3
DA:439,6
DA:441,3
DA:442,3
DA:445,3
DA:447,3
DA:448,3
DA:454,3
DA:455,3
DA:456,3
DA:457,3
DA:458,3
DA:460,3
DA:461,3
DA:464,3
DA:472,3
DA:475,3
DA:480,3
DA:481,5
DA:482,3
DA:486,6
DA:491,3
DA:492,3
DA:494,3
DA:495,3
DA:496,3
DA:520,3
DA:545,3
DA:547,3
DA:548,3
DA:549,6
DA:550,3
DA:551,6
DA:552,3
DA:553,3
DA:555,3
DA:556,3
DA:558,3
DA:559,9
DA:560,3
DA:563,3
DA:564,9
DA:565,9
DA:568,2
DA:570,2
DA:571,6
DA:572,6
DA:575,2
DA:576,6
DA:577,6
DA:583,1
DA:585,6
DA:594,1
DA:604,3
DA:605,4
DA:607,0
DA:609,0
DA:611,0
DA:613,0
DA:618,4
DA:661,3
DA:752,3
DA:753,3
DA:758,3
DA:759,3
DA:776,3
DA:779,0
DA:780,0
DA:782,15
DA:784,3
DA:785,10
DA:787,3
DA:788,12
DA:790,3
DA:792,3
DA:793,9
DA:794,9
DA:797,1
DA:799,1
DA:800,4
DA:801,0
DA:802,0
DA:804,4
DA:805,0
DA:806,0
DA:809,2
DA:812,3
DA:814,9
DA:815,9
DA:816,5
DA:817,6
DA:818,6
DA:819,3
DA:824,1
DA:825,3
DA:828,1
DA:829,3
DA:830,2
DA:831,2
DA:832,3
DA:835,2
DA:838,3
DA:840,3
DA:845,3
DA:847,6
DA:848,6
DA:849,6
DA:851,3
DA:854,15
DA:857,8
DA:858,6
DA:861,6
DA:862,6
DA:863,6
DA:865,6
DA:867,6
DA:869,3
DA:870,3
DA:871,3
DA:872,3
DA:873,12
DA:874,6
DA:875,6
DA:876,6
DA:877,6
DA:878,6
DA:880,3
DA:884,3
DA:886,6
DA:887,0
DA:888,6
DA:889,3
DA:890,6
DA:892,6
DA:893,6
DA:897,12
DA:899,3
DA:901,6
DA:902,6
DA:903,6
DA:904,6
DA:905,15
DA:906,6
DA:909,6
DA:910,3
DA:911,3
DA:913,0
DA:917,1
DA:919,2
DA:920,1
DA:921,1
DA:922,1
DA:923,1
DA:924,2
DA:925,1
DA:926,1
DA:927,1
DA:929,0
DA:937,3
DA:939,3
DA:940,6
DA:941,1
DA:942,5
DA:944,4
DA:945,3
DA:950,9
DA:955,3
DA:957,6
DA:958,6
DA:959,3
DA:963,3
DA:964,3
DA:965,3
DA:966,1
DA:967,2
LF:274
LH:261
BRDA:90,0,0,3
BRDA:129,0,0,3
BRDA:150,0,0,3
BRDA:196,0,0,3
BRDA:204,0,0,2
BRDA:205,0,0,2
BRDA:209,0,0,3
BRDA:215,0,0,2
BRDA:221,0,0,2
BRDA:222,0,0,3
BRDA:227,0,0,2
BRDA:232,0,0,2
BRDA:244,0,0,2
BRDA:246,0,0,3
BRDA:251,0,0,2
BRDA:265,0,0,2
BRDA:274,0,0,3
BRDA:281,0,0,2
BRDA:370,0,0,3
BRDA:417,0,0,3
BRDA:421,0,0,3
BRDA:423,0,0,2
BRDA:464,0,0,3
BRDA:475,0,0,3
BRDA:486,0,0,3
BRDA:520,0,0,3
BRDA:545,0,0,3
BRDA:556,0,0,3
BRDA:568,0,0,2
BRDA:583,0,0,1
BRDA:594,0,0,1
BRDA:604,0,0,3
BRDA:607,0,0,0
BRDA:611,0,0,0
BRDA:618,0,0,4
BRDA:661,0,0,3
BRDA:752,0,0,3
BRDA:758,0,0,3
BRDA:776,0,0,3
BRDA:779,0,0,0
BRDA:782,0,0,3
BRDA:784,0,0,3
BRDA:787,0,0,3
BRDA:790,0,0,3
BRDA:797,0,0,1
BRDA:800,0,0,0
BRDA:804,0,0,0
BRDA:809,0,0,0
BRDA:812,0,0,3
BRDA:824,0,0,1
BRDA:825,0,0,2
BRDA:828,0,0,1
BRDA:829,0,0,0
BRDA:838,0,0,3
BRDA:857,0,0,2
BRDA:858,0,0,1
BRDA:923,0,0,1
BRDA:941,0,0,1
BRDA:942,0,0,2
BRDA:944,0,0,2
BRDA:966,0,0,1
BRDA:967,0,0,1
end_of_record
SF:lib/src/inputs/search_box_style.dart
DA:26,3
DA:126,3
DA:128,1
DA:129,2
DA:130,2
DA:131,2
DA:132,2
DA:133,2
DA:134,2
DA:135,2
DA:136,2
DA:137,2
DA:138,2
DA:139,2
DA:140,2
DA:141,2
DA:142,2
DA:143,2
DA:144,2
DA:145,2
DA:146,2
DA:147,2
DA:148,2
DA:153,0
DA:174,0
DA:175,0
DA:176,0
DA:177,0
DA:178,0
DA:179,0
DA:180,0
DA:181,0
DA:182,0
DA:183,0
DA:184,0
DA:185,0
DA:186,0
DA:187,0
DA:188,0
DA:189,0
DA:190,0
DA:191,0
DA:192,0
DA:193,0
DA:194,0
DA:201,1
DA:222,1
DA:223,1
DA:224,1
DA:225,1
DA:226,1
DA:227,1
DA:228,1
DA:229,1
DA:230,1
DA:231,1
DA:232,1
DA:233,1
DA:234,1
DA:235,1
DA:236,1
DA:237,1
DA:238,1
DA:239,1
DA:240,1
DA:241,1
DA:242,1
DA:245,1
DA:246,1
DA:248,0
DA:250,0
DA:251,0
DA:252,0
DA:253,0
DA:254,0
DA:255,0
DA:256,0
DA:257,0
DA:258,0
DA:259,0
DA:260,0
DA:261,0
DA:262,0
DA:263,0
DA:264,0
DA:265,0
DA:266,0
DA:267,0
DA:268,0
DA:269,0
DA:270,0
DA:272,0
DA:273,0
DA:274,0
DA:275,0
DA:276,0
DA:277,0
DA:278,0
DA:279,0
DA:280,0
DA:281,0
DA:282,0
DA:283,0
DA:284,0
DA:285,0
DA:286,0
DA:287,0
DA:288,0
DA:289,0
DA:290,0
DA:291,0
DA:292,0
LF:112
LH:47
BRDA:26,0,0,3
BRDA:126,0,0,3
BRDA:127,0,0,3
BRDA:153,0,0,0
BRDA:201,0,0,1
BRDA:245,0,0,1
BRDA:248,0,0,0
BRDA:272,0,0,0
end_of_record
SF:lib/src/inputs/slider.dart
DA:29,2
DA:60,2
DA:61,22
DA:69,2
DA:70,2
DA:71,8
DA:72,8
DA:73,4
DA:77,2
DA:78,6
DA:79,2
DA:80,2
DA:81,2
DA:82,14
DA:83,2
DA:84,2
DA:95,2
DA:113,2
DA:120,2
DA:156,2
DA:160,2
DA:162,2
DA:163,2
DA:166,2
DA:171,2
DA:172,2
DA:173,2
DA:174,2
DA:175,2
DA:178,2
DA:179,2
DA:180,2
DA:185,2
DA:186,2
DA:187,2
DA:190,2
DA:196,4
DA:198,4
DA:200,2
DA:205,2
DA:206,2
DA:229,2
DA:234,4
DA:235,2
DA:236,2
DA:240,2
DA:241,2
DA:242,2
DA:243,2
DA:245,2
DA:246,2
DA:248,2
DA:257,2
DA:267,2
DA:268,2
DA:269,2
DA:270,4
DA:271,4
DA:272,2
DA:273,8
DA:274,8
DA:275,8
DA:276,8
DA:277,8
DA:278,8
DA:279,8
DA:280,8
DA:281,8
DA:282,8
DA:283,8
DA:285,8
DA:301,2
DA:365,2
DA:372,2
DA:373,2
DA:374,8
DA:375,10
DA:376,2
DA:378,4
DA:379,4
DA:380,4
DA:382,2
DA:383,8
DA:386,2
DA:387,2
DA:389,6
DA:390,4
DA:391,2
DA:393,0
DA:394,8
DA:395,6
DA:402,2
DA:403,2
DA:404,4
DA:405,6
DA:406,4
DA:407,6
DA:408,2
DA:409,2
DA:410,2
DA:411,2
DA:413,2
DA:419,2
DA:421,4
DA:422,2
DA:424,5
DA:425,10
DA:426,4
DA:428,2
DA:429,8
DA:431,2
DA:432,10
DA:434,6
DA:435,2
DA:437,6
DA:438,2
DA:439,2
DA:440,4
DA:441,4
DA:446,1
DA:448,3
DA:449,3
DA:450,3
DA:451,3
DA:452,3
DA:453,3
DA:454,3
DA:455,3
DA:456,3
DA:457,3
DA:458,3
DA:459,3
DA:460,3
DA:461,3
DA:462,3
DA:471,1
DA:481,2
DA:482,3
DA:484,0
DA:486,0
DA:488,0
DA:490,0
DA:495,4
DA:496,4
DA:535,2
DA:590,2
DA:591,2
DA:597,6
DA:599,4
DA:600,4
DA:601,4
DA:602,4
DA:603,4
DA:604,4
DA:607,2
DA:608,5
DA:609,4
DA:610,4
DA:611,0
DA:613,1
DA:614,2
DA:615,6
DA:622,1
DA:623,3
DA:624,2
DA:625,1
DA:626,3
DA:627,4
DA:628,10
DA:631,1
DA:634,3
DA:635,0
DA:636,1
DA:637,1
DA:638,1
DA:639,5
DA:640,5
DA:644,2
DA:646,4
DA:647,2
DA:648,4
DA:649,4
DA:650,4
DA:651,4
DA:653,4
DA:657,2
DA:659,2
DA:660,10
DA:663,4
DA:665,2
DA:669,0
DA:671,4
DA:672,4
DA:674,4
DA:676,4
DA:682,4
DA:685,4
DA:688,0
DA:690,2
DA:694,2
DA:697,4
DA:698,16
DA:699,14
DA:700,14
DA:701,6
DA:702,6
DA:705,2
DA:723,2
DA:724,2
DA:725,2
DA:726,1
DA:727,1
LF:212
LH:203
BRDA:29,0,0,2
BRDA:60,0,0,2
BRDA:69,0,0,2
BRDA:71,0,0,2
BRDA:77,0,0,2
BRDA:80,0,0,2
BRDA:95,0,0,2
BRDA:113,0,0,2
BRDA:156,0,0,2
BRDA:186,0,0,2
BRDA:187,0,0,2
BRDA:229,0,0,2
BRDA:257,0,0,2
BRDA:267,0,0,2
BRDA:301,0,0,2
BRDA:365,0,0,2
BRDA:378,0,0,0
BRDA:382,0,0,2
BRDA:390,0,0,2
BRDA:403,0,0,2
BRDA:406,0,0,2
BRDA:428,0,0,2
BRDA:431,0,0,2
BRDA:434,0,0,2
BRDA:446,0,0,1
BRDA:471,0,0,1
BRDA:481,0,0,2
BRDA:484,0,0,0
BRDA:488,0,0,0
BRDA:495,0,0,4
BRDA:496,0,0,4
BRDA:535,0,0,2
BRDA:590,0,0,2
BRDA:597,0,0,2
BRDA:599,0,0,2
BRDA:607,0,0,2
BRDA:613,0,0,1
BRDA:615,0,0,1
BRDA:622,0,0,1
BRDA:625,0,0,0
BRDA:627,0,0,1
BRDA:631,0,0,1
BRDA:644,0,0,2
BRDA:669,0,0,0
BRDA:676,0,0,2
BRDA:682,0,0,1
BRDA:685,0,0,1
BRDA:688,0,0,0
BRDA:701,0,0,1
BRDA:702,0,0,1
BRDA:726,0,0,1
BRDA:727,0,0,1
end_of_record
SF:lib/src/inputs/slider_style.dart
DA:23,2
DA:94,2
DA:96,1
DA:97,2
DA:98,2
DA:99,2
DA:100,2
DA:101,2
DA:102,2
DA:103,2
DA:104,2
DA:105,2
DA:106,2
DA:107,2
DA:108,2
DA:109,2
DA:110,2
DA:115,0
DA:130,0
DA:131,0
DA:132,0
DA:133,0
DA:134,0
DA:135,0
DA:136,0
DA:137,0
DA:138,0
DA:139,0
DA:140,0
DA:141,0
DA:142,0
DA:143,0
DA:144,0
DA:151,1
DA:166,1
DA:167,1
DA:168,1
DA:169,1
DA:170,1
DA:171,1
DA:172,1
DA:173,1
DA:174,1
DA:175,1
DA:176,1
DA:177,1
DA:178,1
DA:179,1
DA:180,1
DA:183,1
DA:184,1
DA:186,0
DA:188,0
DA:189,0
DA:190,0
DA:191,0
DA:192,0
DA:193,0
DA:194,0
DA:195,0
DA:196,0
DA:197,0
DA:198,0
DA:199,0
DA:200,0
DA:201,0
DA:202,0
DA:204,0
DA:205,0
DA:206,0
DA:207,0
DA:208,0
DA:209,0
DA:210,0
DA:211,0
DA:212,0
DA:213,0
DA:214,0
DA:215,0
DA:216,0
DA:217,0
DA:218,0
DA:219,0
LF:83
LH:35
BRDA:23,0,0,2
BRDA:94,0,0,2
BRDA:95,0,0,2
BRDA:115,0,0,0
BRDA:151,0,0,1
BRDA:183,0,0,1
BRDA:186,0,0,0
BRDA:204,0,0,0
end_of_record
SF:lib/src/inputs/spin_button.dart
DA:62,3
DA:106,9
DA:116,3
DA:138,3
DA:148,3
DA:193,3
DA:197,3
DA:198,6
DA:202,3
DA:203,4
DA:204,3
DA:205,3
DA:206,5
DA:207,3
DA:209,4
DA:210,2
DA:214,4
DA:215,2
DA:219,3
DA:220,4
DA:221,3
DA:222,4
DA:223,3
DA:224,6
DA:225,3
DA:226,3
DA:227,3
DA:231,2
DA:232,2
DA:233,4
DA:234,2
DA:244,6
DA:245,7
DA:246,9
DA:247,3
DA:248,6
DA:250,3
DA:251,3
DA:252,3
DA:253,3
DA:267,3
DA:268,3
DA:270,6
DA:284,2
DA:286,4
DA:304,3
DA:307,3
DA:310,3
DA:318,3
DA:319,3
DA:327,3
DA:328,3
DA:329,3
DA:331,3
DA:332,3
DA:333,3
DA:337,6
DA:341,6
DA:342,3
DA:343,3
DA:344,3
DA:348,3
DA:349,3
DA:357,6
DA:358,2
DA:359,2
DA:360,2
DA:361,2
DA:362,2
DA:364,3
DA:365,3
DA:366,3
DA:367,3
DA:368,3
DA:370,3
DA:371,3
DA:372,3
DA:374,3
DA:375,3
DA:376,3
DA:378,6
DA:437,3
DA:442,6
DA:443,6
DA:444,6
DA:445,6
DA:446,6
DA:447,6
DA:448,6
DA:450,6
DA:451,6
DA:452,6
DA:453,6
DA:455,6
DA:456,6
DA:458,6
DA:460,3
DA:461,3
DA:466,3
DA:472,3
DA:473,3
DA:477,3
DA:478,3
DA:480,3
DA:481,3
DA:484,3
DA:486,3
DA:489,3
DA:497,3
DA:498,3
DA:499,3
DA:501,6
DA:502,3
DA:503,3
DA:504,3
DA:506,3
DA:507,3
DA:510,3
DA:511,3
DA:514,3
DA:515,3
DA:522,3
DA:544,3
DA:568,3
DA:570,3
DA:571,6
DA:572,3
DA:573,18
DA:574,6
DA:578,3
DA:579,12
DA:580,8
DA:581,2
DA:582,2
DA:583,6
DA:584,6
DA:586,2
DA:588,4
DA:592,2
DA:594,6
DA:595,6
DA:596,6
DA:597,6
DA:598,6
DA:609,3
DA:636,3
DA:641,6
DA:642,6
DA:643,9
DA:644,9
DA:645,6
DA:647,6
DA:648,9
DA:649,9
DA:651,3
DA:652,3
DA:653,6
DA:654,9
DA:655,9
DA:656,3
DA:657,6
DA:658,3
DA:659,6
DA:660,3
DA:661,3
DA:665,2
DA:667,6
DA:668,6
DA:669,6
DA:670,6
DA:684,3
DA:703,3
DA:706,9
DA:707,9
DA:708,9
DA:709,6
DA:713,6
DA:715,15
DA:717,3
DA:718,3
DA:719,3
DA:720,3
DA:721,3
DA:723,9
DA:725,3
DA:727,3
DA:728,3
DA:729,9
DA:731,3
DA:733,3
DA:734,3
DA:735,3
DA:736,3
DA:757,1
DA:767,3
DA:768,3
DA:769,1
DA:771,0
DA:773,0
DA:775,0
DA:777,0
DA:782,4
DA:783,4
DA:784,4
DA:798,4
DA:804,4
DA:845,3
DA:943,3
DA:944,3
DA:960,3
DA:961,12
DA:963,9
DA:965,12
DA:967,1
DA:968,1
DA:970,3
DA:973,1
DA:976,3
DA:978,3
DA:979,6
DA:980,6
DA:981,9
DA:982,6
DA:983,9
DA:984,9
DA:985,9
DA:988,1
DA:990,1
DA:991,4
DA:992,3
DA:993,2
DA:994,3
DA:995,3
DA:997,1
DA:998,1
DA:999,1
DA:1000,1
DA:1002,3
DA:1005,4
DA:1006,4
DA:1007,4
DA:1008,4
DA:1009,1
DA:1013,3
DA:1015,9
DA:1016,6
DA:1017,3
DA:1018,6
DA:1019,3
DA:1020,3
DA:1021,6
DA:1022,3
DA:1023,3
DA:1026,3
DA:1030,6
DA:1032,2
DA:1033,4
DA:1034,4
DA:1035,6
DA:1037,3
DA:1040,1
DA:1041,1
DA:1042,2
DA:1045,18
DA:1047,3
DA:1048,6
DA:1049,2
DA:1050,1
DA:1051,4
DA:1054,9
DA:1056,6
DA:1057,6
DA:1058,6
DA:1059,6
DA:1062,3
DA:1063,6
DA:1065,6
DA:1066,3
DA:1069,1
DA:1070,1
DA:1071,3
DA:1072,3
DA:1074,2
DA:1079,1
DA:1080,1
DA:1081,3
DA:1082,3
DA:1083,3
DA:1085,2
DA:1088,6
DA:1093,1
DA:1094,1
DA:1095,1
DA:1096,1
DA:1097,5
DA:1098,1
DA:1101,1
DA:1103,1
DA:1106,1
DA:1111,3
DA:1112,12
DA:1113,2
DA:1114,0
DA:1117,1
DA:1118,1
DA:1119,1
DA:1120,6
DA:1124,1
DA:1127,1
DA:1128,9
DA:1132,2
DA:1137,2
DA:1138,2
DA:1139,2
DA:1140,3
DA:1143,4
DA:1146,3
DA:1148,3
DA:1149,9
DA:1153,9
DA:1155,3
DA:1157,3
DA:1158,6
DA:1159,6
DA:1160,3
DA:1161,6
DA:1162,6
DA:1166,3
DA:1169,15
DA:1171,6
DA:1172,6
DA:1173,6
DA:1175,6
DA:1176,0
DA:1178,3
DA:1179,3
DA:1180,3
DA:1181,3
DA:1182,3
DA:1183,6
DA:1184,3
DA:1186,6
DA:1187,3
DA:1188,4
DA:1190,3
DA:1192,3
DA:1193,3
DA:1194,6
DA:1195,6
DA:1196,0
DA:1197,0
DA:1198,0
DA:1208,3
DA:1209,3
DA:1210,11
DA:1211,1
DA:1212,1
DA:1213,1
DA:1214,2
DA:1217,1
DA:1221,6
DA:1228,3
DA:1230,3
DA:1231,6
DA:1232,6
DA:1233,3
DA:1234,6
DA:1235,6
DA:1236,5
DA:1237,5
DA:1246,3
DA:1247,3
DA:1248,6
DA:1250,2
DA:1251,2
DA:1252,3
DA:1253,2
DA:1254,2
DA:1255,0
DA:1256,3
DA:1260,9
DA:1261,3
DA:1266,9
DA:1271,6
DA:1273,3
DA:1274,3
DA:1275,6
DA:1276,6
DA:1278,3
DA:1279,6
DA:1280,0
DA:1281,0
DA:1284,3
DA:1296,3
DA:1297,3
DA:1298,3
DA:1299,1
DA:1300,1
DA:1304,3
DA:1305,1
DA:1306,1
DA:1310,3
DA:1311,1
DA:1312,3
DA:1313,2
DA:1325,3
DA:1326,18
DA:1327,9
DA:1341,3
DA:1345,2
DA:1348,2
DA:1351,2
DA:1352,2
DA:1353,2
DA:1356,2
DA:1363,6
DA:1364,2
DA:1367,2
DA:1370,4
DA:1375,0
DA:1389,2
DA:1393,0
DA:1394,0
DA:1395,0
DA:1396,0
DA:1397,0
DA:1400,1
DA:1401,3
LF:428
LH:410
BRDA:62,0,0,3
BRDA:106,0,0,3
BRDA:116,0,0,3
BRDA:138,0,0,3
BRDA:193,0,0,3
BRDA:206,0,0,3
BRDA:209,0,0,2
BRDA:214,0,0,2
BRDA:224,0,0,3
BRDA:233,0,0,2
BRDA:245,0,0,1
BRDA:246,0,0,2
BRDA:249,0,0,3
BRDA:255,0,0,2
BRDA:268,0,0,3
BRDA:284,0,0,2
BRDA:437,0,0,3
BRDA:459,0,0,3
BRDA:501,0,0,3
BRDA:544,0,0,3
BRDA:568,0,0,3
BRDA:571,0,0,3
BRDA:579,0,0,3
BRDA:592,0,0,2
BRDA:609,0,0,3
BRDA:636,0,0,3
BRDA:665,0,0,2
BRDA:684,0,0,3
BRDA:703,0,0,3
BRDA:721,0,0,3
BRDA:757,0,0,1
BRDA:767,0,0,3
BRDA:771,0,0,0
BRDA:775,0,0,0
BRDA:782,0,0,4
BRDA:783,0,0,4
BRDA:784,0,0,4
BRDA:798,0,0,4
BRDA:804,0,0,4
BRDA:845,0,0,3
BRDA:943,0,0,3
BRDA:960,0,0,3
BRDA:963,0,0,3
BRDA:965,0,0,3
BRDA:967,0,0,1
BRDA:970,0,0,3
BRDA:973,0,0,1
BRDA:976,0,0,3
BRDA:988,0,0,1
BRDA:991,0,0,1
BRDA:993,0,0,0
BRDA:997,0,0,1
BRDA:1008,0,0,1
BRDA:1013,0,0,3
BRDA:1026,0,0,2
BRDA:1030,0,0,4
BRDA:1032,0,0,2
BRDA:1034,0,0,1
BRDA:1035,0,0,2
BRDA:1037,0,0,1
BRDA:1040,0,0,1
BRDA:1041,0,0,1
BRDA:1045,0,0,3
BRDA:1047,0,0,3
BRDA:1048,0,0,3
BRDA:1054,0,0,3
BRDA:1056,0,0,3
BRDA:1062,0,0,3
BRDA:1064,0,0,1
BRDA:1069,0,0,1
BRDA:1071,0,0,1
BRDA:1079,0,0,1
BRDA:1082,0,0,1
BRDA:1088,0,0,1
BRDA:1093,0,0,1
BRDA:1094,0,0,0
BRDA:1096,0,0,1
BRDA:1097,0,0,1
BRDA:1102,0,0,1
BRDA:1111,0,0,3
BRDA:1117,0,0,1
BRDA:1118,0,0,1
BRDA:1119,0,0,1
BRDA:1123,0,0,1
BRDA:1132,0,0,2
BRDA:1139,0,0,0
BRDA:1140,0,0,1
BRDA:1141,0,0,2
BRDA:1143,0,0,0
BRDA:1146,0,0,3
BRDA:1196,0,0,0
BRDA:1211,0,0,1
BRDA:1236,0,0,1
BRDA:1237,0,0,1
BRDA:1250,0,0,1
BRDA:1251,0,0,1
BRDA:1253,0,0,1
BRDA:1254,0,0,1
BRDA:1255,0,0,0
BRDA:1280,0,0,0
BRDA:1281,0,0,0
BRDA:1299,0,0,1
BRDA:1305,0,0,1
BRDA:1311,0,0,1
BRDA:1325,0,0,3
BRDA:1341,0,0,3
BRDA:1345,0,0,2
BRDA:1348,0,0,2
BRDA:1351,0,0,0
BRDA:1352,0,0,0
BRDA:1353,0,0,2
BRDA:1356,0,0,2
BRDA:1375,0,0,0
BRDA:1389,0,0,2
BRDA:1393,0,0,0
BRDA:1400,0,0,1
end_of_record
SF:lib/src/inputs/spin_button_style.dart
DA:25,3
DA:135,3
DA:137,1
DA:138,1
DA:139,2
DA:140,2
DA:141,2
DA:142,2
DA:143,2
DA:144,2
DA:145,2
DA:146,2
DA:147,2
DA:148,2
DA:149,2
DA:151,2
DA:153,2
DA:154,2
DA:155,2
DA:156,2
DA:157,2
DA:158,2
DA:159,2
DA:160,2
DA:161,2
DA:166,1
DA:189,1
DA:190,1
DA:191,1
DA:192,1
DA:193,1
DA:194,1
DA:195,1
DA:196,1
DA:197,1
DA:198,1
DA:199,1
DA:200,1
DA:201,1
DA:203,1
DA:205,1
DA:206,1
DA:207,1
DA:208,1
DA:209,1
DA:210,1
DA:211,0
DA:212,1
DA:213,1
DA:220,1
DA:243,1
DA:244,1
DA:245,1
DA:246,1
DA:247,1
DA:248,1
DA:249,1
DA:250,1
DA:251,1
DA:252,1
DA:253,1
DA:254,1
DA:255,1
DA:256,1
DA:257,1
DA:258,1
DA:259,1
DA:260,1
DA:261,1
DA:262,1
DA:263,1
DA:264,1
DA:265,1
DA:268,1
DA:269,1
DA:271,1
DA:273,1
DA:274,3
DA:275,3
DA:276,3
DA:277,3
DA:278,3
DA:279,3
DA:280,3
DA:281,3
DA:282,3
DA:283,3
DA:284,3
DA:285,3
DA:286,3
DA:287,3
DA:288,3
DA:289,3
DA:290,3
DA:291,3
DA:292,3
DA:293,3
DA:294,3
DA:295,3
DA:297,1
DA:298,2
DA:299,1
DA:300,1
DA:301,1
DA:302,1
DA:303,1
DA:304,1
DA:305,1
DA:306,1
DA:307,1
DA:308,1
DA:309,1
DA:310,1
DA:311,1
DA:312,1
DA:313,1
DA:314,1
DA:315,1
DA:316,1
DA:317,1
DA:318,1
DA:319,1
DA:320,1
LF:123
LH:122
BRDA:25,0,0,3
BRDA:135,0,0,3
BRDA:136,0,0,3
BRDA:166,0,0,1
BRDA:220,0,0,1
BRDA:268,0,0,1
BRDA:271,0,0,1
BRDA:297,0,0,1
end_of_record
SF:lib/src/inputs/swatch.dart
DA:76,3
DA:112,3
DA:133,3
DA:142,3
DA:171,3
DA:175,3
DA:181,3
DA:182,3
DA:183,3
DA:184,3
DA:185,3
DA:189,6
DA:192,6
DA:194,3
DA:195,3
DA:196,3
DA:197,3
DA:203,6
DA:204,5
DA:205,2
DA:210,3
DA:211,5
DA:214,5
DA:215,7
DA:218,3
DA:219,3
DA:220,3
DA:222,3
DA:223,3
DA:224,3
DA:227,6
DA:228,3
DA:229,3
DA:232,3
DA:235,3
DA:244,3
DA:245,3
DA:246,3
DA:247,2
DA:248,2
DA:251,6
DA:252,3
DA:253,2
DA:259,3
DA:260,6
DA:261,3
DA:265,6
DA:283,3
DA:288,6
DA:289,6
DA:290,6
DA:291,6
DA:293,6
DA:294,6
DA:295,6
DA:296,6
DA:303,6
DA:304,2
DA:305,2
DA:306,2
DA:307,6
DA:309,3
DA:311,3
DA:312,3
DA:313,3
DA:314,3
DA:318,3
DA:319,2
DA:320,2
DA:321,2
DA:322,2
DA:323,2
DA:324,2
DA:331,3
DA:332,3
DA:333,6
DA:334,3
DA:336,3
DA:337,3
DA:344,2
DA:345,2
DA:349,4
DA:355,3
DA:356,3
DA:358,3
DA:364,4
DA:365,4
DA:366,4
DA:367,4
DA:368,4
DA:371,4
DA:372,6
DA:373,6
DA:385,2
DA:413,2
DA:415,2
DA:417,2
DA:424,2
DA:425,6
DA:426,2
DA:427,4
DA:428,4
DA:429,2
DA:430,2
DA:431,4
DA:432,2
DA:434,2
DA:437,2
DA:438,4
DA:441,4
DA:442,2
DA:443,10
DA:444,2
DA:445,2
DA:446,4
DA:447,2
DA:448,4
DA:451,4
DA:452,10
DA:453,2
DA:454,2
DA:455,2
DA:457,6
DA:462,2
DA:463,2
DA:468,1
DA:470,3
DA:471,3
DA:472,3
DA:473,3
DA:474,3
DA:475,3
DA:485,3
DA:495,3
DA:496,6
DA:498,1
DA:500,3
DA:502,0
DA:504,0
DA:539,3
DA:557,0
DA:575,2
DA:593,2
DA:656,3
DA:658,3
DA:659,3
DA:660,3
DA:662,3
DA:664,3
DA:665,3
DA:666,3
DA:667,3
DA:668,3
DA:671,0
DA:673,3
DA:674,3
DA:678,3
DA:681,12
DA:683,3
DA:684,3
DA:686,3
DA:688,3
DA:689,3
DA:691,3
DA:692,3
DA:694,6
DA:696,6
DA:702,7
LF:168
LH:164
BRDA:76,0,0,3
BRDA:112,0,0,3
BRDA:133,0,0,3
BRDA:171,0,0,3
BRDA:182,0,0,3
BRDA:183,0,0,3
BRDA:184,0,0,3
BRDA:185,0,0,3
BRDA:195,0,0,2
BRDA:196,0,0,3
BRDA:197,0,0,3
BRDA:211,0,0,2
BRDA:214,0,0,2
BRDA:215,0,0,3
BRDA:227,0,0,3
BRDA:228,0,0,3
BRDA:229,0,0,1
BRDA:232,0,0,1
BRDA:235,0,0,2
BRDA:245,0,0,3
BRDA:251,0,0,3
BRDA:253,0,0,3
BRDA:283,0,0,3
BRDA:318,0,0,2
BRDA:343,0,0,2
BRDA:364,0,0,2
BRDA:371,0,0,2
BRDA:385,0,0,2
BRDA:413,0,0,2
BRDA:418,0,0,2
BRDA:438,0,0,2
BRDA:448,0,0,2
BRDA:451,0,0,2
BRDA:453,0,0,2
BRDA:468,0,0,1
BRDA:485,0,0,3
BRDA:495,0,0,3
BRDA:498,0,0,1
BRDA:502,0,0,0
BRDA:539,0,0,3
BRDA:557,0,0,0
BRDA:575,0,0,2
BRDA:593,0,0,2
BRDA:656,0,0,3
BRDA:696,0,0,3
end_of_record
SF:lib/src/inputs/swatch_picker.dart
DA:38,2
DA:54,2
DA:75,2
DA:81,2
DA:95,2
DA:98,2
DA:104,4
DA:105,2
DA:106,2
DA:117,2
DA:122,4
DA:123,4
DA:125,2
DA:127,2
DA:128,4
DA:131,2
DA:133,4
DA:136,2
DA:148,1
DA:158,2
DA:159,2
DA:160,1
DA:162,0
DA:164,0
DA:166,0
DA:168,0
DA:207,2
DA:239,2
DA:241,2
DA:242,2
DA:243,2
DA:244,2
DA:245,2
DA:246,2
DA:247,2
DA:251,2
DA:254,8
DA:260,2
DA:261,6
DA:265,2
DA:266,2
DA:269,2
DA:270,2
DA:271,2
DA:272,2
DA:273,2
DA:275,2
LF:47
LH:43
BRDA:38,0,0,2
BRDA:54,0,0,2
BRDA:75,0,0,2
BRDA:95,0,0,2
BRDA:105,0,0,2
BRDA:106,0,0,2
BRDA:117,0,0,2
BRDA:128,0,0,2
BRDA:133,0,0,2
BRDA:148,0,0,1
BRDA:158,0,0,2
BRDA:162,0,0,0
BRDA:166,0,0,0
BRDA:207,0,0,2
BRDA:239,0,0,2
end_of_record
SF:lib/src/inputs/swatch_picker_style.dart
DA:20,2
DA:29,2
DA:31,1
DA:32,2
DA:33,2
DA:38,0
DA:41,0
DA:42,0
DA:43,0
DA:47,1
DA:50,3
DA:52,1
DA:53,1
DA:55,0
DA:57,0
DA:58,0
DA:59,0
DA:61,0
DA:62,0
LF:19
LH:9
BRDA:20,0,0,2
BRDA:29,0,0,2
BRDA:30,0,0,2
BRDA:38,0,0,0
BRDA:47,0,0,1
BRDA:52,0,0,1
BRDA:55,0,0,0
BRDA:61,0,0,0
end_of_record
SF:lib/src/inputs/swatch_style.dart
DA:28,3
DA:85,3
DA:87,3
DA:88,6
DA:89,6
DA:90,6
DA:91,6
DA:92,6
DA:93,5
DA:94,4
DA:95,5
DA:96,6
DA:97,6
DA:98,6
DA:103,0
DA:115,0
DA:116,0
DA:117,0
DA:118,0
DA:119,0
DA:120,0
DA:121,0
DA:122,0
DA:123,0
DA:124,0
DA:125,0
DA:126,0
DA:130,2
DA:142,2
DA:143,2
DA:144,2
DA:145,2
DA:146,2
DA:147,2
DA:148,2
DA:149,2
DA:150,2
DA:151,2
DA:152,2
DA:153,2
DA:156,2
DA:157,2
DA:159,1
DA:161,1
DA:162,3
DA:163,3
DA:164,3
DA:165,3
DA:166,3
DA:167,3
DA:168,3
DA:169,3
DA:170,3
DA:171,3
DA:172,3
DA:174,0
DA:175,0
DA:176,0
DA:177,0
DA:178,0
DA:179,0
DA:180,0
DA:181,0
DA:182,0
DA:183,0
DA:184,0
DA:185,0
DA:186,0
LF:68
LH:42
BRDA:28,0,0,3
BRDA:85,0,0,3
BRDA:86,0,0,3
BRDA:103,0,0,0
BRDA:130,0,0,2
BRDA:156,0,0,2
BRDA:159,0,0,1
BRDA:174,0,0,0
end_of_record
SF:lib/src/inputs/switch.dart
DA:60,2
DA:90,2
DA:107,2
DA:113,2
DA:131,2
DA:135,2
DA:136,2
DA:142,2
DA:143,2
DA:144,2
DA:145,2
DA:146,2
DA:148,4
DA:157,2
DA:158,2
DA:159,2
DA:160,2
DA:161,2
DA:163,2
DA:164,2
DA:165,2
DA:166,2
DA:167,2
DA:174,2
DA:175,2
DA:176,2
DA:178,2
DA:179,2
DA:180,2
DA:181,2
DA:182,2
DA:185,2
DA:186,2
DA:190,4
DA:192,2
DA:196,4
DA:209,2
DA:210,2
DA:216,2
DA:225,2
DA:233,2
DA:241,2
DA:242,2
DA:243,2
DA:245,2
DA:246,2
DA:247,2
DA:248,2
DA:252,2
DA:265,1
DA:270,1
DA:271,1
DA:272,1
DA:284,2
DA:290,4
DA:291,4
DA:292,4
DA:294,4
DA:296,4
DA:297,4
DA:298,2
DA:299,4
DA:300,4
DA:301,4
DA:302,4
DA:307,6
DA:309,2
DA:311,2
DA:313,2
DA:315,4
DA:317,4
DA:321,4
DA:322,2
DA:326,2
DA:329,2
DA:330,2
DA:338,4
DA:339,2
DA:340,2
DA:341,2
DA:345,2
DA:346,2
DA:360,2
DA:363,2
DA:365,2
DA:366,2
DA:372,2
DA:373,4
DA:376,2
DA:378,4
DA:381,2
DA:383,4
DA:386,2
DA:393,2
DA:394,2
DA:405,1
DA:415,2
DA:416,3
DA:418,0
DA:420,0
DA:422,0
DA:424,0
DA:453,2
DA:499,2
DA:501,2
DA:502,2
DA:503,2
DA:504,2
DA:505,2
DA:506,2
DA:507,2
DA:509,0
DA:513,2
DA:515,2
DA:516,8
DA:518,2
DA:522,2
DA:523,2
DA:524,2
DA:526,2
DA:527,2
DA:528,3
DA:530,2
DA:531,2
DA:536,4
DA:538,2
DA:539,2
LF:127
LH:122
BRDA:60,0,0,2
BRDA:90,0,0,2
BRDA:107,0,0,2
BRDA:131,0,0,2
BRDA:186,0,0,2
BRDA:192,0,0,2
BRDA:210,0,0,2
BRDA:216,0,0,2
BRDA:225,0,0,2
BRDA:265,0,0,1
BRDA:266,0,0,0
BRDA:284,0,0,2
BRDA:321,0,0,2
BRDA:338,0,0,2
BRDA:362,0,0,2
BRDA:373,0,0,2
BRDA:378,0,0,2
BRDA:383,0,0,2
BRDA:405,0,0,1
BRDA:415,0,0,2
BRDA:418,0,0,0
BRDA:422,0,0,0
BRDA:453,0,0,2
BRDA:499,0,0,2
BRDA:528,0,0,1
BRDA:538,0,0,2
end_of_record
SF:lib/src/inputs/switch_style.dart
DA:29,2
DA:101,2
DA:103,1
DA:104,2
DA:105,2
DA:106,2
DA:107,2
DA:108,2
DA:109,2
DA:110,2
DA:111,2
DA:112,2
DA:113,2
DA:114,2
DA:115,2
DA:116,2
DA:121,0
DA:135,0
DA:136,0
DA:137,0
DA:138,0
DA:139,0
DA:140,0
DA:141,0
DA:142,0
DA:143,0
DA:144,0
DA:145,0
DA:146,0
DA:147,0
DA:148,0
DA:155,1
DA:169,1
DA:170,1
DA:171,1
DA:172,1
DA:173,1
DA:174,1
DA:175,1
DA:176,1
DA:177,1
DA:178,1
DA:179,1
DA:180,1
DA:181,1
DA:182,1
DA:185,1
DA:186,1
DA:188,0
DA:190,0
DA:191,0
DA:192,0
DA:193,0
DA:194,0
DA:195,0
DA:196,0
DA:197,0
DA:198,0
DA:199,0
DA:200,0
DA:201,0
DA:202,0
DA:203,0
DA:205,0
DA:206,0
DA:207,0
DA:208,0
DA:209,0
DA:210,0
DA:211,0
DA:212,0
DA:213,0
DA:214,0
DA:215,0
DA:216,0
DA:217,0
DA:218,0
DA:219,0
LF:78
LH:33
BRDA:29,0,0,2
BRDA:101,0,0,2
BRDA:102,0,0,2
BRDA:121,0,0,0
BRDA:155,0,0,1
BRDA:185,0,0,1
BRDA:188,0,0,0
BRDA:205,0,0,0
end_of_record
SF:lib/src/inputs/tag_picker.dart
DA:80,0
DA:96,0
DA:108,4
DA:128,6
DA:141,2
DA:175,2
DA:200,2
DA:209,2
DA:251,2
DA:255,2
DA:256,2
DA:258,4
DA:259,4
DA:260,4
DA:262,2
DA:263,1
DA:264,2
DA:265,4
DA:266,4
DA:267,2
DA:268,4
DA:284,2
DA:286,1
DA:287,2
DA:290,4
DA:292,2
DA:296,2
DA:297,1
DA:298,2
DA:299,1
DA:300,2
DA:303,2
DA:304,2
DA:312,4
DA:314,2
DA:315,2
DA:316,1
DA:317,2
DA:318,2
DA:321,2
DA:325,2
DA:330,2
DA:331,2
DA:332,2
DA:335,2
DA:336,2
DA:338,2
DA:346,2
DA:353,4
DA:355,2
DA:356,4
DA:358,2
DA:359,4
DA:364,4
DA:365,2
DA:366,2
DA:367,2
DA:368,2
DA:370,6
DA:371,2
DA:372,4
DA:374,2
DA:375,2
DA:377,2
DA:378,2
DA:386,4
DA:387,2
DA:391,4
DA:394,4
DA:405,2
DA:406,2
DA:427,1
DA:431,2
DA:432,1
DA:435,1
DA:436,1
DA:437,1
DA:438,1
DA:439,1
DA:440,1
DA:442,2
DA:443,1
DA:444,1
DA:445,1
DA:446,1
DA:447,1
DA:448,1
DA:450,2
DA:452,1
DA:459,3
DA:493,2
DA:498,4
DA:499,4
DA:500,4
DA:501,4
DA:503,4
DA:504,4
DA:505,4
DA:506,4
DA:508,4
DA:509,4
DA:510,4
DA:511,4
DA:512,4
DA:513,4
DA:518,4
DA:519,8
DA:520,2
DA:524,2
DA:525,2
DA:526,4
DA:530,2
DA:532,1
DA:533,1
DA:536,1
DA:542,2
DA:543,2
DA:544,2
DA:547,2
DA:548,2
DA:549,2
DA:550,2
DA:551,2
DA:552,2
DA:554,2
DA:555,2
DA:556,4
DA:558,2
DA:559,2
DA:562,2
DA:563,2
DA:564,2
DA:566,2
DA:567,2
DA:569,1
DA:578,2
DA:579,2
DA:584,2
DA:585,2
DA:592,2
DA:597,2
DA:598,2
DA:612,1
DA:617,2
DA:619,2
DA:620,2
DA:621,2
DA:623,1
DA:624,1
DA:625,1
DA:626,1
DA:627,2
DA:629,1
DA:630,1
DA:632,2
DA:634,1
DA:635,2
DA:648,1
DA:658,2
DA:659,3
DA:661,0
DA:663,0
DA:665,0
DA:667,0
DA:673,4
DA:682,4
DA:688,4
DA:743,2
DA:809,2
DA:810,2
DA:822,2
DA:823,8
DA:825,2
DA:826,8
DA:828,6
DA:830,4
DA:832,2
DA:834,2
DA:835,2
DA:836,4
DA:837,4
DA:838,6
DA:841,6
DA:844,1
DA:846,1
DA:847,4
DA:848,0
DA:849,0
DA:851,0
DA:853,4
DA:854,0
DA:855,0
DA:857,1
DA:860,0
DA:861,0
DA:862,0
DA:863,0
DA:864,1
DA:865,0
DA:867,3
DA:870,2
DA:872,2
DA:873,4
DA:874,2
DA:875,10
DA:876,10
DA:877,2
DA:878,1
DA:879,1
DA:880,2
DA:881,4
DA:882,4
DA:883,2
DA:886,1
DA:887,3
DA:895,0
DA:896,0
DA:898,0
DA:899,0
DA:903,0
DA:906,1
DA:907,2
DA:908,1
DA:911,1
DA:912,1
DA:913,2
DA:917,2
DA:918,2
DA:919,6
DA:922,1
DA:923,4
DA:925,1
DA:926,4
DA:927,1
DA:932,1
DA:933,2
DA:934,3
DA:939,3
DA:940,1
DA:941,5
DA:942,2
DA:943,2
DA:944,1
DA:947,1
DA:948,1
DA:950,1
DA:951,1
DA:952,2
DA:954,1
DA:955,1
DA:956,3
DA:959,1
DA:960,1
DA:962,3
DA:963,3
DA:964,1
DA:968,0
DA:969,0
DA:970,0
DA:971,0
DA:972,0
DA:975,1
DA:976,1
DA:977,1
DA:978,3
DA:981,0
DA:982,0
DA:985,1
DA:986,1
DA:987,0
DA:990,1
DA:991,1
DA:992,3
DA:993,2
DA:995,0
DA:999,1
DA:1000,2
DA:1001,1
DA:1002,7
DA:1005,2
DA:1008,1
DA:1009,1
DA:1010,4
DA:1011,2
DA:1012,2
DA:1016,1
DA:1017,4
DA:1018,4
DA:1021,6
DA:1022,2
DA:1023,1
DA:1024,1
DA:1027,2
DA:1028,6
DA:1029,6
DA:1034,2
DA:1035,2
DA:1037,4
DA:1038,12
DA:1040,1
DA:1041,1
DA:1042,2
DA:1043,2
DA:1045,2
DA:1046,2
DA:1047,2
DA:1049,1
DA:1050,1
DA:1054,1
DA:1055,1
DA:1057,1
DA:1060,1
DA:1063,1
DA:1064,1
DA:1068,1
DA:1069,1
DA:1070,3
DA:1073,1
DA:1074,1
DA:1077,1
DA:1078,1
DA:1082,1
DA:1083,3
DA:1084,1
DA:1085,2
DA:1086,1
DA:1100,1
DA:1106,1
DA:1108,1
DA:1109,1
DA:1110,0
DA:1113,0
DA:1114,0
DA:1115,0
DA:1119,1
DA:1121,1
DA:1122,1
DA:1124,1
DA:1127,4
DA:1129,1
DA:1130,1
DA:1132,1
DA:1136,1
DA:1138,1
DA:1139,1
DA:1140,1
DA:1141,1
DA:1142,1
DA:1143,1
DA:1144,2
DA:1148,3
DA:1154,4
DA:1156,2
DA:1157,4
DA:1158,2
DA:1159,4
DA:1160,4
DA:1161,2
DA:1162,4
DA:1163,2
DA:1164,2
DA:1165,2
DA:1166,2
DA:1167,2
DA:1168,2
DA:1169,2
DA:1170,4
DA:1171,2
DA:1174,4
DA:1177,2
DA:1179,6
DA:1182,2
DA:1183,2
DA:1185,2
DA:1186,2
DA:1187,2
DA:1188,2
DA:1189,4
DA:1190,4
DA:1191,2
DA:1192,0
DA:1195,2
DA:1197,2
DA:1198,4
DA:1199,0
DA:1200,0
DA:1201,2
DA:1202,2
DA:1203,2
DA:1204,0
DA:1205,2
DA:1208,6
DA:1209,2
DA:1214,4
DA:1219,2
DA:1221,2
DA:1222,2
DA:1223,4
DA:1224,2
DA:1235,2
DA:1236,2
DA:1238,2
DA:1239,1
DA:1240,2
DA:1245,2
DA:1246,1
DA:1247,1
DA:1251,2
DA:1255,2
DA:1269,2
DA:1273,1
DA:1275,2
DA:1276,4
DA:1277,4
DA:1279,1
DA:1281,2
DA:1288,2
DA:1292,1
DA:1293,2
DA:1295,1
DA:1297,2
LF:421
LH:383
BRDA:80,0,0,0
BRDA:96,0,0,0
BRDA:108,0,0,2
BRDA:128,0,0,2
BRDA:141,0,0,2
BRDA:175,0,0,2
BRDA:200,0,0,2
BRDA:251,0,0,2
BRDA:263,0,0,1
BRDA:264,0,0,2
BRDA:265,0,0,2
BRDA:266,0,0,2
BRDA:268,0,0,2
BRDA:278,0,0,2
BRDA:280,0,0,4
BRDA:289,0,0,4
BRDA:291,0,0,2
BRDA:309,0,0,2
BRDA:311,0,0,4
BRDA:313,0,0,2
BRDA:330,0,0,2
BRDA:331,0,0,2
BRDA:332,0,0,2
BRDA:427,0,0,1
BRDA:431,0,0,1
BRDA:493,0,0,2
BRDA:569,0,0,1
BRDA:579,0,0,2
BRDA:592,0,0,2
BRDA:612,0,0,1
BRDA:648,0,0,1
BRDA:658,0,0,2
BRDA:661,0,0,0
BRDA:665,0,0,0
BRDA:673,0,0,4
BRDA:682,0,0,4
BRDA:688,0,0,4
BRDA:743,0,0,2
BRDA:809,0,0,2
BRDA:822,0,0,2
BRDA:825,0,0,2
BRDA:828,0,0,2
BRDA:830,0,0,2
BRDA:832,0,0,2
BRDA:844,0,0,1
BRDA:847,0,0,0
BRDA:853,0,0,0
BRDA:857,0,0,0
BRDA:864,0,0,1
BRDA:870,0,0,2
BRDA:886,0,0,1
BRDA:887,0,0,2
BRDA:895,0,0,0
BRDA:897,0,0,0
BRDA:898,0,0,0
BRDA:899,0,0,0
BRDA:906,0,0,1
BRDA:907,0,0,0
BRDA:911,0,0,1
BRDA:912,0,0,1
BRDA:917,0,0,1
BRDA:919,0,0,1
BRDA:922,0,0,1
BRDA:925,0,0,1
BRDA:926,0,0,1
BRDA:927,0,0,1
BRDA:932,0,0,1
BRDA:933,0,0,0
BRDA:941,0,0,1
BRDA:943,0,0,1
BRDA:947,0,0,1
BRDA:949,0,0,0
BRDA:956,0,0,2
BRDA:959,0,0,1
BRDA:961,0,0,0
BRDA:962,0,0,1
BRDA:964,0,0,1
BRDA:968,0,0,0
BRDA:969,0,0,0
BRDA:975,0,0,1
BRDA:977,0,0,1
BRDA:985,0,0,1
BRDA:986,0,0,0
BRDA:992,0,0,1
BRDA:994,0,0,0
BRDA:999,0,0,1
BRDA:1008,0,0,1
BRDA:1009,0,0,0
BRDA:1012,0,0,1
BRDA:1016,0,0,1
BRDA:1017,0,0,0
BRDA:1021,0,0,2
BRDA:1022,0,0,2
BRDA:1024,0,0,1
BRDA:1027,0,0,2
BRDA:1028,0,0,2
BRDA:1029,0,0,2
BRDA:1034,0,0,2
BRDA:1040,0,0,1
BRDA:1084,0,0,1
BRDA:1100,0,0,1
BRDA:1129,0,0,1
BRDA:1142,0,0,0
BRDA:1143,0,0,1
BRDA:1148,0,0,1
BRDA:1154,0,0,2
BRDA:1163,0,0,2
BRDA:1168,0,0,0
BRDA:1169,0,0,0
BRDA:1177,0,0,2
BRDA:1192,0,0,0
BRDA:1199,0,0,0
BRDA:1200,0,0,0
BRDA:1202,0,0,1
BRDA:1203,0,0,1
BRDA:1204,0,0,0
BRDA:1239,0,0,1
BRDA:1246,0,0,1
BRDA:1269,0,0,2
BRDA:1273,0,0,1
BRDA:1279,0,0,1
BRDA:1288,0,0,2
BRDA:1292,0,0,1
BRDA:1295,0,0,1
end_of_record
SF:lib/src/inputs/tag_picker_style.dart
DA:26,2
DA:157,4
DA:164,2
DA:165,2
DA:166,2
DA:175,2
DA:177,1
DA:178,1
DA:179,2
DA:180,2
DA:181,2
DA:182,2
DA:183,2
DA:184,2
DA:185,2
DA:186,2
DA:187,2
DA:188,2
DA:189,2
DA:190,2
DA:191,2
DA:192,2
DA:193,2
DA:194,2
DA:195,2
DA:196,2
DA:197,2
DA:198,2
DA:199,2
DA:200,2
DA:201,2
DA:202,2
DA:203,2
DA:204,2
DA:205,2
DA:210,0
DA:239,0
DA:240,0
DA:241,0
DA:242,0
DA:243,0
DA:244,0
DA:245,0
DA:246,0
DA:247,0
DA:248,0
DA:249,0
DA:250,0
DA:251,0
DA:252,0
DA:253,0
DA:254,0
DA:255,0
DA:256,0
DA:257,0
DA:258,0
DA:259,0
DA:260,0
DA:261,0
DA:262,0
DA:263,0
DA:264,0
DA:265,0
DA:266,0
DA:267,0
DA:274,1
DA:303,1
DA:304,1
DA:305,1
DA:306,1
DA:307,1
DA:308,1
DA:309,1
DA:310,1
DA:311,1
DA:312,1
DA:313,1
DA:314,1
DA:315,1
DA:316,1
DA:317,1
DA:318,1
DA:319,1
DA:320,1
DA:321,1
DA:322,1
DA:323,1
DA:324,1
DA:325,1
DA:326,1
DA:327,1
DA:328,1
DA:329,1
DA:330,1
DA:331,1
DA:334,1
DA:335,1
DA:337,0
DA:339,0
DA:340,0
DA:341,0
DA:342,0
DA:343,0
DA:344,0
DA:345,0
DA:346,0
DA:347,0
DA:348,0
DA:349,0
DA:350,0
DA:351,0
DA:352,0
DA:353,0
DA:354,0
DA:355,0
DA:356,0
DA:357,0
DA:358,0
DA:359,0
DA:360,0
DA:361,0
DA:362,0
DA:363,0
DA:364,0
DA:365,0
DA:366,0
DA:367,0
DA:369,0
DA:370,0
DA:371,0
DA:372,0
DA:373,0
DA:374,0
DA:375,0
DA:376,0
DA:377,0
DA:378,0
DA:379,0
DA:380,0
DA:381,0
DA:382,0
DA:383,0
DA:384,0
DA:385,0
DA:386,0
DA:387,0
DA:388,0
DA:389,0
DA:390,0
DA:391,0
DA:392,0
DA:393,0
DA:394,0
DA:395,0
DA:396,0
DA:397,0
DA:398,0
LF:157
LH:67
BRDA:26,0,0,2
BRDA:157,0,0,2
BRDA:175,0,0,2
BRDA:176,0,0,2
BRDA:210,0,0,0
BRDA:274,0,0,1
BRDA:334,0,0,1
BRDA:337,0,0,0
BRDA:369,0,0,0
end_of_record
SF:lib/src/inputs/textarea.dart
DA:81,3
DA:120,3
DA:139,3
DA:146,3
DA:174,3
DA:178,3
DA:179,6
DA:182,4
DA:183,3
DA:184,3
DA:185,5
DA:186,3
DA:188,4
DA:189,2
DA:196,6
DA:197,7
DA:198,10
DA:199,9
DA:200,3
DA:201,3
DA:202,3
DA:209,2
DA:210,2
DA:211,2
DA:212,2
DA:221,3
DA:222,6
DA:223,3
DA:224,3
DA:225,3
DA:226,3
DA:230,3
DA:247,2
DA:249,3
DA:250,3
DA:251,3
DA:256,3
DA:257,3
DA:258,3
DA:260,3
DA:261,3
DA:262,3
DA:267,3
DA:268,3
DA:269,3
DA:275,6
DA:276,6
DA:277,7
DA:278,9
DA:279,6
DA:285,3
DA:286,3
DA:288,3
DA:289,3
DA:290,3
DA:291,2
DA:292,3
DA:320,3
DA:326,6
DA:327,6
DA:328,6
DA:329,6
DA:331,6
DA:333,6
DA:334,6
DA:336,6
DA:338,3
DA:339,3
DA:340,6
DA:342,3
DA:343,3
DA:346,3
DA:353,3
DA:354,3
DA:356,3
DA:357,3
DA:361,3
DA:362,3
DA:364,3
DA:371,3
DA:372,3
DA:376,3
DA:377,3
DA:378,3
DA:379,3
DA:383,6
DA:387,3
DA:389,3
DA:390,3
DA:394,3
DA:395,3
DA:396,3
DA:415,0
DA:425,3
DA:426,4
DA:428,0
DA:430,0
DA:432,0
DA:434,0
DA:489,3
DA:515,5
DA:519,5
DA:599,3
DA:600,3
DA:609,3
DA:610,3
DA:617,3
DA:618,10
DA:620,3
DA:621,12
DA:623,9
DA:625,3
DA:628,1
DA:629,1
DA:631,3
DA:633,3
DA:634,3
DA:635,6
DA:636,6
DA:637,9
DA:638,9
DA:641,1
DA:643,1
DA:644,4
DA:645,2
DA:646,1
DA:648,3
DA:649,3
DA:651,1
DA:654,1
DA:655,1
DA:656,1
DA:658,3
DA:661,3
DA:663,15
DA:664,3
DA:665,6
DA:666,3
DA:667,6
DA:668,5
DA:669,3
DA:672,3
DA:674,2
DA:675,8
DA:676,10
DA:679,1
DA:680,1
DA:681,2
DA:684,3
DA:686,3
DA:687,3
DA:688,3
DA:689,6
DA:690,6
DA:691,3
DA:692,6
DA:693,6
DA:697,3
DA:700,15
DA:702,6
DA:703,6
DA:704,9
DA:708,9
DA:710,3
DA:711,3
DA:712,3
DA:713,3
DA:716,6
DA:717,0
DA:720,6
DA:721,6
DA:723,9
DA:726,6
DA:727,6
DA:728,9
DA:729,6
DA:730,3
DA:731,6
DA:732,6
DA:734,6
DA:735,9
DA:736,6
DA:737,6
DA:738,3
DA:739,6
DA:740,3
DA:741,6
DA:743,6
DA:744,6
DA:751,6
DA:754,2
DA:755,2
DA:758,2
DA:759,2
DA:760,2
DA:761,6
DA:762,2
DA:764,2
DA:766,2
DA:767,4
DA:778,3
DA:782,6
DA:788,3
DA:789,3
DA:790,6
DA:791,6
DA:792,3
DA:794,6
DA:795,2
DA:796,0
DA:797,3
DA:798,2
DA:799,2
DA:800,0
DA:801,6
LF:215
LH:207
BRDA:81,0,0,3
BRDA:120,0,0,3
BRDA:139,0,0,3
BRDA:174,0,0,3
BRDA:185,0,0,3
BRDA:188,0,0,2
BRDA:197,0,0,2
BRDA:198,0,0,2
BRDA:199,0,0,3
BRDA:209,0,0,2
BRDA:277,0,0,2
BRDA:278,0,0,3
BRDA:279,0,0,2
BRDA:289,0,0,2
BRDA:290,0,0,3
BRDA:291,0,0,2
BRDA:320,0,0,3
BRDA:357,0,0,3
BRDA:372,0,0,3
BRDA:383,0,0,3
BRDA:415,0,0,0
BRDA:425,0,0,3
BRDA:428,0,0,0
BRDA:432,0,0,0
BRDA:489,0,0,3
BRDA:599,0,0,3
BRDA:609,0,0,3
BRDA:617,0,0,3
BRDA:620,0,0,3
BRDA:623,0,0,3
BRDA:625,0,0,3
BRDA:628,0,0,1
BRDA:631,0,0,3
BRDA:641,0,0,1
BRDA:644,0,0,1
BRDA:651,0,0,1
BRDA:661,0,0,3
BRDA:672,0,0,2
BRDA:674,0,0,2
BRDA:675,0,0,1
BRDA:676,0,0,2
BRDA:679,0,0,1
BRDA:680,0,0,1
BRDA:684,0,0,3
BRDA:740,0,0,1
BRDA:741,0,0,0
BRDA:761,0,0,2
BRDA:795,0,0,1
BRDA:796,0,0,0
BRDA:798,0,0,1
BRDA:799,0,0,1
BRDA:800,0,0,0
end_of_record
SF:lib/src/inputs/textarea_style.dart
DA:31,3
DA:104,3
DA:106,1
DA:107,2
DA:108,2
DA:109,2
DA:110,2
DA:111,2
DA:112,2
DA:113,2
DA:115,2
DA:116,2
DA:117,2
DA:118,2
DA:119,2
DA:120,2
DA:121,2
DA:122,2
DA:127,0
DA:143,0
DA:144,0
DA:145,0
DA:146,0
DA:147,0
DA:148,0
DA:149,0
DA:150,0
DA:152,0
DA:153,0
DA:154,0
DA:155,0
DA:156,0
DA:157,0
DA:158,0
DA:159,0
DA:165,1
DA:181,1
DA:182,1
DA:183,1
DA:184,1
DA:185,1
DA:186,1
DA:187,1
DA:188,1
DA:189,1
DA:190,1
DA:191,1
DA:192,1
DA:193,1
DA:194,1
DA:195,1
DA:196,1
DA:199,1
DA:200,1
DA:202,0
DA:204,0
DA:205,0
DA:206,0
DA:207,0
DA:208,0
DA:209,0
DA:210,0
DA:211,0
DA:212,0
DA:213,0
DA:214,0
DA:215,0
DA:216,0
DA:217,0
DA:218,0
DA:219,0
DA:221,0
DA:222,0
DA:223,0
DA:224,0
DA:225,0
DA:226,0
DA:227,0
DA:228,0
DA:229,0
DA:230,0
DA:231,0
DA:232,0
DA:233,0
DA:234,0
DA:235,0
DA:236,0
DA:237,0
LF:88
LH:37
BRDA:31,0,0,3
BRDA:104,0,0,3
BRDA:105,0,0,3
BRDA:127,0,0,0
BRDA:165,0,0,1
BRDA:199,0,0,1
BRDA:202,0,0,0
BRDA:221,0,0,0
end_of_record
SF:lib/src/internal/animated_style.dart
DA:28,4
DA:143,7
DA:145,7
DA:146,21
DA:147,21
DA:149,1
DA:150,3
DA:152,0
DA:153,0
DA:205,45
DA:211,135
DA:227,45
DA:229,45
DA:237,45
DA:239,45
DA:240,135
DA:243,45
DA:246,25
DA:248,25
DA:253,25
DA:256,45
DA:257,45
DA:258,42
DA:262,98
DA:265,45
DA:269,120
DA:270,45
DA:271,45
DA:272,45
DA:273,90
DA:274,45
DA:275,135
DA:280,45
DA:282,270
DA:288,45
DA:294,17
DA:295,68
DA:311,5
DA:315,14
DA:316,2
DA:317,10
DA:318,1
DA:321,5
LF:43
LH:41
BRDA:28,0,0,4
BRDA:143,0,0,7
BRDA:149,0,0,1
BRDA:152,0,0,0
BRDA:205,0,0,45
BRDA:227,0,0,45
BRDA:237,0,0,45
BRDA:246,0,0,25
BRDA:256,0,0,45
BRDA:257,0,0,45
BRDA:262,0,0,14
BRDA:265,0,0,45
BRDA:274,0,0,45
BRDA:280,0,0,45
BRDA:288,0,0,45
BRDA:294,0,0,17
BRDA:311,0,0,5
BRDA:314,0,0,5
BRDA:315,0,0,2
BRDA:317,0,0,5
end_of_record
SF:lib/src/internal/focus_ring.dart
DA:33,61
DA:44,1
DA:71,61
DA:73,122
DA:76,61
DA:77,61
DA:78,61
DA:79,61
DA:80,61
DA:81,61
DA:82,61
DA:84,61
DA:99,61
DA:127,61
DA:129,61
DA:130,34
DA:136,170
DA:137,204
DA:140,34
DA:147,34
DA:148,34
DA:149,136
DA:150,34
DA:151,34
DA:152,34
DA:153,34
DA:157,34
DA:158,34
DA:159,68
DA:160,68
DA:161,68
DA:162,68
DA:167,68
DA:168,102
DA:169,102
DA:172,32
DA:174,96
DA:175,93
DA:176,93
DA:177,93
DA:178,93
DA:179,93
LF:42
LH:42
BRDA:33,0,0,61
BRDA:44,0,0,1
BRDA:71,0,0,61
BRDA:99,0,0,61
BRDA:127,0,0,61
BRDA:129,0,0,61
BRDA:140,0,0,34
BRDA:147,0,0,1
BRDA:157,0,0,34
BRDA:167,0,0,34
BRDA:172,0,0,32
end_of_record
SF:lib/src/internal/interaction.dart
DA:26,93
DA:32,186
DA:33,93
DA:34,93
DA:35,93
DA:36,93
DA:64,66
DA:98,66
DA:99,66
DA:106,66
DA:107,254
DA:109,330
DA:111,66
DA:113,66
DA:114,66
DA:115,132
DA:116,132
DA:119,32
DA:121,32
DA:122,32
DA:125,11
DA:126,11
DA:127,11
DA:128,11
DA:130,96
DA:133,66
DA:135,66
DA:136,132
DA:137,66
DA:138,127
DA:139,66
DA:142,102
DA:144,35
DA:145,35
DA:146,70
DA:149,31
DA:150,31
DA:151,93
DA:154,66
DA:156,66
DA:157,66
DA:158,66
DA:159,132
DA:160,198
DA:169,60
DA:170,66
DA:171,66
DA:172,20
DA:173,20
DA:183,66
DA:184,48
DA:185,14
DA:186,66
DA:187,64
DA:188,64
DA:189,0
DA:190,66
DA:195,132
DA:196,462
LF:59
LH:58
BRDA:26,0,0,93
BRDA:32,0,0,93
BRDA:33,0,0,69
BRDA:34,0,0,27
BRDA:35,0,0,32
BRDA:36,0,0,19
BRDA:64,0,0,66
BRDA:98,0,0,66
BRDA:106,0,0,66
BRDA:109,0,0,66
BRDA:111,0,0,66
BRDA:119,0,0,32
BRDA:122,0,0,11
BRDA:133,0,0,66
BRDA:142,0,0,68
BRDA:144,0,0,35
BRDA:145,0,0,24
BRDA:149,0,0,31
BRDA:150,0,0,0
BRDA:154,0,0,66
BRDA:169,0,0,30
BRDA:172,0,0,20
BRDA:184,0,0,24
BRDA:185,0,0,7
BRDA:187,0,0,32
BRDA:188,0,0,32
BRDA:189,0,0,0
end_of_record
SF:lib/src/internal/text_context_menu.dart
DA:21,0
DA:24,0
DA:25,0
DA:26,0
DA:32,1
DA:50,1
DA:51,2
DA:52,1
DA:53,1
DA:54,1
DA:55,2
DA:56,2
DA:57,0
DA:58,0
DA:59,0
DA:60,0
DA:64,0
DA:65,0
DA:66,0
DA:70,1
DA:72,2
DA:74,1
DA:75,1
DA:76,1
DA:78,1
DA:79,1
DA:80,2
DA:81,2
DA:83,1
DA:84,1
DA:85,2
DA:86,2
DA:88,1
DA:89,1
DA:90,1
DA:92,2
DA:93,1
DA:95,1
DA:97,1
DA:99,1
DA:100,1
DA:101,1
DA:102,1
DA:103,1
DA:118,1
DA:123,1
DA:124,1
DA:130,1
DA:132,1
DA:133,1
DA:136,1
DA:138,1
DA:140,0
DA:141,0
DA:142,1
DA:144,2
DA:145,1
DA:146,1
DA:147,2
DA:150,1
DA:155,1
DA:156,2
DA:157,3
DA:158,1
LF:64
LH:51
BRDA:21,0,0,0
BRDA:32,0,0,1
BRDA:50,0,0,1
BRDA:51,0,0,1
BRDA:54,0,0,0
BRDA:55,0,0,1
BRDA:56,0,0,1
BRDA:57,0,0,0
BRDA:58,0,0,0
BRDA:59,0,0,0
BRDA:60,0,0,0
BRDA:66,0,0,0
BRDA:70,0,0,1
BRDA:72,0,0,1
BRDA:118,0,0,1
BRDA:123,0,0,1
BRDA:130,0,0,1
BRDA:140,0,0,0
BRDA:141,0,0,0
end_of_record
SF:lib/src/navigation/breadcrumb.dart
DA:27,2
DA:29,2
DA:30,2
DA:31,2
DA:39,2
DA:41,2
DA:42,2
DA:43,1
DA:53,2
DA:93,2
DA:136,2
DA:155,2
DA:163,2
DA:205,2
DA:209,2
DA:223,2
DA:224,2
DA:233,2
DA:242,2
DA:255,2
DA:256,2
DA:257,2
DA:258,2
DA:261,2
DA:262,2
DA:263,4
DA:264,4
DA:266,2
DA:267,4
DA:268,4
DA:272,2
DA:273,4
DA:274,4
DA:278,2
DA:279,2
DA:280,2
DA:281,2
DA:287,2
DA:292,2
DA:293,2
DA:294,2
DA:295,2
DA:296,2
DA:301,2
DA:302,2
DA:303,2
DA:304,2
DA:306,2
DA:307,2
DA:308,2
DA:309,2
DA:310,2
DA:315,4
DA:321,2
DA:322,2
DA:324,2
DA:325,2
DA:326,2
DA:327,2
DA:329,2
DA:330,2
DA:333,6
DA:341,4
DA:342,4
DA:353,2
DA:354,2
DA:388,2
DA:393,4
DA:394,4
DA:395,4
DA:396,4
DA:397,4
DA:398,4
DA:399,4
DA:400,4
DA:402,4
DA:403,4
DA:405,2
DA:406,2
DA:408,2
DA:412,2
DA:414,2
DA:415,2
DA:418,2
DA:423,2
DA:424,2
DA:431,2
DA:432,4
DA:435,4
DA:436,2
DA:438,2
DA:439,2
DA:440,2
DA:441,2
DA:443,2
DA:444,2
DA:445,2
DA:451,2
DA:454,2
DA:456,2
DA:460,2
DA:461,2
DA:463,2
DA:464,2
DA:478,2
DA:483,4
DA:485,4
DA:486,4
DA:487,4
DA:489,2
DA:490,2
DA:491,2
DA:492,2
DA:493,4
DA:495,2
DA:496,2
DA:498,4
DA:500,2
DA:501,4
DA:514,1
DA:524,2
DA:525,2
DA:526,1
DA:528,0
DA:530,0
DA:532,1
DA:534,2
DA:540,4
DA:549,4
DA:563,2
DA:568,6
DA:569,2
DA:575,2
DA:576,0
DA:577,0
DA:578,0
DA:581,6
DA:582,4
DA:583,2
DA:584,2
DA:585,2
DA:588,2
DA:659,2
DA:687,2
DA:688,2
DA:697,4
DA:699,4
DA:700,4
DA:701,4
DA:704,2
DA:706,2
DA:707,6
DA:710,1
DA:712,1
DA:713,1
DA:714,0
DA:715,0
DA:717,0
DA:722,2
DA:724,2
DA:725,4
DA:726,2
DA:727,2
DA:728,1
DA:729,1
DA:730,2
DA:731,2
DA:739,1
DA:740,3
DA:742,0
DA:743,0
DA:747,1
DA:750,1
DA:753,5
DA:756,1
DA:757,4
DA:758,3
DA:762,3
DA:763,1
DA:764,5
DA:765,2
DA:766,2
DA:769,1
DA:770,1
DA:772,1
DA:773,1
DA:775,1
DA:776,1
DA:777,3
DA:780,3
DA:782,1
DA:783,1
DA:784,3
DA:788,1
DA:789,2
DA:790,3
DA:791,2
DA:796,1
DA:797,1
DA:798,1
DA:799,2
DA:804,2
DA:805,1
DA:806,2
DA:807,1
DA:808,2
DA:811,1
DA:812,1
DA:813,0
DA:816,1
DA:817,2
DA:818,4
DA:819,2
DA:821,0
DA:825,2
DA:826,2
DA:828,4
DA:829,12
DA:831,4
DA:833,4
DA:834,8
DA:835,8
DA:838,2
DA:839,2
DA:840,4
DA:842,4
DA:843,2
DA:844,2
DA:845,0
DA:846,2
DA:851,8
DA:853,2
DA:858,2
DA:861,2
DA:862,2
DA:866,2
DA:868,2
DA:869,2
DA:870,2
DA:871,2
DA:872,4
DA:874,4
DA:876,2
DA:877,2
DA:882,2
DA:883,2
DA:884,2
DA:886,2
DA:887,2
DA:888,2
DA:890,4
DA:892,2
DA:893,2
DA:896,2
DA:898,2
DA:900,2
DA:901,2
DA:906,2
DA:917,2
DA:918,2
DA:920,2
DA:921,1
DA:922,2
DA:927,2
DA:928,1
DA:929,1
DA:936,2
DA:945,1
DA:946,2
DA:948,2
DA:949,2
DA:950,2
DA:952,1
DA:953,1
DA:957,1
DA:958,1
DA:960,1
DA:963,1
DA:966,1
DA:967,1
DA:971,1
DA:975,1
DA:979,1
DA:980,1
DA:983,1
DA:984,1
DA:988,1
DA:989,3
DA:990,1
DA:1003,1
DA:1004,1
DA:1005,1
DA:1006,2
DA:1007,2
DA:1008,1
DA:1009,1
DA:1010,0
DA:1011,1
DA:1013,1
DA:1015,1
DA:1017,1
DA:1018,1
DA:1019,1
DA:1020,1
DA:1021,3
DA:1023,2
DA:1025,1
DA:1026,2
DA:1030,3
DA:1036,2
DA:1038,2
DA:1039,2
DA:1040,4
DA:1042,2
DA:1043,8
DA:1044,6
DA:1047,8
DA:1051,2
DA:1054,4
DA:1055,2
DA:1068,2
DA:1072,1
DA:1073,2
DA:1075,1
DA:1077,2
LF:325
LH:311
BRDA:27,0,0,2
BRDA:29,0,0,2
BRDA:30,0,0,2
BRDA:31,0,0,2
BRDA:39,0,0,2
BRDA:42,0,0,2
BRDA:43,0,0,1
BRDA:53,0,0,2
BRDA:93,0,0,2
BRDA:136,0,0,2
BRDA:155,0,0,2
BRDA:205,0,0,2
BRDA:224,0,0,2
BRDA:233,0,0,2
BRDA:242,0,0,2
BRDA:256,0,0,2
BRDA:257,0,0,2
BRDA:258,0,0,2
BRDA:262,0,0,2
BRDA:266,0,0,2
BRDA:272,0,0,2
BRDA:388,0,0,2
BRDA:414,0,0,2
BRDA:418,0,0,2
BRDA:422,0,0,2
BRDA:435,0,0,2
BRDA:452,0,0,2
BRDA:478,0,0,2
BRDA:514,0,0,1
BRDA:524,0,0,2
BRDA:528,0,0,0
BRDA:532,0,0,1
BRDA:540,0,0,4
BRDA:549,0,0,4
BRDA:563,0,0,2
BRDA:568,0,0,2
BRDA:575,0,0,0
BRDA:588,0,0,2
BRDA:659,0,0,2
BRDA:687,0,0,2
BRDA:697,0,0,2
BRDA:699,0,0,2
BRDA:704,0,0,2
BRDA:710,0,0,1
BRDA:713,0,0,0
BRDA:714,0,0,0
BRDA:716,0,0,0
BRDA:722,0,0,2
BRDA:739,0,0,1
BRDA:741,0,0,0
BRDA:742,0,0,0
BRDA:743,0,0,0
BRDA:750,0,0,1
BRDA:753,0,0,1
BRDA:756,0,0,1
BRDA:757,0,0,0
BRDA:764,0,0,1
BRDA:766,0,0,1
BRDA:769,0,0,1
BRDA:771,0,0,0
BRDA:777,0,0,2
[...]
DA:279,2
DA:280,2
DA:281,2
DA:282,2
DA:283,2
DA:284,2
DA:288,2
DA:289,2
DA:290,2
DA:292,2
DA:293,2
DA:294,2
DA:295,4
DA:296,4
DA:297,2
DA:298,2
DA:319,2
DA:324,4
DA:325,4
DA:326,4
DA:327,4
DA:328,4
DA:329,4
DA:330,4
DA:332,4
DA:337,2
DA:338,6
DA:339,6
DA:340,6
DA:343,2
DA:344,2
DA:345,2
DA:346,2
DA:349,2
DA:351,2
DA:352,2
DA:355,2
DA:356,2
DA:357,2
DA:360,2
DA:369,2
DA:371,2
DA:373,2
DA:380,2
DA:382,2
DA:383,4
DA:392,6
DA:393,2
DA:394,4
DA:395,2
DA:399,6
DA:400,4
DA:401,4
DA:405,2
DA:413,2
DA:415,4
DA:431,2
DA:435,2
DA:437,4
DA:439,1
DA:444,2
DA:449,4
DA:453,0
DA:455,1
DA:456,2
DA:457,0
DA:458,0
DA:461,2
DA:462,12
DA:464,0
DA:466,0
DA:468,0
DA:470,0
DA:472,0
DA:474,0
DA:476,0
DA:478,0
DA:480,0
DA:482,0
DA:483,0
DA:484,0
DA:487,2
DA:489,2
DA:491,0
DA:494,4
DA:495,10
DA:496,10
DA:507,1
DA:517,2
DA:518,3
DA:520,1
DA:522,3
DA:524,0
DA:526,0
DA:560,2
DA:643,2
DA:645,2
DA:646,2
DA:647,2
DA:648,2
DA:649,2
DA:650,2
DA:651,2
DA:652,2
DA:653,2
DA:654,2
DA:655,2
DA:656,2
DA:657,2
DA:658,2
DA:659,2
DA:660,2
DA:661,2
DA:662,2
DA:666,2
DA:668,2
DA:669,8
DA:674,2
DA:675,2
LF:144
LH:126
BRDA:90,0,0,2
BRDA:137,0,0,2
BRDA:172,0,0,2
BRDA:251,0,0,2
BRDA:269,0,0,2
BRDA:270,0,0,2
BRDA:274,0,0,2
BRDA:275,0,0,2
BRDA:280,0,0,2
BRDA:281,0,0,2
BRDA:283,0,0,2
BRDA:284,0,0,2
BRDA:319,0,0,2
BRDA:338,0,0,2
BRDA:339,0,0,2
BRDA:340,0,0,2
BRDA:345,0,0,2
BRDA:352,0,0,2
BRDA:384,0,0,2
BRDA:399,0,0,4
BRDA:404,0,0,2
BRDA:431,0,0,2
BRDA:435,0,0,2
BRDA:439,0,0,1
BRDA:449,0,0,2
BRDA:453,0,0,0
BRDA:455,0,0,1
BRDA:456,0,0,1
BRDA:461,0,0,2
BRDA:464,0,0,0
BRDA:468,0,0,0
BRDA:472,0,0,0
BRDA:476,0,0,0
BRDA:480,0,0,0
BRDA:483,0,0,0
BRDA:487,0,0,2
BRDA:490,0,0,0
BRDA:507,0,0,1
BRDA:517,0,0,2
BRDA:520,0,0,1
BRDA:524,0,0,0
BRDA:560,0,0,2
BRDA:643,0,0,2
end_of_record
SF:lib/src/surfaces/persona_style.dart
DA:26,2
DA:70,2
DA:72,1
DA:73,2
DA:74,2
DA:75,2
DA:76,2
DA:77,1
DA:78,2
DA:79,2
DA:84,1
DA:92,1
DA:93,1
DA:94,1
DA:95,1
DA:96,1
DA:97,1
DA:98,1
DA:99,1
DA:103,1
DA:111,1
DA:112,1
DA:113,1
DA:114,1
DA:115,1
DA:116,1
DA:117,1
DA:118,1
DA:121,1
DA:122,1
DA:124,1
DA:126,1
DA:127,3
DA:128,3
DA:129,3
DA:130,3
DA:131,3
DA:132,3
DA:133,3
DA:135,1
DA:136,1
DA:137,1
DA:138,1
DA:139,1
DA:140,1
DA:141,1
DA:142,1
DA:143,1
LF:48
LH:48
BRDA:26,0,0,2
BRDA:70,0,0,2
BRDA:71,0,0,2
BRDA:84,0,0,1
BRDA:103,0,0,1
BRDA:121,0,0,1
BRDA:124,0,0,1
BRDA:135,0,0,1
end_of_record
SF:lib/src/surfaces/presence_badge.dart
DA:65,6
DA:79,6
DA:108,6
DA:113,6
DA:117,6
DA:118,6
DA:135,6
DA:139,6
DA:141,6
DA:142,12
DA:143,5
DA:144,12
DA:145,5
DA:146,4
DA:147,4
DA:148,9
DA:149,8
DA:150,6
DA:153,6
DA:154,6
DA:155,6
DA:156,6
DA:157,6
DA:158,5
DA:159,3
DA:162,6
DA:163,12
DA:164,6
DA:165,12
DA:166,6
DA:167,12
DA:171,6
DA:190,6
DA:195,12
DA:196,12
DA:197,12
DA:198,12
DA:199,12
DA:200,6
DA:202,6
DA:204,6
DA:205,6
DA:216,6
DA:227,6
DA:248,6
DA:250,12
DA:251,30
DA:253,6
DA:254,24
DA:258,18
DA:259,6
DA:261,18
DA:262,6
DA:263,6
DA:264,12
DA:265,12
DA:268,6
DA:269,20
DA:273,3
DA:275,9
DA:276,9
DA:277,9
DA:278,9
DA:284,0
DA:294,6
DA:295,6
DA:296,0
DA:298,0
DA:300,0
DA:302,0
DA:304,0
DA:327,6
DA:353,6
DA:355,6
DA:356,6
DA:357,6
DA:358,6
DA:359,6
DA:363,6
DA:365,6
DA:366,24
DA:368,6
DA:369,6
DA:371,6
DA:382,6
DA:383,6
DA:384,6
DA:385,6
DA:386,6
DA:387,5
DA:388,3
DA:391,6
DA:396,6
DA:399,12
DA:400,3
DA:401,5
DA:405,5
DA:408,4
DA:410,4
DA:411,4
DA:412,3
DA:413,3
DA:415,6
DA:418,6
DA:420,6
DA:421,5
DA:422,5
DA:423,4
DA:424,4
DA:425,4
DA:426,3
DA:427,3
DA:429,3
DA:431,3
LF:114
LH:108
BRDA:65,0,0,6
BRDA:79,0,0,6
BRDA:108,0,0,6
BRDA:135,0,0,6
BRDA:142,0,0,6
BRDA:143,0,0,5
BRDA:148,0,0,5
BRDA:149,0,0,4
BRDA:150,0,0,3
BRDA:154,0,0,5
BRDA:155,0,0,5
BRDA:156,0,0,5
BRDA:157,0,0,6
BRDA:158,0,0,5
BRDA:159,0,0,3
BRDA:190,0,0,6
BRDA:227,0,0,6
BRDA:248,0,0,6
BRDA:253,0,0,6
BRDA:258,0,0,6
BRDA:268,0,0,5
BRDA:273,0,0,3
BRDA:284,0,0,0
BRDA:294,0,0,6
BRDA:298,0,0,0
BRDA:302,0,0,0
BRDA:327,0,0,6
BRDA:353,0,0,6
BRDA:382,0,0,6
BRDA:383,0,0,5
BRDA:384,0,0,5
BRDA:385,0,0,5
BRDA:386,0,0,6
BRDA:387,0,0,5
BRDA:388,0,0,3
BRDA:391,0,0,6
BRDA:397,0,0,5
BRDA:399,0,0,6
BRDA:400,0,0,2
BRDA:401,0,0,4
BRDA:404,0,0,3
BRDA:405,0,0,5
BRDA:407,0,0,2
BRDA:408,0,0,3
BRDA:409,0,0,2
BRDA:410,0,0,2
BRDA:411,0,0,4
BRDA:412,0,0,3
BRDA:413,0,0,3
BRDA:418,0,0,6
BRDA:420,0,0,6
BRDA:421,0,0,5
BRDA:422,0,0,5
BRDA:423,0,0,3
BRDA:424,0,0,2
BRDA:425,0,0,4
BRDA:426,0,0,3
BRDA:427,0,0,3
end_of_record
SF:lib/src/surfaces/presence_badge_style.dart
DA:25,6
DA:50,6
DA:52,1
DA:53,2
DA:54,2
DA:55,1
DA:56,2
DA:57,2
DA:62,0
DA:68,0
DA:69,0
DA:70,0
DA:71,0
DA:72,0
DA:73,0
DA:77,1
DA:83,1
DA:84,1
DA:85,1
DA:86,1
DA:87,1
DA:88,1
DA:91,1
DA:92,1
DA:94,0
DA:96,0
DA:97,0
DA:98,0
DA:99,0
DA:100,0
DA:101,0
DA:103,0
DA:104,0
DA:105,0
DA:106,0
DA:107,0
DA:108,0
DA:109,0
LF:38
LH:17
BRDA:25,0,0,6
BRDA:50,0,0,6
BRDA:51,0,0,6
BRDA:62,0,0,0
BRDA:77,0,0,1
BRDA:91,0,0,1
BRDA:94,0,0,0
BRDA:103,0,0,0
end_of_record
SF:lib/src/surfaces/progressbar.dart
DA:54,2
DA:62,2
DA:72,2
DA:90,2
DA:94,2
DA:116,2
DA:120,2
DA:125,4
DA:127,2
DA:128,2
DA:129,4
DA:130,4
DA:131,4
DA:132,4
DA:139,4
DA:143,2
DA:144,2
DA:145,2
DA:148,2
DA:156,2
DA:173,2
DA:179,4
DA:180,4
DA:181,4
DA:182,4
DA:184,2
DA:185,2
DA:186,4
DA:191,2
DA:193,2
DA:200,2
DA:201,2
DA:203,2
DA:208,2
DA:210,2
DA:215,2
DA:218,2
DA:219,2
DA:220,4
DA:227,2
DA:229,2
DA:231,2
DA:232,2
DA:235,2
DA:266,2
DA:270,2
DA:271,2
DA:276,4
DA:278,2
DA:283,2
DA:285,2
DA:286,6
DA:287,2
DA:288,4
DA:289,4
DA:290,4
DA:294,2
DA:296,4
DA:297,2
DA:302,2
DA:306,2
DA:307,4
DA:308,4
DA:310,6
DA:313,2
DA:317,5
DA:318,2
DA:319,2
DA:322,4
DA:323,4
DA:324,6
DA:337,1
DA:347,2
DA:348,2
DA:349,1
DA:351,0
DA:353,0
DA:355,0
DA:357,0
DA:384,2
DA:422,2
DA:424,2
DA:425,2
DA:426,2
DA:427,2
DA:431,2
DA:433,2
DA:434,8
DA:436,2
DA:437,2
DA:438,2
DA:443,8
DA:446,2
LF:93
LH:89
BRDA:54,0,0,2
BRDA:62,0,0,1
BRDA:72,0,0,2
BRDA:90,0,0,2
BRDA:116,0,0,2
BRDA:129,0,0,2
BRDA:130,0,0,2
BRDA:131,0,0,2
BRDA:132,0,0,2
BRDA:144,0,0,2
BRDA:145,0,0,2
BRDA:173,0,0,2
BRDA:266,0,0,2
BRDA:270,0,0,2
BRDA:276,0,0,2
BRDA:283,0,0,2
BRDA:287,0,0,2
BRDA:289,0,0,4
BRDA:294,0,0,2
BRDA:302,0,0,2
BRDA:306,0,0,2
BRDA:313,0,0,2
BRDA:323,0,0,2
BRDA:337,0,0,1
BRDA:347,0,0,2
BRDA:351,0,0,0
BRDA:355,0,0,0
BRDA:384,0,0,2
BRDA:422,0,0,2
end_of_record
SF:lib/src/surfaces/progressbar_style.dart
DA:29,2
DA:72,2
DA:74,1
DA:75,2
DA:76,2
DA:77,2
DA:78,2
DA:79,2
DA:80,2
DA:85,0
DA:92,0
DA:93,0
DA:94,0
DA:95,0
DA:96,0
DA:97,0
DA:98,0
DA:105,1
DA:112,1
DA:113,1
DA:114,1
DA:115,1
DA:116,1
DA:117,1
DA:118,1
DA:121,1
DA:122,1
DA:124,0
DA:126,0
DA:127,0
DA:128,0
DA:129,0
DA:130,0
DA:131,0
DA:132,0
DA:134,0
DA:135,0
DA:136,0
DA:137,0
DA:138,0
DA:139,0
DA:140,0
DA:141,0
LF:43
LH:19
BRDA:29,0,0,2
BRDA:72,0,0,2
BRDA:73,0,0,2
BRDA:85,0,0,0
BRDA:105,0,0,1
BRDA:121,0,0,1
BRDA:124,0,0,0
BRDA:134,0,0,0
end_of_record
SF:lib/src/surfaces/skeleton.dart
DA:44,2
DA:57,2
DA:68,2
DA:71,2
DA:89,2
DA:93,2
DA:95,2
DA:100,2
DA:101,2
DA:104,2
DA:105,4
DA:106,4
DA:107,2
DA:108,2
DA:109,2
DA:110,2
DA:114,2
DA:134,8
DA:141,2
DA:142,14
DA:170,2
DA:203,2
DA:205,2
DA:206,4
DA:207,8
DA:209,2
DA:210,2
DA:212,2
DA:213,6
DA:215,6
DA:216,2
DA:219,2
DA:220,2
DA:221,2
DA:223,2
DA:224,4
DA:227,2
DA:228,8
DA:229,10
DA:230,4
DA:233,2
DA:234,2
DA:236,2
DA:239,2
DA:241,6
DA:242,6
DA:243,6
DA:244,6
DA:245,6
DA:248,6
DA:265,2
DA:269,2
DA:272,2
DA:282,2
DA:283,2
DA:288,4
DA:289,6
DA:294,2
DA:296,2
DA:300,6
DA:301,2
DA:304,1
DA:306,1
DA:307,1
DA:310,2
DA:312,4
DA:313,2
DA:317,2
DA:318,8
DA:319,2
DA:320,8
DA:322,2
DA:325,2
DA:326,2
DA:327,2
DA:328,2
DA:329,2
DA:332,8
DA:333,6
DA:334,2
DA:335,2
DA:336,2
DA:338,8
DA:341,2
DA:343,4
DA:344,4
DA:345,6
DA:346,2
DA:349,4
DA:350,4
DA:353,4
DA:355,4
DA:357,2
DA:358,2
DA:359,2
DA:361,2
DA:362,2
DA:363,4
DA:367,2
DA:369,4
DA:373,8
DA:385,4
DA:387,2
DA:388,2
DA:397,1
DA:407,2
DA:408,3
DA:410,0
DA:412,0
DA:414,0
DA:416,0
DA:447,2
DA:479,2
DA:481,2
DA:482,2
DA:483,2
DA:487,2
DA:489,2
DA:490,8
DA:492,2
DA:493,2
DA:494,2
DA:495,2
DA:496,2
DA:497,2
LF:125
LH:121
BRDA:44,0,0,2
BRDA:57,0,0,2
BRDA:68,0,0,2
BRDA:89,0,0,2
BRDA:100,0,0,2
BRDA:101,0,0,2
BRDA:110,0,0,2
BRDA:114,0,0,2
BRDA:134,0,0,2
BRDA:141,0,0,2
BRDA:170,0,0,2
BRDA:203,0,0,2
BRDA:210,0,0,2
BRDA:230,0,0,2
BRDA:239,0,0,2
BRDA:265,0,0,2
BRDA:272,0,0,2
BRDA:282,0,0,2
BRDA:288,0,0,2
BRDA:289,0,0,2
BRDA:294,0,0,2
BRDA:304,0,0,1
BRDA:310,0,0,2
BRDA:317,0,0,2
BRDA:325,0,0,2
BRDA:326,0,0,2
BRDA:333,0,0,2
BRDA:338,0,0,2
BRDA:341,0,0,2
BRDA:363,0,0,2
BRDA:385,0,0,4
BRDA:387,0,0,2
BRDA:397,0,0,1
BRDA:407,0,0,2
BRDA:410,0,0,0
BRDA:414,0,0,0
BRDA:447,0,0,2
BRDA:479,0,0,2
end_of_record
SF:lib/src/surfaces/skeleton_style.dart
DA:28,2
DA:60,2
DA:62,1
DA:63,2
DA:64,2
DA:65,2
DA:66,2
DA:71,0
DA:76,0
DA:77,0
DA:78,0
DA:79,0
DA:80,0
DA:88,1
DA:93,1
DA:94,1
DA:95,1
DA:96,1
DA:100,1
DA:101,1
DA:103,0
DA:105,0
DA:106,0
DA:107,0
DA:108,0
DA:109,0
DA:111,0
DA:113,0
LF:28
LH:14
BRDA:28,0,0,2
BRDA:60,0,0,2
BRDA:61,0,0,2
BRDA:71,0,0,0
BRDA:88,0,0,1
BRDA:100,0,0,1
BRDA:103,0,0,0
BRDA:111,0,0,0
end_of_record
SF:lib/src/surfaces/spinner.dart
DA:76,4
DA:85,0
DA:87,0
DA:88,0
DA:89,0
DA:91,0
DA:92,0
DA:94,0
DA:95,0
DA:170,6
DA:188,2
DA:189,2
DA:194,2
DA:195,4
DA:196,8
DA:198,2
DA:199,4
DA:201,2
DA:202,4
DA:203,12
DA:204,12
DA:218,2
DA:220,2
DA:221,6
DA:222,3
DA:223,3
DA:225,0
DA:226,0
DA:228,1
DA:229,1
DA:230,2
DA:231,1
DA:245,2
DA:265,6
DA:268,6
DA:271,6
DA:273,2
DA:277,12
DA:278,2
DA:279,2
DA:281,2
DA:284,2
DA:285,2
DA:286,4
DA:287,4
DA:290,2
DA:291,2
DA:292,6
DA:293,2
DA:295,2
DA:296,2
DA:297,4
DA:301,2
DA:302,4
DA:306,2
DA:308,6
DA:309,6
DA:310,6
DA:311,6
DA:323,2
DA:336,2
DA:355,2
DA:360,2
DA:377,2
DA:381,2
DA:385,2
DA:386,2
DA:387,2
DA:388,2
DA:389,2
DA:391,2
DA:392,2
DA:393,2
DA:394,2
DA:402,2
DA:403,2
DA:406,4
DA:408,2
DA:411,4
DA:413,2
DA:416,4
DA:418,2
DA:421,4
DA:423,2
DA:426,4
DA:428,2
DA:431,4
DA:433,2
DA:436,4
DA:438,2
DA:441,4
DA:445,2
DA:446,2
DA:447,2
DA:448,2
DA:449,2
DA:450,2
DA:451,2
DA:472,2
DA:478,4
DA:480,4
DA:481,4
DA:482,4
DA:483,4
DA:485,2
DA:488,2
DA:489,2
DA:491,4
DA:493,4
DA:500,2
DA:505,2
DA:506,2
DA:511,2
DA:512,4
DA:515,2
DA:517,4
DA:520,2
DA:522,4
DA:525,2
DA:527,4
DA:530,2
DA:541,1
DA:551,2
DA:552,3
DA:554,0
DA:556,0
DA:558,0
DA:560,0
DA:595,2
DA:626,2
DA:627,2
DA:632,4
DA:634,2
DA:638,2
DA:640,2
DA:641,6
DA:645,2
DA:646,2
DA:647,2
DA:648,2
DA:649,4
DA:650,4
DA:654,2
DA:656,4
DA:657,2
DA:660,2
DA:662,2
DA:663,4
DA:664,4
DA:665,4
DA:666,4
DA:670,2
DA:672,2
DA:673,10
DA:675,2
DA:676,2
DA:677,2
DA:678,2
DA:679,4
DA:683,6
DA:687,2
DA:688,4
LF:162
LH:148
BRDA:76,0,0,4
BRDA:85,0,0,0
BRDA:91,0,0,0
BRDA:94,0,0,0
BRDA:170,0,0,6
BRDA:188,0,0,2
BRDA:218,0,0,2
BRDA:225,0,0,0
BRDA:228,0,0,1
BRDA:245,0,0,2
BRDA:265,0,0,2
BRDA:268,0,0,2
BRDA:271,0,0,2
BRDA:273,0,0,2
BRDA:278,0,0,0
BRDA:306,0,0,2
BRDA:323,0,0,2
BRDA:336,0,0,2
BRDA:355,0,0,2
BRDA:377,0,0,2
BRDA:386,0,0,2
BRDA:391,0,0,2
BRDA:403,0,0,2
BRDA:408,0,0,2
BRDA:413,0,0,2
BRDA:418,0,0,2
BRDA:423,0,0,2
BRDA:428,0,0,2
BRDA:433,0,0,2
BRDA:438,0,0,2
BRDA:472,0,0,2
BRDA:501,0,0,2
BRDA:504,0,0,2
BRDA:512,0,0,2
BRDA:517,0,0,2
BRDA:522,0,0,2
BRDA:527,0,0,2
BRDA:541,0,0,1
BRDA:551,0,0,2
BRDA:554,0,0,0
BRDA:558,0,0,0
BRDA:595,0,0,2
BRDA:626,0,0,2
BRDA:632,0,0,2
BRDA:638,0,0,2
BRDA:645,0,0,2
BRDA:649,0,0,4
BRDA:654,0,0,2
BRDA:660,0,0,2
BRDA:679,0,0,2
end_of_record
SF:lib/src/surfaces/spinner_style.dart
DA:27,2
DA:70,2
DA:72,1
DA:73,2
DA:74,2
DA:75,2
DA:76,2
DA:77,2
DA:78,2
DA:79,2
DA:84,0
DA:92,0
DA:93,0
DA:94,0
DA:95,0
DA:96,0
DA:97,0
DA:98,0
DA:99,0
DA:107,1
DA:115,1
DA:116,1
DA:117,1
DA:118,1
DA:119,1
DA:120,1
DA:121,1
DA:122,1
DA:125,1
DA:126,1
DA:128,0
DA:130,0
DA:131,0
DA:132,0
DA:133,0
DA:134,0
DA:135,0
DA:136,0
DA:137,0
DA:139,0
DA:140,0
DA:141,0
DA:142,0
DA:143,0
DA:144,0
DA:145,0
DA:146,0
DA:147,0
LF:48
LH:21
BRDA:27,0,0,2
BRDA:70,0,0,2
BRDA:71,0,0,2
BRDA:84,0,0,0
BRDA:107,0,0,1
BRDA:125,0,0,1
BRDA:128,0,0,0
BRDA:139,0,0,0
end_of_record
SF:lib/src/surfaces/status_indicator.dart
DA:106,1
DA:107,2
DA:108,2
DA:109,1
DA:110,3
DA:111,1
DA:112,1
DA:113,1
DA:114,1
DA:115,1
DA:116,1
DA:117,1
DA:118,1
DA:131,2
DA:147,2
DA:171,2
DA:177,2
DA:179,1
DA:202,2
DA:206,2
DA:210,2
DA:211,2
DA:212,4
DA:213,4
DA:214,4
DA:215,4
DA:216,4
DA:223,2
DA:224,2
DA:228,4
DA:230,2
DA:234,4
DA:236,2
DA:240,4
DA:244,2
DA:246,4
DA:247,2
DA:249,2
DA:250,2
DA:251,4
DA:268,2
DA:273,4
DA:274,4
DA:275,4
DA:276,4
DA:277,4
DA:278,4
DA:279,4
DA:282,6
DA:286,2
DA:289,2
DA:290,2
DA:291,2
DA:294,2
DA:295,2
DA:296,2
DA:297,2
DA:301,6
DA:306,2
DA:307,2
DA:312,2
DA:313,2
DA:314,2
DA:315,2
DA:317,2
DA:327,1
DA:337,2
DA:338,2
DA:339,1
DA:341,0
DA:343,0
DA:345,0
DA:347,0
DA:379,2
DA:416,2
DA:418,2
DA:419,2
DA:420,2
DA:421,2
DA:422,2
DA:423,2
DA:427,2
DA:429,2
DA:430,8
DA:432,2
DA:438,2
DA:439,1
DA:440,1
DA:441,1
LF:89
LH:85
BRDA:106,0,0,1
BRDA:107,0,0,1
BRDA:108,0,0,1
BRDA:109,0,0,1
BRDA:110,0,0,1
BRDA:118,0,0,1
BRDA:131,0,0,2
BRDA:147,0,0,2
BRDA:171,0,0,2
BRDA:202,0,0,2
BRDA:212,0,0,2
BRDA:213,0,0,2
BRDA:214,0,0,2
BRDA:215,0,0,2
BRDA:216,0,0,2
BRDA:224,0,0,2
BRDA:230,0,0,2
BRDA:236,0,0,2
BRDA:268,0,0,2
BRDA:301,0,0,2
BRDA:305,0,0,2
BRDA:327,0,0,1
BRDA:337,0,0,2
BRDA:341,0,0,0
BRDA:345,0,0,0
BRDA:379,0,0,2
BRDA:416,0,0,2
BRDA:438,0,0,2
end_of_record
SF:lib/src/surfaces/status_indicator_style.dart
DA:23,2
DA:65,2
DA:67,1
DA:68,2
DA:69,2
DA:70,2
DA:71,2
DA:72,2
DA:73,2
DA:74,2
DA:79,0
DA:87,0
DA:88,0
DA:89,0
DA:90,0
DA:91,0
DA:92,0
DA:93,0
DA:94,0
DA:101,1
DA:109,1
DA:110,1
DA:111,1
DA:112,1
DA:113,1
DA:114,1
DA:115,1
DA:116,1
DA:119,1
DA:120,1
DA:122,0
DA:124,0
DA:125,0
DA:126,0
DA:127,0
DA:128,0
DA:129,0
DA:130,0
DA:131,0
DA:133,0
DA:134,0
DA:135,0
DA:136,0
DA:137,0
DA:138,0
DA:139,0
DA:140,0
DA:141,0
LF:48
LH:21
BRDA:23,0,0,2
BRDA:65,0,0,2
BRDA:66,0,0,2
BRDA:79,0,0,0
BRDA:101,0,0,1
BRDA:119,0,0,1
BRDA:122,0,0,0
BRDA:133,0,0,0
end_of_record
SF:lib/src/surfaces/tag.dart
DA:41,4
DA:71,4
DA:100,2
DA:109,2
DA:132,4
DA:136,4
DA:138,4
DA:141,2
DA:142,2
DA:143,2
DA:145,4
DA:146,8
DA:147,4
DA:148,4
DA:150,4
DA:151,2
DA:152,2
DA:156,4
DA:157,2
DA:161,4
DA:162,2
DA:163,2
DA:164,2
DA:166,4
DA:167,4
DA:168,6
DA:169,4
DA:170,4
DA:172,4
DA:173,2
DA:174,2
DA:181,4
DA:182,2
DA:183,2
DA:184,2
DA:186,4
DA:187,4
DA:188,6
DA:189,4
DA:190,4
DA:191,4
DA:192,4
DA:194,4
DA:195,2
DA:196,2
DA:197,2
DA:198,2
DA:203,10
DA:204,2
DA:205,2
DA:206,2
DA:210,8
DA:212,4
DA:213,4
DA:215,4
DA:218,4
DA:227,4
DA:228,4
DA:229,8
DA:231,4
DA:232,4
DA:233,4
DA:234,8
DA:251,4
DA:256,4
DA:261,4
DA:263,4
DA:268,8
DA:270,3
DA:275,10
DA:290,4
DA:298,4
DA:300,8
DA:301,8
DA:302,8
DA:303,8
DA:304,8
DA:305,8
DA:306,8
DA:307,8
DA:308,8
DA:310,8
DA:311,4
DA:315,4
DA:319,4
DA:320,12
DA:321,4
DA:322,4
DA:326,4
DA:327,4
DA:328,4
DA:329,4
DA:331,4
DA:332,4
DA:333,8
DA:338,4
DA:339,4
DA:342,4
DA:344,4
DA:348,4
DA:349,4
DA:350,1
DA:351,1
DA:352,1
DA:358,4
DA:364,8
DA:378,1
DA:384,2
DA:385,3
DA:387,0
DA:388,0
DA:390,0
DA:392,0
DA:406,4
DA:408,4
DA:410,4
DA:411,4
DA:412,4
DA:414,4
DA:415,4
DA:416,4
DA:429,4
DA:437,4
DA:439,8
DA:440,12
DA:441,4
DA:442,8
DA:443,4
DA:445,12
DA:448,4
DA:450,20
DA:451,20
DA:454,1
DA:456,3
DA:484,2
DA:546,2
DA:549,2
DA:550,2
DA:551,2
DA:552,2
DA:553,2
DA:554,2
DA:555,2
DA:556,2
DA:557,2
DA:559,2
DA:560,8
DA:564,4
DA:565,4
DA:567,2
DA:568,2
DA:569,2
DA:570,2
DA:571,2
DA:572,2
DA:574,2
DA:575,2
DA:576,2
DA:577,2
DA:578,2
DA:579,4
DA:581,2
DA:582,2
DA:583,2
DA:584,2
DA:586,2
DA:587,2
DA:588,4
DA:593,2
DA:600,2
DA:602,2
DA:603,2
DA:604,2
DA:605,2
LF:174
LH:170
BRDA:41,0,0,4
BRDA:71,0,0,4
BRDA:100,0,0,2
BRDA:132,0,0,4
BRDA:146,0,0,4
BRDA:150,0,0,2
BRDA:156,0,0,2
BRDA:168,0,0,4
BRDA:172,0,0,2
BRDA:188,0,0,4
BRDA:194,0,0,2
BRDA:251,0,0,4
BRDA:256,0,0,2
BRDA:263,0,0,4
BRDA:270,0,0,3
BRDA:290,0,0,4
BRDA:310,0,0,4
BRDA:320,0,0,4
BRDA:322,0,0,2
BRDA:350,0,0,1
BRDA:364,0,0,2
BRDA:378,0,0,1
BRDA:384,0,0,2
BRDA:387,0,0,0
BRDA:390,0,0,0
BRDA:406,0,0,4
BRDA:408,0,0,4
BRDA:429,0,0,4
BRDA:437,0,0,4
BRDA:454,0,0,1
BRDA:484,0,0,2
BRDA:546,0,0,2
BRDA:564,0,0,2
BRDA:579,0,0,2
end_of_record
SF:lib/src/surfaces/tag_style.dart
DA:24,4
DA:103,4
DA:105,1
DA:106,2
DA:107,2
DA:109,2
DA:110,2
DA:111,2
DA:112,2
DA:113,2
DA:114,2
DA:115,2
DA:116,2
DA:117,2
DA:118,2
DA:119,2
DA:120,2
DA:121,2
DA:126,4
DA:142,4
DA:143,0
DA:144,0
DA:146,0
DA:147,0
DA:148,4
DA:149,4
DA:150,0
DA:151,0
DA:152,4
DA:153,4
DA:154,4
DA:155,4
DA:156,4
DA:157,4
DA:158,0
DA:165,1
DA:181,1
DA:182,1
DA:183,1
DA:184,1
DA:185,1
DA:186,1
DA:187,1
DA:188,1
DA:189,1
DA:190,1
DA:191,1
DA:192,1
DA:193,1
DA:194,1
DA:195,1
DA:196,1
DA:199,1
DA:200,1
DA:202,0
DA:204,0
DA:205,0
DA:206,0
DA:207,0
DA:208,0
DA:209,0
DA:210,0
DA:211,0
DA:212,0
DA:213,0
DA:214,0
DA:215,0
DA:216,0
DA:217,0
DA:218,0
DA:219,0
DA:221,0
DA:222,0
DA:223,0
DA:224,0
DA:225,0
DA:226,0
DA:227,0
DA:228,0
DA:229,0
DA:230,0
DA:231,0
DA:232,0
DA:233,0
DA:234,0
DA:235,0
DA:236,0
DA:237,0
LF:88
LH:47
BRDA:24,0,0,4
BRDA:103,0,0,4
BRDA:104,0,0,4
BRDA:126,0,0,4
BRDA:165,0,0,1
BRDA:199,0,0,1
BRDA:202,0,0,0
BRDA:221,0,0,0
end_of_record
SF:lib/src/surfaces/tooltip.dart
DA:47,2
DA:71,2
DA:87,2
DA:92,2
DA:118,2
DA:122,2
DA:127,2
DA:128,2
DA:129,2
DA:130,2
DA:133,2
DA:135,2
DA:136,2
DA:137,2
DA:138,2
DA:140,2
DA:141,2
DA:142,2
DA:143,2
DA:147,2
DA:148,2
DA:149,2
DA:150,2
DA:155,6
DA:166,2
DA:167,2
DA:169,2
DA:170,2
DA:185,2
DA:190,4
DA:191,4
DA:192,4
DA:193,4
DA:194,4
DA:195,4
DA:196,4
DA:197,4
DA:198,4
DA:200,2
DA:202,2
DA:203,2
DA:208,2
DA:209,2
DA:210,2
DA:211,2
DA:214,2
DA:215,2
DA:217,4
DA:219,2
DA:223,2
DA:228,4
DA:229,4
DA:230,2
DA:231,6
DA:232,2
DA:234,2
DA:238,2
DA:239,4
DA:241,2
DA:243,4
DA:245,2
DA:247,4
DA:249,2
DA:251,4
DA:253,2
DA:268,2
DA:280,2
DA:282,2
DA:283,2
DA:284,2
DA:286,2
DA:287,4
DA:288,8
DA:289,2
DA:291,6
DA:292,6
DA:293,4
DA:294,2
DA:296,2
DA:297,8
DA:298,4
DA:299,2
DA:301,4
DA:302,6
DA:303,6
DA:305,10
DA:308,0
DA:310,0
DA:319,1
DA:329,1
DA:330,2
DA:332,0
DA:334,0
DA:336,1
DA:338,2
DA:382,1
DA:429,1
DA:430,1
DA:445,1
DA:447,1
DA:448,3
DA:451,1
DA:453,1
DA:457,3
DA:458,3
DA:459,2
DA:462,1
DA:464,1
DA:465,2
DA:466,1
DA:467,1
DA:471,1
DA:473,3
DA:474,1
DA:475,1
DA:481,1
DA:482,2
DA:483,1
DA:486,1
DA:487,1
DA:488,1
DA:491,1
DA:492,1
DA:493,1
DA:496,1
DA:497,5
DA:499,4
DA:501,3
DA:511,1
DA:512,3
DA:514,3
DA:515,2
DA:519,0
DA:522,1
DA:523,1
DA:524,3
DA:530,3
DA:531,5
DA:532,2
DA:535,1
DA:536,1
DA:538,1
DA:540,1
DA:541,1
DA:544,1
DA:545,1
DA:546,2
DA:547,2
DA:548,2
DA:549,2
DA:552,1
DA:554,1
DA:555,5
DA:558,2
DA:559,2
DA:560,1
DA:563,2
DA:565,1
DA:568,1
DA:570,1
DA:573,2
DA:575,1
DA:578,1
DA:582,1
DA:585,1
DA:586,1
DA:593,2
DA:598,1
DA:603,1
DA:604,1
DA:605,1
DA:608,1
DA:609,1
DA:610,2
DA:611,2
DA:612,2
DA:617,2
DA:621,1
LF:178
LH:173
BRDA:47,0,0,2
BRDA:71,0,0,2
BRDA:87,0,0,2
BRDA:118,0,0,2
BRDA:128,0,0,2
BRDA:135,0,0,2
BRDA:140,0,0,2
BRDA:185,0,0,2
BRDA:201,0,0,2
BRDA:223,0,0,2
BRDA:239,0,0,2
BRDA:243,0,0,2
BRDA:247,0,0,2
BRDA:251,0,0,2
BRDA:268,0,0,2
BRDA:280,0,0,2
BRDA:284,0,0,2
BRDA:289,0,0,2
BRDA:294,0,0,2
BRDA:299,0,0,2
BRDA:308,0,0,0
BRDA:319,0,0,1
BRDA:329,0,0,1
BRDA:332,0,0,0
BRDA:336,0,0,1
BRDA:382,0,0,1
BRDA:429,0,0,1
BRDA:445,0,0,1
BRDA:451,0,0,1
BRDA:462,0,0,1
BRDA:465,0,0,1
BRDA:471,0,0,1
BRDA:481,0,0,1
BRDA:486,0,0,1
BRDA:491,0,0,1
BRDA:496,0,0,1
BRDA:499,0,0,1
BRDA:501,0,0,1
BRDA:511,0,0,1
BRDA:513,0,0,1
BRDA:514,0,0,1
BRDA:515,0,0,1
BRDA:522,0,0,1
BRDA:523,0,0,0
BRDA:531,0,0,1
BRDA:535,0,0,1
BRDA:537,0,0,1
BRDA:544,0,0,1
BRDA:560,0,0,1
BRDA:565,0,0,1
BRDA:570,0,0,1
BRDA:575,0,0,1
BRDA:598,0,0,1
BRDA:610,0,0,1
BRDA:611,0,0,1
BRDA:618,0,0,1
end_of_record
SF:lib/src/surfaces/tooltip_style.dart
DA:25,2
DA:82,1
DA:84,1
DA:85,2
DA:86,2
DA:87,2
DA:88,2
DA:89,2
DA:90,2
DA:91,2
DA:92,2
DA:93,2
DA:94,2
DA:95,2
DA:100,0
DA:112,0
DA:113,0
DA:114,0
DA:115,0
DA:116,0
DA:117,0
DA:118,0
DA:119,0
DA:120,0
DA:121,0
DA:122,0
DA:123,0
DA:130,1
DA:142,1
DA:143,1
DA:144,1
DA:145,1
DA:146,1
DA:147,1
DA:148,1
DA:149,1
DA:150,1
DA:151,1
DA:152,1
DA:153,1
DA:156,1
DA:157,1
DA:159,0
DA:161,0
DA:162,0
DA:163,0
DA:164,0
DA:165,0
DA:166,0
DA:167,0
DA:168,0
DA:169,0
DA:170,0
DA:171,0
DA:172,0
DA:174,0
DA:175,0
DA:176,0
DA:177,0
DA:178,0
DA:179,0
DA:180,0
DA:181,0
DA:182,0
DA:183,0
DA:184,0
DA:185,0
DA:186,0
LF:68
LH:29
BRDA:25,0,0,2
BRDA:82,0,0,1
BRDA:83,0,0,1
BRDA:100,0,0,0
BRDA:130,0,0,1
BRDA:156,0,0,1
BRDA:159,0,0,0
BRDA:174,0,0,0
end_of_record
